2024-09-07 15:37:41.660 [info] Extension host with pid 786631 started
2024-09-07 15:37:41.739 [info] ExtensionService#_doActivateExtension vscode.git-base, startup: true, activationEvent: '*', root cause: vscode.git
2024-09-07 15:37:41.757 [info] ExtensionService#_doActivateExtension vscode.git, startup: true, activationEvent: '*'
2024-09-07 15:37:41.794 [info] ExtensionService#_doActivateExtension vscode.github, startup: true, activationEvent: '*'
2024-09-07 15:37:41.827 [info] Eager extensions activated
2024-09-07 15:37:41.830 [info] ExtensionService#_doActivateExtension vscode.debug-auto-launch, startup: false, activationEvent: 'onStartupFinished'
2024-09-07 15:37:41.831 [info] ExtensionService#_doActivateExtension vscode.merge-conflict, startup: false, activationEvent: 'onStartupFinished'
2024-09-07 15:37:43.082 [info] ExtensionService#_doActivateExtension vscode.emmet, startup: false, activationEvent: 'onLanguage'
2024-09-07 15:38:08.605 [info] ExtensionService#_doActivateExtension jnoortheen.nix-ide, startup: false, activationEvent: 'onStartupFinished'
2024-09-07 15:39:40.536 [info] Extension host terminating: renderer closed the MessagePort
2024-09-07 15:39:40.539 [info] Extension host with pid 786631 exiting with code 0
2024-09-07 15:39:41.206 [info] Extension host with pid 790226 started
2024-09-07 15:39:41.206 [info] Skipping acquiring lock for /home/flugel/.config/VSCodium/User/workspaceStorage/917d5cce6cec492dae3619f5f852d8a5.
2024-09-07 15:39:41.220 [info] ExtensionService#_doActivateExtension vscode.git-base, startup: true, activationEvent: '*'
2024-09-07 15:39:41.225 [info] ExtensionService#_doActivateExtension vscode.github, startup: true, activationEvent: '*'
2024-09-07 15:39:41.231 [info] Eager extensions activated
2024-09-07 15:39:41.233 [info] ExtensionService#_doActivateExtension vscode.debug-auto-launch, startup: false, activationEvent: 'onStartupFinished'
2024-09-07 15:39:41.234 [info] ExtensionService#_doActivateExtension vscode.merge-conflict, startup: false, activationEvent: 'onStartupFinished'
2024-09-07 15:39:45.984 [info] ExtensionService#_doActivateExtension vscode.git, startup: false, activationEvent: 'api', root cause: vscode.github
2024-09-07 15:39:46.016 [info] ExtensionService#_doActivateExtension jnoortheen.nix-ide, startup: false, activationEvent: 'onStartupFinished'
2024-09-07 15:39:54.539 [info] ExtensionService#_doActivateExtension vscode.emmet, startup: false, activationEvent: 'onLanguage'
2024-09-07 15:39:54.568 [info] ExtensionService#_doActivateExtension vscode.github-authentication, startup: false, activationEvent: 'onAuthenticationRequest:github'
2024-09-08 21:48:45.661 [info] ExtensionService#_doActivateExtension vscode.media-preview, startup: false, activationEvent: 'onCustomEditor:imagePreview.previewEditor'
