2024-09-07 15:37:41.414 [info] Started local extension host with pid 786631.
2024-09-07 15:37:44.652 [info] [perf] Render performance baseline is 17ms
2024-09-07 15:38:08.616 [error] [Extension Host] TypeError: Cannot read properties of undefined (reading 'length')
	at n (/home/flugel/.vscode-oss/extensions/jnoortheen.nix-ide-0.3.3-universal/dist/extension.js:1:895)
	at Bi (/home/flugel/.vscode-oss/extensions/jnoortheen.nix-ide-0.3.3-universal/dist/extension.js:44:41680)
	at Ho.get (/home/flugel/.vscode-oss/extensions/jnoortheen.nix-ide-0.3.3-universal/dist/extension.js:44:41969)
	at get formatterPath (/home/flugel/.vscode-oss/extensions/jnoortheen.nix-ide-0.3.3-universal/dist/extension.js:44:42024)
	at Object.<anonymous> (/home/flugel/.vscode-oss/extensions/jnoortheen.nix-ide-0.3.3-universal/dist/extension.js:44:42252)
	at u._compile (/usr/share/vscodium/resources/app/out/bootstrap-fork.js:2:1257)
	at Module._extensions..js (node:internal/modules/cjs/loader:1432:10)
	at Module.load (node:internal/modules/cjs/loader:1215:32)
	at Module._load (node:internal/modules/cjs/loader:1031:12)
	at c._load (node:electron/js2c/node_init:2:13801)
	at w._load (/usr/share/vscodium/resources/app/out/vs/workbench/api/node/extensionHostProcess.js:177:7371)
	at i._load (/usr/share/vscodium/resources/app/out/vs/workbench/api/node/extensionHostProcess.js:174:38745)
	at o._load (/usr/share/vscodium/resources/app/out/vs/workbench/api/node/extensionHostProcess.js:139:44377)
	at Module.require (node:internal/modules/cjs/loader:1240:19)
	at require (node:internal/modules/helpers:179:18)
	at Function.i [as __$__nodeRequire] (/usr/share/vscodium/resources/app/out/bootstrap-fork.js:3:98)
	at m._loadCommonJSModule (/usr/share/vscodium/resources/app/out/vs/workbench/api/node/extensionHostProcess.js:174:40372)
	at async Promise.all (index 0)
2024-09-07 15:38:08.617 [error] [Extension Host] TypeError: Cannot read properties of undefined (reading 'length')
	at n (/home/flugel/.vscode-oss/extensions/jnoortheen.nix-ide-0.3.3-universal/dist/extension.js:1:895)
	at Bi (/home/flugel/.vscode-oss/extensions/jnoortheen.nix-ide-0.3.3-universal/dist/extension.js:44:41680)
	at Ho.get (/home/flugel/.vscode-oss/extensions/jnoortheen.nix-ide-0.3.3-universal/dist/extension.js:44:41969)
	at get formatterPath (/home/flugel/.vscode-oss/extensions/jnoortheen.nix-ide-0.3.3-universal/dist/extension.js:44:42024)
	at Object.<anonymous> (/home/flugel/.vscode-oss/extensions/jnoortheen.nix-ide-0.3.3-universal/dist/extension.js:44:42304)
	at u._compile (/usr/share/vscodium/resources/app/out/bootstrap-fork.js:2:1257)
	at Module._extensions..js (node:internal/modules/cjs/loader:1432:10)
	at Module.load (node:internal/modules/cjs/loader:1215:32)
	at Module._load (node:internal/modules/cjs/loader:1031:12)
	at c._load (node:electron/js2c/node_init:2:13801)
	at w._load (/usr/share/vscodium/resources/app/out/vs/workbench/api/node/extensionHostProcess.js:177:7371)
	at i._load (/usr/share/vscodium/resources/app/out/vs/workbench/api/node/extensionHostProcess.js:174:38745)
	at o._load (/usr/share/vscodium/resources/app/out/vs/workbench/api/node/extensionHostProcess.js:139:44377)
	at Module.require (node:internal/modules/cjs/loader:1240:19)
	at require (node:internal/modules/helpers:179:18)
	at Function.i [as __$__nodeRequire] (/usr/share/vscodium/resources/app/out/bootstrap-fork.js:3:98)
	at m._loadCommonJSModule (/usr/share/vscodium/resources/app/out/vs/workbench/api/node/extensionHostProcess.js:174:40372)
	at async Promise.all (index 0)
2024-09-07 15:39:41.055 [info] Started local extension host with pid 790226.
2024-09-07 15:39:43.918 [info] [perf] Render performance baseline is 16ms
2024-09-07 15:39:46.023 [error] [Extension Host] TypeError: Cannot read properties of undefined (reading 'replace')
	at n (/home/flugel/.vscode-oss/extensions/jnoortheen.nix-ide-0.3.3-universal/dist/extension.js:1:1152)
	at Bi (/home/flugel/.vscode-oss/extensions/jnoortheen.nix-ide-0.3.3-universal/dist/extension.js:44:41680)
	at Ho.get (/home/flugel/.vscode-oss/extensions/jnoortheen.nix-ide-0.3.3-universal/dist/extension.js:44:41969)
	at get formatterPath (/home/flugel/.vscode-oss/extensions/jnoortheen.nix-ide-0.3.3-universal/dist/extension.js:44:42024)
	at Object.<anonymous> (/home/flugel/.vscode-oss/extensions/jnoortheen.nix-ide-0.3.3-universal/dist/extension.js:44:42252)
	at u._compile (/usr/share/vscodium/resources/app/out/bootstrap-fork.js:2:1257)
	at Module._extensions..js (node:internal/modules/cjs/loader:1432:10)
	at Module.load (node:internal/modules/cjs/loader:1215:32)
	at Module._load (node:internal/modules/cjs/loader:1031:12)
	at c._load (node:electron/js2c/node_init:2:13801)
	at w._load (/usr/share/vscodium/resources/app/out/vs/workbench/api/node/extensionHostProcess.js:177:7371)
	at i._load (/usr/share/vscodium/resources/app/out/vs/workbench/api/node/extensionHostProcess.js:174:38745)
	at o._load (/usr/share/vscodium/resources/app/out/vs/workbench/api/node/extensionHostProcess.js:139:44377)
	at Module.require (node:internal/modules/cjs/loader:1240:19)
	at require (node:internal/modules/helpers:179:18)
	at Function.i [as __$__nodeRequire] (/usr/share/vscodium/resources/app/out/bootstrap-fork.js:3:98)
	at m._loadCommonJSModule (/usr/share/vscodium/resources/app/out/vs/workbench/api/node/extensionHostProcess.js:174:40372)
	at async Promise.all (index 0)
2024-09-07 15:39:46.024 [error] [Extension Host] TypeError: Cannot read properties of undefined (reading 'replace')
	at n (/home/flugel/.vscode-oss/extensions/jnoortheen.nix-ide-0.3.3-universal/dist/extension.js:1:1152)
	at Bi (/home/flugel/.vscode-oss/extensions/jnoortheen.nix-ide-0.3.3-universal/dist/extension.js:44:41680)
	at Ho.get (/home/flugel/.vscode-oss/extensions/jnoortheen.nix-ide-0.3.3-universal/dist/extension.js:44:41969)
	at get formatterPath (/home/flugel/.vscode-oss/extensions/jnoortheen.nix-ide-0.3.3-universal/dist/extension.js:44:42024)
	at Object.<anonymous> (/home/flugel/.vscode-oss/extensions/jnoortheen.nix-ide-0.3.3-universal/dist/extension.js:44:42304)
	at u._compile (/usr/share/vscodium/resources/app/out/bootstrap-fork.js:2:1257)
	at Module._extensions..js (node:internal/modules/cjs/loader:1432:10)
	at Module.load (node:internal/modules/cjs/loader:1215:32)
	at Module._load (node:internal/modules/cjs/loader:1031:12)
	at c._load (node:electron/js2c/node_init:2:13801)
	at w._load (/usr/share/vscodium/resources/app/out/vs/workbench/api/node/extensionHostProcess.js:177:7371)
	at i._load (/usr/share/vscodium/resources/app/out/vs/workbench/api/node/extensionHostProcess.js:174:38745)
	at o._load (/usr/share/vscodium/resources/app/out/vs/workbench/api/node/extensionHostProcess.js:139:44377)
	at Module.require (node:internal/modules/cjs/loader:1240:19)
	at require (node:internal/modules/helpers:179:18)
	at Function.i [as __$__nodeRequire] (/usr/share/vscodium/resources/app/out/bootstrap-fork.js:3:98)
	at m._loadCommonJSModule (/usr/share/vscodium/resources/app/out/vs/workbench/api/node/extensionHostProcess.js:174:40372)
	at async Promise.all (index 0)
