2024-09-07 15:37:41.376 [info] Added views:workbench.panel.markers.view in workbench.panel.markers
2024-09-07 15:37:41.376 [info] Added views:workbench.panel.output in workbench.panel.output
2024-09-07 15:37:41.376 [info] Added views:terminal in terminal
2024-09-07 15:37:41.376 [info] Added views:outline in workbench.view.explorer
2024-09-07 15:37:41.376 [info] Added views:workbench.scm in workbench.view.scm
2024-09-07 15:37:41.376 [info] Added views:workbench.view.search in workbench.view.search
2024-09-07 15:37:41.376 [info] Added views:timeline in workbench.view.explorer
2024-09-07 15:37:41.376 [info] Added views:workbench.explorer.emptyView in workbench.view.explorer
2024-09-07 15:37:41.441 [info] Added views:workbench.debug.variablesView,workbench.debug.watchExpressionsView,workbench.debug.callStackView,workbench.debug.breakPointsView in workbench.view.debug
2024-09-07 15:37:41.625 [info] Added views:~remote.forwardedPorts in ~remote.forwardedPortsContainer
2024-09-07 15:37:41.737 [info] Added views:workbench.panel.repl.view in workbench.panel.repl
2024-09-07 15:37:41.738 [info] Removed views:workbench.debug.breakPointsView,workbench.debug.callStackView,workbench.debug.watchExpressionsView,workbench.debug.variablesView from workbench.view.debug
2024-09-07 15:37:41.738 [info] Added views:workbench.debug.welcome in workbench.view.debug
2024-09-07 15:37:43.031 [info] Added views:workbench.views.extensions.installed,workbench.views.extensions.popular,extensions.recommendedList in workbench.view.extensions
2024-09-07 15:37:43.031 [info] Removed views:workbench.views.extensions.popular from workbench.view.extensions
2024-09-07 15:37:45.561 [info] Removed views:extensions.recommendedList,workbench.views.extensions.installed from workbench.view.extensions
2024-09-07 15:37:45.565 [info] Added views:workbench.views.extensions.marketplace in workbench.view.extensions
2024-09-07 15:39:41.017 [info] Added views:workbench.panel.markers.view in workbench.panel.markers
2024-09-07 15:39:41.017 [info] Added views:workbench.panel.output in workbench.panel.output
2024-09-07 15:39:41.017 [info] Added views:terminal in terminal
2024-09-07 15:39:41.017 [info] Added views:outline in workbench.view.explorer
2024-09-07 15:39:41.017 [info] Added views:workbench.scm in workbench.view.scm
2024-09-07 15:39:41.017 [info] Added views:workbench.view.search in workbench.view.search
2024-09-07 15:39:41.017 [info] Added views:timeline in workbench.view.explorer
2024-09-07 15:39:41.017 [info] Added views:workbench.explorer.fileView in workbench.view.explorer
2024-09-07 15:39:41.210 [info] Added views:workbench.debug.variablesView,workbench.debug.watchExpressionsView,workbench.debug.callStackView,workbench.debug.breakPointsView in workbench.view.debug
2024-09-07 15:39:41.219 [info] Added views:workbench.panel.repl.view in workbench.panel.repl
2024-09-07 15:39:41.220 [info] Removed views:workbench.debug.breakPointsView,workbench.debug.callStackView,workbench.debug.watchExpressionsView,workbench.debug.variablesView from workbench.view.debug
2024-09-07 15:39:41.220 [info] Added views:workbench.debug.welcome in workbench.view.debug
2024-09-07 15:39:41.249 [info] Added views:~remote.forwardedPorts in ~remote.forwardedPortsContainer
