2024-10-01 00:29:38.852 [info] Added views:workbench.panel.markers.view in workbench.panel.markers
2024-10-01 00:29:38.852 [info] Added views:workbench.panel.output in workbench.panel.output
2024-10-01 00:29:38.852 [info] Added views:terminal in terminal
2024-10-01 00:29:38.852 [info] Added views:outline in workbench.view.explorer
2024-10-01 00:29:38.852 [info] Added views:workbench.scm in workbench.view.scm
2024-10-01 00:29:38.852 [info] Added views:workbench.view.search in workbench.view.search
2024-10-01 00:29:38.852 [info] Added views:timeline in workbench.view.explorer
2024-10-01 00:29:38.852 [info] Added views:workbench.explorer.fileView in workbench.view.explorer
2024-10-01 00:29:38.958 [info] Added views:workbench.debug.variablesView,workbench.debug.watchExpressionsView,workbench.debug.callStackView,workbench.debug.breakPointsView in workbench.view.debug
2024-10-01 00:29:39.172 [info] Added views:workbench.panel.repl.view in workbench.panel.repl
2024-10-01 00:29:39.172 [info] Removed views:workbench.debug.breakPointsView,workbench.debug.callStackView,workbench.debug.watchExpressionsView,workbench.debug.variablesView from workbench.view.debug
2024-10-01 00:29:39.172 [info] Added views:workbench.debug.welcome in workbench.view.debug
2024-10-01 00:29:39.274 [info] Added views:~remote.forwardedPorts in ~remote.forwardedPortsContainer
2024-10-01 00:29:39.312 [info] Added views:workbench.scm.history in workbench.view.scm
2024-10-01 00:29:57.957 [info] Removed views:workbench.scm.history from workbench.view.scm
2024-10-01 00:29:58.158 [info] Added views:workbench.panel.markers.view in workbench.panel.markers
2024-10-01 00:29:58.158 [info] Added views:workbench.panel.output in workbench.panel.output
2024-10-01 00:29:58.158 [info] Added views:terminal in terminal
2024-10-01 00:29:58.158 [info] Added views:outline in workbench.view.explorer
2024-10-01 00:29:58.158 [info] Added views:workbench.scm in workbench.view.scm
2024-10-01 00:29:58.158 [info] Added views:workbench.view.search in workbench.view.search
2024-10-01 00:29:58.158 [info] Added views:timeline in workbench.view.explorer
2024-10-01 00:29:58.158 [info] Added views:workbench.explorer.emptyView in workbench.view.explorer
2024-10-01 00:29:58.219 [info] Added views:workbench.debug.variablesView,workbench.debug.watchExpressionsView,workbench.debug.callStackView,workbench.debug.breakPointsView in workbench.view.debug
2024-10-01 00:29:58.376 [info] Added views:~remote.forwardedPorts in ~remote.forwardedPortsContainer
2024-10-01 00:29:58.405 [info] Added views:workbench.panel.repl.view in workbench.panel.repl
2024-10-01 00:29:58.405 [info] Removed views:workbench.debug.breakPointsView,workbench.debug.callStackView,workbench.debug.watchExpressionsView,workbench.debug.variablesView from workbench.view.debug
2024-10-01 00:29:58.405 [info] Added views:workbench.debug.welcome in workbench.view.debug
2024-10-01 00:30:35.779 [info] Added views:workbench.panel.markers.view in workbench.panel.markers
2024-10-01 00:30:35.779 [info] Added views:workbench.panel.output in workbench.panel.output
2024-10-01 00:30:35.779 [info] Added views:terminal in terminal
2024-10-01 00:30:35.779 [info] Added views:outline in workbench.view.explorer
2024-10-01 00:30:35.779 [info] Added views:workbench.scm in workbench.view.scm
2024-10-01 00:30:35.779 [info] Added views:workbench.view.search in workbench.view.search
2024-10-01 00:30:35.779 [info] Added views:timeline in workbench.view.explorer
2024-10-01 00:30:35.779 [info] Added views:workbench.explorer.fileView in workbench.view.explorer
2024-10-01 00:30:35.822 [info] Added views:workbench.debug.variablesView,workbench.debug.watchExpressionsView,workbench.debug.callStackView,workbench.debug.breakPointsView in workbench.view.debug
2024-10-01 00:30:36.022 [info] Added views:~remote.forwardedPorts in ~remote.forwardedPortsContainer
2024-10-01 00:30:36.049 [info] Added views:workbench.panel.repl.view in workbench.panel.repl
2024-10-01 00:30:36.049 [info] Removed views:workbench.debug.breakPointsView,workbench.debug.callStackView,workbench.debug.watchExpressionsView,workbench.debug.variablesView from workbench.view.debug
2024-10-01 00:30:36.050 [info] Added views:workbench.debug.welcome in workbench.view.debug
2024-10-01 00:30:38.019 [info] Added views:workbench.scm.history in workbench.view.scm
2024-10-01 01:05:04.408 [info] Removed views:workbench.scm.history from workbench.view.scm
