2024-09-13 18:19:06.559 [info] [main] Log level: Info
2024-09-13 18:19:06.559 [info] [main] Validating found git in: "git"
2024-09-13 18:19:06.559 [info] [main] Using git "2.46.0" from "git"
2024-09-13 18:19:06.559 [info] [Model][doInitialScan] Initial repository scan started
2024-09-13 18:19:06.559 [info] > git rev-parse --show-toplevel [3ms]
2024-09-13 18:19:06.559 [info] > git rev-parse --git-dir --git-common-dir [0ms]
2024-09-13 18:19:06.559 [info] [Model][openRepository] Opened repository: /home/flugel/Repos
2024-09-13 18:19:06.568 [info] > git rev-parse --show-toplevel [3ms]
2024-09-13 18:19:06.568 [info] fatal: this operation must be run in a work tree
2024-09-13 18:19:06.568 [info] > git config --get commit.template [5ms]
2024-09-13 18:19:06.605 [info] > git for-each-ref --format=%(refname)%00%(upstream:short)%00%(objectname)%00%(upstream:track)%00%(upstream:remotename)%00%(upstream:remoteref) refs/heads/Rewrite refs/remotes/Rewrite [29ms]
2024-09-13 18:19:06.605 [info] > git rev-parse --show-toplevel [32ms]
2024-09-13 18:19:06.621 [info] > git rev-parse --show-toplevel [4ms]
2024-09-13 18:19:06.623 [info] > git status -z -uall [3ms]
2024-09-13 18:19:06.631 [info] > git for-each-ref --format=%(refname)%00%(upstream:short)%00%(objectname)%00%(upstream:track)%00%(upstream:remotename)%00%(upstream:remoteref) refs/heads/Rewrite refs/remotes/Rewrite [5ms]
2024-09-13 18:19:06.634 [info] > git rev-parse --show-toplevel [11ms]
2024-09-13 18:19:06.636 [info] > git config --get commit.template [5ms]
2024-09-13 18:19:06.636 [info] > git config --local branch.Rewrite.vscode-merge-base [2ms]
2024-09-13 18:19:06.641 [info] > git rev-parse --show-toplevel [5ms]
2024-09-13 18:19:06.644 [info] > git for-each-ref --format=%(refname)%00%(upstream:short)%00%(objectname)%00%(upstream:track)%00%(upstream:remotename)%00%(upstream:remoteref) refs/heads/origin/main refs/remotes/origin/main [5ms]
2024-09-13 18:19:06.648 [info] > git merge-base refs/heads/Rewrite refs/remotes/origin/Rewrite [1ms]
2024-09-13 18:19:06.651 [info] > git rev-parse --show-toplevel [7ms]
2024-09-13 18:19:06.651 [info] > git for-each-ref --format=%(refname)%00%(upstream:short)%00%(objectname)%00%(upstream:track)%00%(upstream:remotename)%00%(upstream:remoteref) refs/heads/Rewrite refs/remotes/Rewrite [10ms]
2024-09-13 18:19:06.659 [info] > git rev-list --count --left-right refs/heads/Rewrite...refs/remotes/origin/Rewrite [8ms]
2024-09-13 18:19:06.664 [info] > git diff --name-status -z --diff-filter=ADMR 8a33a7b4dc52883b3c54053674fd0b17e53f378e...refs/remotes/origin/Rewrite [3ms]
2024-09-13 18:19:06.664 [info] > git rev-parse --show-toplevel [6ms]
2024-09-13 18:19:06.670 [info] > git rev-parse --show-toplevel [3ms]
2024-09-13 18:19:06.670 [info] [Model][doInitialScan] Initial repository scan completed - repositories (1), closed repositories (0), parent repositories (0), unsafe repositories (0)
2024-09-13 18:19:06.671 [info] > git status -z -uall [2ms]
2024-09-13 18:19:06.675 [info] > git for-each-ref --format=%(refname)%00%(upstream:short)%00%(objectname)%00%(upstream:track)%00%(upstream:remotename)%00%(upstream:remoteref) refs/heads/Rewrite refs/remotes/Rewrite [2ms]
2024-09-13 18:19:06.678 [info] > git config --local branch.Rewrite.vscode-merge-base [1ms]
2024-09-13 18:19:06.681 [info] > git for-each-ref --format=%(refname)%00%(upstream:short)%00%(objectname)%00%(upstream:track)%00%(upstream:remotename)%00%(upstream:remoteref) refs/heads/origin/main refs/remotes/origin/main [1ms]
2024-09-13 18:19:06.876 [info] > git show --textconv :.git/COMMIT_EDITMSG [3ms]
2024-09-13 18:19:06.876 [info] > git ls-files --stage -- /home/flugel/Repos/.git/COMMIT_EDITMSG [1ms]
2024-09-13 18:19:07.111 [info] > git check-ignore -v -z --stdin [1ms]
2024-09-13 18:19:14.177 [info] > git merge-base --octopus refs/remotes/origin/main refs/heads/Rewrite refs/remotes/origin/Rewrite [1ms]
2024-09-13 18:19:14.184 [info] > git show -s --decorate=full --shortstat --format=%H%n%aN%n%aE%n%at%n%ct%n%P%n%D%n%B -z adf1eb576d2ca59a4dfa17065505823730ae8d5c [4ms]
2024-09-13 18:19:14.185 [info] > git log --format=%H%n%aN%n%aE%n%at%n%ct%n%P%n%D%n%B -z --shortstat --diff-merges=first-parent adf1eb576d2ca59a4dfa17065505823730ae8d5c.. --topo-order --decorate=full refs/heads/Rewrite refs/remotes/origin/Rewrite refs/remotes/origin/main [2ms]
2024-09-13 18:19:14.233 [info] > git merge-base --octopus refs/remotes/origin/main refs/heads/Rewrite refs/remotes/origin/Rewrite [1ms]
2024-09-13 18:19:14.266 [info] > git show -s --decorate=full --shortstat --format=%H%n%aN%n%aE%n%at%n%ct%n%P%n%D%n%B -z adf1eb576d2ca59a4dfa17065505823730ae8d5c [3ms]
2024-09-13 18:19:14.267 [info] > git log --format=%H%n%aN%n%aE%n%at%n%ct%n%P%n%D%n%B -z --shortstat --diff-merges=first-parent adf1eb576d2ca59a4dfa17065505823730ae8d5c.. --topo-order --decorate=full refs/heads/Rewrite refs/remotes/origin/Rewrite refs/remotes/origin/main [1ms]
2024-09-13 18:19:17.909 [info] > git -c user.useConfigOnly=true commit --quiet --allow-empty-message --file - [3ms]
2024-09-13 18:19:17.912 [info] > git config --get commit.template [0ms]
2024-09-13 18:19:17.918 [info] > git config --get commit.template [3ms]
2024-09-13 18:19:17.919 [info] > git for-each-ref --format=%(refname)%00%(upstream:short)%00%(objectname)%00%(upstream:track)%00%(upstream:remotename)%00%(upstream:remoteref) refs/heads/Rewrite refs/remotes/Rewrite [1ms]
2024-09-13 18:19:17.924 [info] > git status -z -uall [2ms]
2024-09-13 18:19:17.930 [info] > git for-each-ref --format=%(refname)%00%(upstream:short)%00%(objectname)%00%(upstream:track)%00%(upstream:remotename)%00%(upstream:remoteref) refs/heads/Rewrite refs/remotes/Rewrite [2ms]
2024-09-13 18:19:17.933 [info] > git config --local branch.Rewrite.vscode-merge-base [1ms]
2024-09-13 18:19:17.937 [info] > git for-each-ref --format=%(refname)%00%(upstream:short)%00%(objectname)%00%(upstream:track)%00%(upstream:remotename)%00%(upstream:remoteref) refs/heads/origin/main refs/remotes/origin/main [0ms]
2024-09-13 18:19:17.940 [info] > git merge-base refs/heads/Rewrite refs/remotes/origin/Rewrite [1ms]
2024-09-13 18:19:17.944 [info] > git rev-list --count --left-right refs/heads/Rewrite...refs/remotes/origin/Rewrite [1ms]
2024-09-13 18:19:17.947 [info] > git diff --name-status -z --diff-filter=ADMR 8a33a7b4dc52883b3c54053674fd0b17e53f378e...refs/remotes/origin/Rewrite [1ms]
2024-09-13 18:19:17.982 [info] > git merge-base --octopus refs/remotes/origin/main refs/heads/Rewrite refs/remotes/origin/Rewrite [1ms]
2024-09-13 18:19:17.982 [info] > git config --get commit.template [6ms]
2024-09-13 18:19:17.994 [info] > git show -s --decorate=full --shortstat --format=%H%n%aN%n%aE%n%at%n%ct%n%P%n%D%n%B -z adf1eb576d2ca59a4dfa17065505823730ae8d5c [4ms]
2024-09-13 18:19:17.994 [info] > git for-each-ref --format=%(refname)%00%(upstream:short)%00%(objectname)%00%(upstream:track)%00%(upstream:remotename)%00%(upstream:remoteref) refs/heads/Rewrite refs/remotes/Rewrite [8ms]
2024-09-13 18:19:17.998 [info] > git log --format=%H%n%aN%n%aE%n%at%n%ct%n%P%n%D%n%B -z --shortstat --diff-merges=first-parent adf1eb576d2ca59a4dfa17065505823730ae8d5c.. --topo-order --decorate=full refs/heads/Rewrite refs/remotes/origin/Rewrite refs/remotes/origin/main [5ms]
2024-09-13 18:19:17.999 [info] > git status -z -uall [1ms]
2024-09-13 18:19:18.004 [info] > git for-each-ref --format=%(refname)%00%(upstream:short)%00%(objectname)%00%(upstream:track)%00%(upstream:remotename)%00%(upstream:remoteref) refs/heads/Rewrite refs/remotes/Rewrite [1ms]
2024-09-13 18:19:18.009 [info] > git config --local branch.Rewrite.vscode-merge-base [2ms]
2024-09-13 18:19:18.012 [info] > git for-each-ref --format=%(refname)%00%(upstream:short)%00%(objectname)%00%(upstream:track)%00%(upstream:remotename)%00%(upstream:remoteref) refs/heads/origin/main refs/remotes/origin/main [1ms]
2024-09-13 18:19:19.093 [info] > git config --get commit.template [3ms]
2024-09-13 18:19:19.094 [info] > git for-each-ref --format=%(refname)%00%(upstream:short)%00%(objectname)%00%(upstream:track)%00%(upstream:remotename)%00%(upstream:remoteref) refs/heads/Rewrite refs/remotes/Rewrite [1ms]
2024-09-13 18:19:19.099 [info] > git status -z -uall [2ms]
2024-09-13 18:19:19.103 [info] > git for-each-ref --format=%(refname)%00%(upstream:short)%00%(objectname)%00%(upstream:track)%00%(upstream:remotename)%00%(upstream:remoteref) refs/heads/Rewrite refs/remotes/Rewrite [2ms]
2024-09-13 18:19:19.106 [info] > git config --local branch.Rewrite.vscode-merge-base [0ms]
2024-09-13 18:19:19.110 [info] > git for-each-ref --format=%(refname)%00%(upstream:short)%00%(objectname)%00%(upstream:track)%00%(upstream:remotename)%00%(upstream:remoteref) refs/heads/origin/main refs/remotes/origin/main [1ms]
2024-09-13 18:19:19.191 [info] > git ls-files --stage -- /home/flugel/Repos/.git/COMMIT_EDITMSG [1ms]
2024-09-13 18:19:19.195 [info] > git show --textconv :.git/COMMIT_EDITMSG [1ms]
2024-09-13 18:19:31.331 [info] > git log --oneline --cherry Rewrite...Rewrite@{upstream} -- [1ms]
2024-09-13 18:19:31.443 [info] > git pull --tags origin Rewrite [107ms]
2024-09-13 18:19:31.443 [info] From https://github.com/ShadowReaper420/NixOS
 * branch            Rewrite    -> FETCH_HEAD
2024-09-13 18:19:33.089 [info] > git ls-files --stage -- /home/flugel/Repos/.git/COMMIT_EDITMSG [0ms]
2024-09-13 18:19:33.094 [info] > git show --textconv :.git/COMMIT_EDITMSG [1ms]
2024-09-13 18:20:18.983 [info] > git push origin Rewrite:Rewrite [47537ms]
2024-09-13 18:20:18.983 [info] To https://github.com/ShadowReaper420/NixOS
   8a33a7b..519398a  Rewrite -> Rewrite
2024-09-13 18:20:18.993 [info] > git config --get commit.template [5ms]
2024-09-13 18:20:18.993 [info] > git for-each-ref --format=%(refname)%00%(upstream:short)%00%(objectname)%00%(upstream:track)%00%(upstream:remotename)%00%(upstream:remoteref) refs/heads/Rewrite refs/remotes/Rewrite [1ms]
2024-09-13 18:20:18.999 [info] > git status -z -uall [1ms]
2024-09-13 18:20:19.005 [info] > git for-each-ref --format=%(refname)%00%(upstream:short)%00%(objectname)%00%(upstream:track)%00%(upstream:remotename)%00%(upstream:remoteref) refs/heads/Rewrite refs/remotes/Rewrite [2ms]
2024-09-13 18:20:19.010 [info] > git config --local branch.Rewrite.vscode-merge-base [0ms]
2024-09-13 18:20:19.014 [info] > git for-each-ref --format=%(refname)%00%(upstream:short)%00%(objectname)%00%(upstream:track)%00%(upstream:remotename)%00%(upstream:remoteref) refs/heads/origin/main refs/remotes/origin/main [1ms]
2024-09-13 18:20:19.018 [info] > git merge-base refs/heads/Rewrite refs/remotes/origin/Rewrite [0ms]
2024-09-13 18:20:19.023 [info] > git rev-list --count --left-right refs/heads/Rewrite...refs/remotes/origin/Rewrite [1ms]
2024-09-13 18:20:19.028 [info] > git diff --name-status -z --diff-filter=ADMR 519398a530c6f82619a27ae5dabb22f289530c9b...refs/remotes/origin/Rewrite [1ms]
2024-09-13 18:20:19.042 [info] > git merge-base --octopus refs/remotes/origin/main refs/heads/Rewrite refs/remotes/origin/Rewrite [1ms]
2024-09-13 18:20:19.053 [info] > git show -s --decorate=full --shortstat --format=%H%n%aN%n%aE%n%at%n%ct%n%P%n%D%n%B -z adf1eb576d2ca59a4dfa17065505823730ae8d5c [4ms]
2024-09-13 18:20:19.054 [info] > git log --format=%H%n%aN%n%aE%n%at%n%ct%n%P%n%D%n%B -z --shortstat --diff-merges=first-parent adf1eb576d2ca59a4dfa17065505823730ae8d5c.. --topo-order --decorate=full refs/heads/Rewrite refs/remotes/origin/Rewrite refs/remotes/origin/main [1ms]
2024-09-13 18:20:20.070 [info] > git config --get commit.template [5ms]
2024-09-13 18:20:20.070 [info] > git for-each-ref --format=%(refname)%00%(upstream:short)%00%(objectname)%00%(upstream:track)%00%(upstream:remotename)%00%(upstream:remoteref) refs/heads/Rewrite refs/remotes/Rewrite [1ms]
2024-09-13 18:20:20.075 [info] > git status -z -uall [1ms]
2024-09-13 18:20:20.081 [info] > git for-each-ref --format=%(refname)%00%(upstream:short)%00%(objectname)%00%(upstream:track)%00%(upstream:remotename)%00%(upstream:remoteref) refs/heads/Rewrite refs/remotes/Rewrite [1ms]
2024-09-13 18:20:20.085 [info] > git config --local branch.Rewrite.vscode-merge-base [1ms]
2024-09-13 18:20:20.089 [info] > git for-each-ref --format=%(refname)%00%(upstream:short)%00%(objectname)%00%(upstream:track)%00%(upstream:remotename)%00%(upstream:remoteref) refs/heads/origin/main refs/remotes/origin/main [0ms]
2024-09-13 18:20:20.166 [info] > git ls-files --stage -- /home/flugel/Repos/.git/COMMIT_EDITMSG [1ms]
2024-09-13 18:20:20.172 [info] > git show --textconv :.git/COMMIT_EDITMSG [1ms]
2024-09-13 18:24:47.222 [info] > git show --textconv :Nixos/flake.nix [3ms]
2024-09-13 18:24:47.223 [info] > git ls-files --stage -- /home/flugel/Repos/Nixos/flake.nix [1ms]
2024-09-13 18:24:47.227 [info] > git cat-file -s be35503d300f08f80a10ae108606a1818b705717 [1ms]
2024-09-13 18:27:32.545 [info] > git config --get commit.template [5ms]
2024-09-13 18:27:32.545 [info] > git for-each-ref --format=%(refname)%00%(upstream:short)%00%(objectname)%00%(upstream:track)%00%(upstream:remotename)%00%(upstream:remoteref) refs/heads/Rewrite refs/remotes/Rewrite [1ms]
2024-09-13 18:27:32.551 [info] > git status -z -uall [1ms]
2024-09-13 18:27:32.557 [info] > git for-each-ref --format=%(refname)%00%(upstream:short)%00%(objectname)%00%(upstream:track)%00%(upstream:remotename)%00%(upstream:remoteref) refs/heads/Rewrite refs/remotes/Rewrite [2ms]
2024-09-13 18:27:32.561 [info] > git config --local branch.Rewrite.vscode-merge-base [0ms]
2024-09-13 18:27:32.566 [info] > git for-each-ref --format=%(refname)%00%(upstream:short)%00%(objectname)%00%(upstream:track)%00%(upstream:remotename)%00%(upstream:remoteref) refs/heads/origin/main refs/remotes/origin/main [1ms]
2024-09-13 18:27:41.951 [info] > git add -A -- . [2ms]
2024-09-13 18:27:42.264 [info] > git show --textconv :.git/COMMIT_EDITMSG [5ms]
2024-09-13 18:27:42.264 [info] > git ls-files --stage -- /home/flugel/Repos/.git/COMMIT_EDITMSG [1ms]
2024-09-13 18:27:43.243 [info] > git ls-files --stage -- /home/flugel/Repos/.git/COMMIT_EDITMSG [1ms]
2024-09-13 18:27:43.248 [info] > git show --textconv :.git/COMMIT_EDITMSG [0ms]
2024-09-13 18:27:51.444 [info] > git -c user.useConfigOnly=true commit --quiet [9489ms]
2024-09-13 18:27:51.455 [info] > git config --get commit.template [6ms]
2024-09-13 18:27:51.455 [info] > git for-each-ref --format=%(refname)%00%(upstream:short)%00%(objectname)%00%(upstream:track)%00%(upstream:remotename)%00%(upstream:remoteref) refs/heads/Rewrite refs/remotes/Rewrite [1ms]
2024-09-13 18:27:51.461 [info] > git status -z -uall [1ms]
2024-09-13 18:27:51.468 [info] > git for-each-ref --format=%(refname)%00%(upstream:short)%00%(objectname)%00%(upstream:track)%00%(upstream:remotename)%00%(upstream:remoteref) refs/heads/Rewrite refs/remotes/Rewrite [3ms]
2024-09-13 18:27:51.474 [info] > git config --local branch.Rewrite.vscode-merge-base [0ms]
2024-09-13 18:27:51.479 [info] > git for-each-ref --format=%(refname)%00%(upstream:short)%00%(objectname)%00%(upstream:track)%00%(upstream:remotename)%00%(upstream:remoteref) refs/heads/origin/main refs/remotes/origin/main [0ms]
2024-09-13 18:27:51.485 [info] > git merge-base refs/heads/Rewrite refs/remotes/origin/Rewrite [1ms]
2024-09-13 18:27:51.490 [info] > git rev-list --count --left-right refs/heads/Rewrite...refs/remotes/origin/Rewrite [1ms]
2024-09-13 18:27:51.496 [info] > git diff --name-status -z --diff-filter=ADMR 519398a530c6f82619a27ae5dabb22f289530c9b...refs/remotes/origin/Rewrite [1ms]
2024-09-13 18:27:51.515 [info] > git config --get commit.template [6ms]
2024-09-13 18:27:51.515 [info] > git merge-base --octopus refs/remotes/origin/main refs/heads/Rewrite refs/remotes/origin/Rewrite [1ms]
2024-09-13 18:27:51.528 [info] > git show -s --decorate=full --shortstat --format=%H%n%aN%n%aE%n%at%n%ct%n%P%n%D%n%B -z adf1eb576d2ca59a4dfa17065505823730ae8d5c [4ms]
2024-09-13 18:27:51.528 [info] > git for-each-ref --format=%(refname)%00%(upstream:short)%00%(objectname)%00%(upstream:track)%00%(upstream:remotename)%00%(upstream:remoteref) refs/heads/Rewrite refs/remotes/Rewrite [8ms]
2024-09-13 18:27:51.532 [info] > git log --format=%H%n%aN%n%aE%n%at%n%ct%n%P%n%D%n%B -z --shortstat --diff-merges=first-parent adf1eb576d2ca59a4dfa17065505823730ae8d5c.. --topo-order --decorate=full refs/heads/Rewrite refs/remotes/origin/Rewrite refs/remotes/origin/main [5ms]
2024-09-13 18:27:51.533 [info] > git status -z -uall [2ms]
2024-09-13 18:27:51.537 [info] > git for-each-ref --format=%(refname)%00%(upstream:short)%00%(objectname)%00%(upstream:track)%00%(upstream:remotename)%00%(upstream:remoteref) refs/heads/Rewrite refs/remotes/Rewrite [1ms]
2024-09-13 18:27:51.542 [info] > git config --local branch.Rewrite.vscode-merge-base [1ms]
2024-09-13 18:27:51.546 [info] > git for-each-ref --format=%(refname)%00%(upstream:short)%00%(objectname)%00%(upstream:track)%00%(upstream:remotename)%00%(upstream:remoteref) refs/heads/origin/main refs/remotes/origin/main [1ms]
2024-09-13 18:27:51.844 [info] > git show --textconv :Nixos/flake.nix [4ms]
2024-09-13 18:27:51.845 [info] > git ls-files --stage -- /home/flugel/Repos/Nixos/flake.nix [1ms]
2024-09-13 18:27:51.849 [info] > git cat-file -s a72174b429666daa0864019e66a3bc229b9e4a46 [1ms]
2024-09-13 18:27:52.630 [info] > git config --get commit.template [5ms]
2024-09-13 18:27:52.631 [info] > git for-each-ref --format=%(refname)%00%(upstream:short)%00%(objectname)%00%(upstream:track)%00%(upstream:remotename)%00%(upstream:remoteref) refs/heads/Rewrite refs/remotes/Rewrite [1ms]
2024-09-13 18:27:52.637 [info] > git status -z -uall [2ms]
2024-09-13 18:27:52.642 [info] > git for-each-ref --format=%(refname)%00%(upstream:short)%00%(objectname)%00%(upstream:track)%00%(upstream:remotename)%00%(upstream:remoteref) refs/heads/Rewrite refs/remotes/Rewrite [1ms]
2024-09-13 18:27:52.646 [info] > git config --local branch.Rewrite.vscode-merge-base [1ms]
2024-09-13 18:27:52.651 [info] > git for-each-ref --format=%(refname)%00%(upstream:short)%00%(objectname)%00%(upstream:track)%00%(upstream:remotename)%00%(upstream:remoteref) refs/heads/origin/main refs/remotes/origin/main [1ms]
2024-09-13 18:27:52.726 [info] > git ls-files --stage -- /home/flugel/Repos/Nixos/flake.nix [1ms]
2024-09-13 18:27:52.731 [info] > git cat-file -s a72174b429666daa0864019e66a3bc229b9e4a46 [1ms]
2024-09-13 18:27:52.737 [info] > git show --textconv :Nixos/flake.nix [1ms]
2024-09-13 18:27:55.389 [info] > git log --oneline --cherry Rewrite...Rewrite@{upstream} -- [1ms]
2024-09-13 18:27:55.496 [info] > git pull --tags origin Rewrite [103ms]
2024-09-13 18:27:55.496 [info] From https://github.com/ShadowReaper420/NixOS
 * branch            Rewrite    -> FETCH_HEAD
2024-09-13 18:27:56.110 [info] > git push origin Rewrite:Rewrite [609ms]
2024-09-13 18:27:56.110 [info] To https://github.com/ShadowReaper420/NixOS
   519398a..3a7c751  Rewrite -> Rewrite
2024-09-13 18:27:56.119 [info] > git config --get commit.template [4ms]
2024-09-13 18:27:56.120 [info] > git for-each-ref --format=%(refname)%00%(upstream:short)%00%(objectname)%00%(upstream:track)%00%(upstream:remotename)%00%(upstream:remoteref) refs/heads/Rewrite refs/remotes/Rewrite [1ms]
2024-09-13 18:27:56.126 [info] > git status -z -uall [2ms]
2024-09-13 18:27:56.131 [info] > git for-each-ref --format=%(refname)%00%(upstream:short)%00%(objectname)%00%(upstream:track)%00%(upstream:remotename)%00%(upstream:remoteref) refs/heads/Rewrite refs/remotes/Rewrite [1ms]
2024-09-13 18:27:56.136 [info] > git config --local branch.Rewrite.vscode-merge-base [1ms]
2024-09-13 18:27:56.141 [info] > git for-each-ref --format=%(refname)%00%(upstream:short)%00%(objectname)%00%(upstream:track)%00%(upstream:remotename)%00%(upstream:remoteref) refs/heads/origin/main refs/remotes/origin/main [1ms]
2024-09-13 18:27:56.149 [info] > git merge-base refs/heads/Rewrite refs/remotes/origin/Rewrite [4ms]
2024-09-13 18:27:56.153 [info] > git merge-base --octopus refs/remotes/origin/main refs/heads/Rewrite refs/remotes/origin/Rewrite [4ms]
2024-09-13 18:27:56.154 [info] > git rev-list --count --left-right refs/heads/Rewrite...refs/remotes/origin/Rewrite [1ms]
2024-09-13 18:27:56.165 [info] > git show -s --decorate=full --shortstat --format=%H%n%aN%n%aE%n%at%n%ct%n%P%n%D%n%B -z adf1eb576d2ca59a4dfa17065505823730ae8d5c [3ms]
2024-09-13 18:27:56.165 [info] > git diff --name-status -z --diff-filter=ADMR 3a7c751178382351f3a178095de2d05b56a22d3e...refs/remotes/origin/Rewrite [8ms]
2024-09-13 18:27:56.166 [info] > git log --format=%H%n%aN%n%aE%n%at%n%ct%n%P%n%D%n%B -z --shortstat --diff-merges=first-parent adf1eb576d2ca59a4dfa17065505823730ae8d5c.. --topo-order --decorate=full refs/heads/Rewrite refs/remotes/origin/Rewrite refs/remotes/origin/main [2ms]
2024-09-13 18:27:57.289 [info] > git ls-files --stage -- /home/flugel/Repos/Nixos/flake.nix [0ms]
2024-09-13 18:27:57.294 [info] > git cat-file -s a72174b429666daa0864019e66a3bc229b9e4a46 [1ms]
2024-09-13 18:27:57.299 [info] > git show --textconv :Nixos/flake.nix [0ms]
2024-09-13 18:27:57.653 [info] > git config --get commit.template [5ms]
2024-09-13 18:27:57.653 [info] > git for-each-ref --format=%(refname)%00%(upstream:short)%00%(objectname)%00%(upstream:track)%00%(upstream:remotename)%00%(upstream:remoteref) refs/heads/Rewrite refs/remotes/Rewrite [1ms]
2024-09-13 18:27:57.659 [info] > git status -z -uall [1ms]
2024-09-13 18:27:57.664 [info] > git for-each-ref --format=%(refname)%00%(upstream:short)%00%(objectname)%00%(upstream:track)%00%(upstream:remotename)%00%(upstream:remoteref) refs/heads/Rewrite refs/remotes/Rewrite [1ms]
2024-09-13 18:27:57.668 [info] > git config --local branch.Rewrite.vscode-merge-base [0ms]
2024-09-13 18:27:57.673 [info] > git for-each-ref --format=%(refname)%00%(upstream:short)%00%(objectname)%00%(upstream:track)%00%(upstream:remotename)%00%(upstream:remoteref) refs/heads/origin/main refs/remotes/origin/main [1ms]
2024-09-13 18:35:40.569 [info] > git config --get commit.template [4ms]
2024-09-13 18:35:40.570 [info] > git for-each-ref --format=%(refname)%00%(upstream:short)%00%(objectname)%00%(upstream:track)%00%(upstream:remotename)%00%(upstream:remoteref) refs/heads/Rewrite refs/remotes/Rewrite [1ms]
2024-09-13 18:35:40.575 [info] > git status -z -uall [2ms]
2024-09-13 18:35:40.580 [info] > git for-each-ref --format=%(refname)%00%(upstream:short)%00%(objectname)%00%(upstream:track)%00%(upstream:remotename)%00%(upstream:remoteref) refs/heads/Rewrite refs/remotes/Rewrite [1ms]
2024-09-13 18:35:40.584 [info] > git config --local branch.Rewrite.vscode-merge-base [0ms]
2024-09-13 18:35:40.589 [info] > git for-each-ref --format=%(refname)%00%(upstream:short)%00%(objectname)%00%(upstream:track)%00%(upstream:remotename)%00%(upstream:remoteref) refs/heads/origin/main refs/remotes/origin/main [1ms]
2024-09-13 19:16:46.421 [info] > git merge-base --octopus refs/remotes/origin/main refs/heads/Rewrite refs/remotes/origin/Rewrite [1ms]
2024-09-13 19:16:46.430 [info] > git show -s --decorate=full --shortstat --format=%H%n%aN%n%aE%n%at%n%ct%n%P%n%D%n%B -z adf1eb576d2ca59a4dfa17065505823730ae8d5c [5ms]
2024-09-13 19:16:46.432 [info] > git log --format=%H%n%aN%n%aE%n%at%n%ct%n%P%n%D%n%B -z --shortstat --diff-merges=first-parent adf1eb576d2ca59a4dfa17065505823730ae8d5c.. --topo-order --decorate=full refs/heads/Rewrite refs/remotes/origin/Rewrite refs/remotes/origin/main [2ms]
