2024-09-10 14:34:11.963 [info] [main] Log level: Info
2024-09-10 14:34:11.963 [info] [main] Validating found git in: "git"
2024-09-10 14:34:11.963 [info] [main] Using git "2.46.0" from "git"
2024-09-10 14:34:11.963 [info] [Model][doInitialScan] Initial repository scan started
2024-09-10 14:34:11.973 [info] > git rev-parse --show-toplevel [5ms]
2024-09-10 14:34:11.976 [info] > git rev-parse --git-dir --git-common-dir [1ms]
2024-09-10 14:34:11.980 [info] [Model][openRepository] Opened repository: /home/flugel/Repos
2024-09-10 14:34:11.993 [info] > git rev-parse --show-toplevel [6ms]
2024-09-10 14:34:11.993 [info] > git config --get commit.template [9ms]
2024-09-10 14:34:12.000 [info] > git for-each-ref --format=%(refname)%00%(upstream:short)%00%(objectname)%00%(upstream:track)%00%(upstream:remotename)%00%(upstream:remoteref) refs/heads/main refs/remotes/main [2ms]
2024-09-10 14:34:12.000 [info] > git rev-parse --show-toplevel [4ms]
2024-09-10 14:34:12.006 [info] > git rev-parse --show-toplevel [3ms]
2024-09-10 14:34:12.009 [info] > git rev-parse --show-toplevel [1ms]
2024-09-10 14:34:12.013 [info] > git status -z -uall [8ms]
2024-09-10 14:34:12.013 [info] > git rev-parse --show-toplevel [1ms]
2024-09-10 14:34:12.023 [info] > git for-each-ref --format=%(refname)%00%(upstream:short)%00%(objectname)%00%(upstream:track)%00%(upstream:remotename)%00%(upstream:remoteref) refs/heads/main refs/remotes/main [8ms]
2024-09-10 14:34:12.027 [info] > git config --local branch.main.vscode-merge-base [1ms]
2024-09-10 14:34:12.030 [info] > git config --get commit.template [7ms]
2024-09-10 14:34:12.030 [info] > git rev-parse --show-toplevel [10ms]
2024-09-10 14:34:12.033 [info] > git for-each-ref --format=%(refname)%00%(upstream:short)%00%(objectname)%00%(upstream:track)%00%(upstream:remotename)%00%(upstream:remoteref) refs/heads/origin/main refs/remotes/origin/main [4ms]
2024-09-10 14:34:12.038 [info] > git rev-parse --show-toplevel [5ms]
2024-09-10 14:34:12.040 [info] > git merge-base refs/heads/main refs/remotes/origin/main [5ms]
2024-09-10 14:34:12.042 [info] > git rev-parse --show-toplevel [2ms]
2024-09-10 14:34:12.042 [info] > git for-each-ref --format=%(refname)%00%(upstream:short)%00%(objectname)%00%(upstream:track)%00%(upstream:remotename)%00%(upstream:remoteref) refs/heads/main refs/remotes/main [4ms]
2024-09-10 14:34:12.045 [info] > git rev-list --count --left-right refs/heads/main...refs/remotes/origin/main [3ms]
2024-09-10 14:34:12.048 [info] > git rev-parse --show-toplevel [3ms]
2024-09-10 14:34:12.048 [info] [Model][doInitialScan] Initial repository scan completed - repositories (1), closed repositories (0), parent repositories (0), unsafe repositories (0)
2024-09-10 14:34:12.050 [info] > git diff --name-status -z --diff-filter=ADMR 8246b7edc9c34ad12d3c7581efc661584786f8ed...refs/remotes/origin/main [3ms]
2024-09-10 14:34:12.051 [info] > git status -z -uall [1ms]
2024-09-10 14:34:12.056 [info] > git for-each-ref --format=%(refname)%00%(upstream:short)%00%(objectname)%00%(upstream:track)%00%(upstream:remotename)%00%(upstream:remoteref) refs/heads/main refs/remotes/main [3ms]
2024-09-10 14:34:12.067 [info] > git config --local branch.main.vscode-merge-base [9ms]
2024-09-10 14:34:12.071 [info] > git for-each-ref --format=%(refname)%00%(upstream:short)%00%(objectname)%00%(upstream:track)%00%(upstream:remotename)%00%(upstream:remoteref) refs/heads/origin/main refs/remotes/origin/main [2ms]
2024-09-10 14:34:12.289 [info] > git show --textconv :Nixos/modules/home-manager/Desktops/WM/Wayland Dotfiles/rofi/wallbash.rasi [3ms]
2024-09-10 14:34:12.290 [info] > git ls-files --stage -- /home/flugel/Repos/Nixos/modules/home-manager/Desktops/WM/Wayland Dotfiles/rofi/wallbash.rasi [1ms]
2024-09-10 14:34:12.293 [info] > git cat-file -s ca2ffc7cd501010bc2389ae26e6f729104a269df [1ms]
2024-09-10 14:34:12.505 [info] > git check-ignore -v -z --stdin [1ms]
2024-09-10 14:34:19.509 [info] > git show --textconv :Nixos/modules/home-manager/Desktops/WM/Hyprland/Hyprland.nix [3ms]
2024-09-10 14:34:19.510 [info] > git ls-files --stage -- /home/flugel/Repos/Nixos/modules/home-manager/Desktops/WM/Hyprland/Hyprland.nix [1ms]
2024-09-10 14:57:19.758 [info] > git check-ignore -v -z --stdin [1ms]
2024-09-10 14:57:21.091 [info] > git ls-files --stage -- /home/flugel/Repos/Nixos/modules/home-manager/Desktops/WM/Wayland-Utils/Wayland-utils.nix [1ms]
2024-09-10 14:57:21.096 [info] > git cat-file -s 9c387c73da886f15bb6f376f5bd8d5d417051a08 [2ms]
2024-09-10 14:57:21.096 [info] > git show --textconv :Nixos/modules/home-manager/Desktops/WM/Wayland-Utils/Wayland-utils.nix [9ms]
2024-09-10 14:57:34.636 [info] > git show --textconv :Nixos/modules/home-manager/Desktops/WM/Hyprland/Hyprland.nix [2ms]
2024-09-10 14:57:34.637 [info] > git ls-files --stage -- /home/flugel/Repos/Nixos/modules/home-manager/Desktops/WM/Hyprland/Hyprland.nix [1ms]
2024-09-10 14:58:33.972 [info] > git show --textconv :Nixos/modules/home-manager/Desktops/WM/Wayland-Utils/Wayland-utils.nix [3ms]
2024-09-10 14:58:33.973 [info] > git ls-files --stage -- /home/flugel/Repos/Nixos/modules/home-manager/Desktops/WM/Wayland-Utils/Wayland-utils.nix [1ms]
2024-09-10 14:58:33.976 [info] > git cat-file -s 9c387c73da886f15bb6f376f5bd8d5d417051a08 [1ms]
2024-09-10 14:58:39.729 [info] > git show --textconv :Nixos/modules/home-manager/Desktops/WM/Hyprland/Hyprland.nix [3ms]
2024-09-10 14:58:39.729 [info] > git ls-files --stage -- /home/flugel/Repos/Nixos/modules/home-manager/Desktops/WM/Hyprland/Hyprland.nix [1ms]
2024-09-10 14:59:51.082 [info] > git show --textconv :Nixos/modules/home-manager/Desktops/WM/Wayland-Utils/Wayland-utils.nix [3ms]
2024-09-10 14:59:51.083 [info] > git ls-files --stage -- /home/flugel/Repos/Nixos/modules/home-manager/Desktops/WM/Wayland-Utils/Wayland-utils.nix [1ms]
2024-09-10 14:59:51.086 [info] > git cat-file -s 9c387c73da886f15bb6f376f5bd8d5d417051a08 [1ms]
2024-09-10 14:59:57.673 [info] > git show --textconv :Nixos/modules/home-manager/Desktops/WM/Hyprland/Hyprland.nix [3ms]
2024-09-10 14:59:57.674 [info] > git ls-files --stage -- /home/flugel/Repos/Nixos/modules/home-manager/Desktops/WM/Hyprland/Hyprland.nix [1ms]
2024-09-10 19:33:19.138 [info] > git check-ignore -v -z --stdin [1ms]
2024-09-10 19:33:20.597 [info] > git ls-files --stage -- /home/flugel/Repos/Nixos/nixos/configuration.nix [1ms]
2024-09-10 19:33:20.603 [info] > git cat-file -s 2d0edc9663eea11b1ed5307c8529a0ba01c2b75b [4ms]
2024-09-10 19:33:20.603 [info] > git show --textconv :Nixos/nixos/configuration.nix [9ms]
2024-09-10 19:37:38.458 [info] > git ls-files --stage -- /home/flugel/Repos/Nixos/flake.nix [1ms]
2024-09-10 19:37:38.463 [info] > git cat-file -s d4374b12979faa1737f4796c5b3a3bf677456d0d [3ms]
2024-09-10 19:37:38.464 [info] > git show --textconv :Nixos/flake.nix [10ms]
2024-09-10 19:37:46.308 [info] > git show --textconv :Nixos/nixos/configuration.nix [2ms]
2024-09-10 19:37:46.309 [info] > git ls-files --stage -- /home/flugel/Repos/Nixos/nixos/configuration.nix [1ms]
2024-09-10 19:37:46.312 [info] > git cat-file -s 2d0edc9663eea11b1ed5307c8529a0ba01c2b75b [1ms]
2024-09-10 19:38:26.376 [info] > git show --textconv :Nixos/flake.nix [2ms]
2024-09-10 19:38:26.377 [info] > git ls-files --stage -- /home/flugel/Repos/Nixos/flake.nix [1ms]
2024-09-10 19:38:26.380 [info] > git cat-file -s d4374b12979faa1737f4796c5b3a3bf677456d0d [1ms]
2024-09-10 19:38:54.767 [info] > git show --textconv :Nixos/nixos/configuration.nix [3ms]
2024-09-10 19:38:54.768 [info] > git ls-files --stage -- /home/flugel/Repos/Nixos/nixos/configuration.nix [1ms]
2024-09-10 19:38:54.771 [info] > git cat-file -s 2d0edc9663eea11b1ed5307c8529a0ba01c2b75b [1ms]
2024-09-10 19:43:07.275 [info] > git show --textconv :Nixos/flake.nix [3ms]
2024-09-10 19:43:07.276 [info] > git ls-files --stage -- /home/flugel/Repos/Nixos/flake.nix [1ms]
2024-09-10 19:43:07.279 [info] > git cat-file -s d4374b12979faa1737f4796c5b3a3bf677456d0d [1ms]
2024-09-10 19:43:17.505 [info] > git show --textconv :Nixos/nixos/configuration.nix [3ms]
2024-09-10 19:43:17.505 [info] > git ls-files --stage -- /home/flugel/Repos/Nixos/nixos/configuration.nix [1ms]
2024-09-10 19:43:17.508 [info] > git cat-file -s 2d0edc9663eea11b1ed5307c8529a0ba01c2b75b [1ms]
2024-09-10 19:43:25.498 [info] > git show --textconv :Nixos/flake.nix [3ms]
2024-09-10 19:43:25.499 [info] > git ls-files --stage -- /home/flugel/Repos/Nixos/flake.nix [0ms]
2024-09-10 19:43:25.502 [info] > git cat-file -s d4374b12979faa1737f4796c5b3a3bf677456d0d [1ms]
2024-09-10 19:43:34.019 [info] > git show --textconv :Nixos/nixos/configuration.nix [2ms]
2024-09-10 19:43:34.020 [info] > git ls-files --stage -- /home/flugel/Repos/Nixos/nixos/configuration.nix [1ms]
2024-09-10 19:43:34.023 [info] > git cat-file -s 2d0edc9663eea11b1ed5307c8529a0ba01c2b75b [1ms]
2024-09-10 19:45:38.534 [info] > git show --textconv :Nixos/modules/home-manager/Desktops/WM/Wayland-Utils/Wayland-utils.nix [3ms]
2024-09-10 19:45:38.535 [info] > git ls-files --stage -- /home/flugel/Repos/Nixos/modules/home-manager/Desktops/WM/Wayland-Utils/Wayland-utils.nix [1ms]
2024-09-10 19:45:38.538 [info] > git cat-file -s 9c387c73da886f15bb6f376f5bd8d5d417051a08 [1ms]
2024-09-10 19:45:43.693 [info] > git ls-files --stage -- /home/flugel/Repos/Nixos/modules/home-manager/default.nix [0ms]
2024-09-10 19:45:43.699 [info] > git cat-file -s be77f9c2b12feeff06bebac4f281963a263c7b0f [3ms]
2024-09-10 19:45:43.699 [info] > git show --textconv :Nixos/modules/home-manager/default.nix [9ms]
2024-09-10 19:45:45.001 [info] > git ls-files --stage -- /home/flugel/Repos/Nixos/modules/home-manager/Utils/Utils.nix [0ms]
2024-09-10 19:45:45.006 [info] > git cat-file -s a0c14148a02fdd7ad9f1785d3b20ce9b3d07970c [3ms]
2024-09-10 19:45:45.006 [info] > git show --textconv :Nixos/modules/home-manager/Utils/Utils.nix [9ms]
2024-09-10 19:52:00.564 [info] > git show --textconv :Nixos/nixos/configuration.nix [3ms]
2024-09-10 19:52:00.565 [info] > git ls-files --stage -- /home/flugel/Repos/Nixos/nixos/configuration.nix [1ms]
2024-09-10 19:52:00.568 [info] > git cat-file -s 2d0edc9663eea11b1ed5307c8529a0ba01c2b75b [1ms]
2024-09-10 19:52:05.509 [info] > git show --textconv :Nixos/modules/home-manager/Desktops/WM/Wayland-Utils/Wayland-utils.nix [3ms]
2024-09-10 19:52:05.510 [info] > git ls-files --stage -- /home/flugel/Repos/Nixos/modules/home-manager/Desktops/WM/Wayland-Utils/Wayland-utils.nix [1ms]
2024-09-10 19:52:05.513 [info] > git cat-file -s 9c387c73da886f15bb6f376f5bd8d5d417051a08 [1ms]
2024-09-10 19:52:37.055 [info] > git show --textconv :Nixos/nixos/configuration.nix [3ms]
2024-09-10 19:52:37.055 [info] > git ls-files --stage -- /home/flugel/Repos/Nixos/nixos/configuration.nix [1ms]
2024-09-10 19:52:37.059 [info] > git cat-file -s 2d0edc9663eea11b1ed5307c8529a0ba01c2b75b [1ms]
2024-09-10 19:53:22.374 [info] > git show --textconv :Nixos/modules/home-manager/Utils/Utils.nix [3ms]
2024-09-10 19:53:22.374 [info] > git ls-files --stage -- /home/flugel/Repos/Nixos/modules/home-manager/Utils/Utils.nix [0ms]
2024-09-10 19:53:22.377 [info] > git cat-file -s a0c14148a02fdd7ad9f1785d3b20ce9b3d07970c [0ms]
2024-09-10 19:53:24.803 [info] > git show --textconv :Nixos/modules/home-manager/Desktops/WM/Wayland-Utils/Wayland-utils.nix [2ms]
2024-09-10 19:53:24.803 [info] > git ls-files --stage -- /home/flugel/Repos/Nixos/modules/home-manager/Desktops/WM/Wayland-Utils/Wayland-utils.nix [1ms]
2024-09-10 19:53:24.806 [info] > git cat-file -s 9c387c73da886f15bb6f376f5bd8d5d417051a08 [1ms]
2024-09-10 19:53:27.121 [info] > git show --textconv :Nixos/modules/home-manager/Desktops/Desktop-Control.nix [3ms]
2024-09-10 19:53:27.122 [info] > git ls-files --stage -- /home/flugel/Repos/Nixos/modules/home-manager/Desktops/Desktop-Control.nix [1ms]
2024-09-10 19:53:52.763 [info] > git show --textconv :Nixos/modules/home-manager/default.nix [2ms]
2024-09-10 19:53:52.764 [info] > git ls-files --stage -- /home/flugel/Repos/Nixos/modules/home-manager/default.nix [1ms]
2024-09-10 19:53:52.767 [info] > git cat-file -s be77f9c2b12feeff06bebac4f281963a263c7b0f [1ms]
2024-09-10 19:54:00.962 [info] > git check-ignore -v -z --stdin [1ms]
2024-09-10 19:54:08.216 [info] > git show --textconv :Nixos/modules/home-manager/Desktops/WM/Hyprland/Hyprland.nix [3ms]
2024-09-10 19:54:08.216 [info] > git ls-files --stage -- /home/flugel/Repos/Nixos/modules/home-manager/Desktops/WM/Hyprland/Hyprland.nix [0ms]
2024-09-10 19:58:08.381 [info] > git merge-base refs/heads/main refs/remotes/origin/main [1ms]
2024-09-10 19:58:08.388 [info] > git log --format=%H%n%aN%n%aE%n%at%n%ct%n%P%n%D%n%B -z --shortstat --diff-merges=first-parent 8246b7edc9c34ad12d3c7581efc661584786f8ed.. --topo-order --decorate=full refs/heads/main refs/remotes/origin/main [1ms]
2024-09-10 19:58:08.395 [info] > git show -s --decorate=full --shortstat --format=%H%n%aN%n%aE%n%at%n%ct%n%P%n%D%n%B -z 8246b7edc9c34ad12d3c7581efc661584786f8ed [11ms]
2024-09-10 19:58:08.440 [info] > git merge-base refs/heads/main refs/remotes/origin/main [1ms]
2024-09-10 19:58:08.449 [info] > git show -s --decorate=full --shortstat --format=%H%n%aN%n%aE%n%at%n%ct%n%P%n%D%n%B -z 8246b7edc9c34ad12d3c7581efc661584786f8ed [3ms]
2024-09-10 19:58:08.450 [info] > git log --format=%H%n%aN%n%aE%n%at%n%ct%n%P%n%D%n%B -z --shortstat --diff-merges=first-parent 8246b7edc9c34ad12d3c7581efc661584786f8ed.. --topo-order --decorate=full refs/heads/main refs/remotes/origin/main [1ms]
2024-09-10 19:58:08.943 [info] > git check-ignore -v -z --stdin [0ms]
2024-09-10 19:58:26.524 [info] > git add -A -- . [4ms]
2024-09-10 19:58:26.531 [info] > git config --get commit.template [3ms]
2024-09-10 19:58:26.531 [info] > git for-each-ref --format=%(refname)%00%(upstream:short)%00%(objectname)%00%(upstream:track)%00%(upstream:remotename)%00%(upstream:remoteref) refs/heads/main refs/remotes/main [1ms]
2024-09-10 19:58:26.535 [info] > git status -z -uall [2ms]
2024-09-10 19:58:26.544 [info] > git for-each-ref --format=%(refname)%00%(upstream:short)%00%(objectname)%00%(upstream:track)%00%(upstream:remotename)%00%(upstream:remoteref) refs/heads/main refs/remotes/main [6ms]
2024-09-10 19:58:26.547 [info] > git config --local branch.main.vscode-merge-base [0ms]
2024-09-10 19:58:26.550 [info] > git for-each-ref --format=%(refname)%00%(upstream:short)%00%(objectname)%00%(upstream:track)%00%(upstream:remotename)%00%(upstream:remoteref) refs/heads/origin/main refs/remotes/origin/main [0ms]
2024-09-10 19:58:26.867 [info] > git show --textconv :.git/COMMIT_EDITMSG [2ms]
2024-09-10 19:58:26.868 [info] > git ls-files --stage -- /home/flugel/Repos/.git/COMMIT_EDITMSG [1ms]
2024-09-10 19:58:27.158 [info] > git check-ignore -v -z --stdin [1ms]
2024-09-10 19:58:27.828 [info] > git ls-files --stage -- /home/flugel/Repos/.git/COMMIT_EDITMSG [1ms]
2024-09-10 19:58:27.831 [info] > git show --textconv :.git/COMMIT_EDITMSG [1ms]
2024-09-10 19:59:06.508 [info] > git ls-files --stage -- /home/flugel/Repos/.git/COMMIT_EDITMSG [1ms]
2024-09-10 19:59:06.512 [info] > git show --textconv :.git/COMMIT_EDITMSG [1ms]
