2024-09-10 20:03:36.892 [info] [main] Log level: Info
2024-09-10 20:03:36.892 [info] [main] Validating found git in: "git"
2024-09-10 20:03:36.892 [info] [main] Using git "2.46.0" from "git"
2024-09-10 20:03:36.892 [info] [Model][doInitialScan] Initial repository scan started
2024-09-10 20:03:36.892 [info] > git rev-parse --show-toplevel [1ms]
2024-09-10 20:03:36.892 [info] > git rev-parse --git-dir --git-common-dir [1ms]
2024-09-10 20:03:36.892 [info] [Model][openRepository] Opened repository: /home/flugel/Repos
2024-09-10 20:03:36.893 [info] > git rev-parse --show-toplevel [9ms]
2024-09-10 20:03:36.893 [info] fatal: this operation must be run in a work tree
2024-09-10 20:03:36.893 [info] > git config --get commit.template [12ms]
2024-09-10 20:03:36.900 [info] > git for-each-ref --format=%(refname)%00%(upstream:short)%00%(objectname)%00%(upstream:track)%00%(upstream:remotename)%00%(upstream:remoteref) refs/heads/main refs/remotes/main [3ms]
2024-09-10 20:03:36.900 [info] > git rev-parse --show-toplevel [1ms]
2024-09-10 20:03:36.906 [info] > git rev-parse --show-toplevel [3ms]
2024-09-10 20:03:36.908 [info] > git status -z -uall [3ms]
2024-09-10 20:03:36.916 [info] > git for-each-ref --format=%(refname)%00%(upstream:short)%00%(objectname)%00%(upstream:track)%00%(upstream:remotename)%00%(upstream:remoteref) refs/heads/main refs/remotes/main [5ms]
2024-09-10 20:03:36.919 [info] > git rev-parse --show-toplevel [10ms]
2024-09-10 20:03:36.921 [info] > git config --get commit.template [5ms]
2024-09-10 20:03:36.922 [info] > git rev-parse --show-toplevel [1ms]
2024-09-10 20:03:36.922 [info] > git config --local branch.main.vscode-merge-base [4ms]
2024-09-10 20:03:36.932 [info] > git for-each-ref --format=%(refname)%00%(upstream:short)%00%(objectname)%00%(upstream:track)%00%(upstream:remotename)%00%(upstream:remoteref) refs/heads/origin/main refs/remotes/origin/main [7ms]
2024-09-10 20:03:36.943 [info] > git merge-base refs/heads/main refs/remotes/origin/main [8ms]
2024-09-10 20:03:36.946 [info] > git rev-parse --show-toplevel [14ms]
2024-09-10 20:03:36.946 [info] > git for-each-ref --format=%(refname)%00%(upstream:short)%00%(objectname)%00%(upstream:track)%00%(upstream:remotename)%00%(upstream:remoteref) refs/heads/main refs/remotes/main [17ms]
2024-09-10 20:03:36.949 [info] > git rev-list --count --left-right refs/heads/main...refs/remotes/origin/main [3ms]
2024-09-10 20:03:36.952 [info] > git rev-parse --show-toplevel [3ms]
2024-09-10 20:03:36.952 [info] [Model][doInitialScan] Initial repository scan completed - repositories (1), closed repositories (0), parent repositories (0), unsafe repositories (0)
2024-09-10 20:03:36.955 [info] > git diff --name-status -z --diff-filter=ADMR f98dd3fbe4cf0e51b042115d88de87bff71d90f7...refs/remotes/origin/main [3ms]
2024-09-10 20:03:36.957 [info] > git status -z -uall [2ms]
2024-09-10 20:03:36.961 [info] > git for-each-ref --format=%(refname)%00%(upstream:short)%00%(objectname)%00%(upstream:track)%00%(upstream:remotename)%00%(upstream:remoteref) refs/heads/main refs/remotes/main [1ms]
2024-09-10 20:03:36.964 [info] > git config --local branch.main.vscode-merge-base [1ms]
2024-09-10 20:03:36.967 [info] > git for-each-ref --format=%(refname)%00%(upstream:short)%00%(objectname)%00%(upstream:track)%00%(upstream:remotename)%00%(upstream:remoteref) refs/heads/origin/main refs/remotes/origin/main [1ms]
2024-09-10 20:03:37.165 [info] > git show --textconv :.git/COMMIT_EDITMSG [3ms]
2024-09-10 20:03:37.165 [info] > git ls-files --stage -- /home/flugel/Repos/.git/COMMIT_EDITMSG [0ms]
2024-09-10 20:03:37.382 [info] > git check-ignore -v -z --stdin [1ms]
2024-09-10 20:03:41.467 [info] > git show --textconv :Nixos/modules/home-manager/Desktops/WM/Hyprland/Hyprland.nix [2ms]
2024-09-10 20:03:41.468 [info] > git ls-files --stage -- /home/flugel/Repos/Nixos/modules/home-manager/Desktops/WM/Hyprland/Hyprland.nix [1ms]
2024-09-10 20:03:41.471 [info] > git cat-file -s d69aa7c9cc15c7ac3930340bbbee3c4a6eefd155 [1ms]
2024-09-10 20:03:59.086 [info] > git show --textconv :Nixos/modules/home-manager/default.nix [3ms]
2024-09-10 20:03:59.087 [info] > git ls-files --stage -- /home/flugel/Repos/Nixos/modules/home-manager/default.nix [1ms]
2024-09-10 20:03:59.090 [info] > git cat-file -s be77f9c2b12feeff06bebac4f281963a263c7b0f [1ms]
2024-09-10 20:04:01.103 [info] > git show --textconv :Nixos/modules/home-manager/Utils/Utils.nix [3ms]
2024-09-10 20:04:01.104 [info] > git ls-files --stage -- /home/flugel/Repos/Nixos/modules/home-manager/Utils/Utils.nix [1ms]
2024-09-10 20:04:01.107 [info] > git cat-file -s a0c14148a02fdd7ad9f1785d3b20ce9b3d07970c [1ms]
2024-09-10 20:04:06.027 [info] > git show --textconv :Nixos/flake.nix [3ms]
2024-09-10 20:04:06.028 [info] > git ls-files --stage -- /home/flugel/Repos/Nixos/flake.nix [1ms]
2024-09-10 20:04:06.031 [info] > git cat-file -s 257a5dbdfe70524b692140a3d989e7a31548db17 [1ms]
2024-09-10 20:04:15.084 [info] > git show --textconv :Nixos/modules/home-manager/Desktops/WM/Wayland-Utils/Wayland-utils.nix [3ms]
2024-09-10 20:04:15.085 [info] > git ls-files --stage -- /home/flugel/Repos/Nixos/modules/home-manager/Desktops/WM/Wayland-Utils/Wayland-utils.nix [1ms]
2024-09-10 20:04:15.088 [info] > git cat-file -s 9c387c73da886f15bb6f376f5bd8d5d417051a08 [1ms]
2024-09-10 20:04:33.503 [info] > git show --textconv :Nixos/modules/home-manager/default.nix [3ms]
2024-09-10 20:04:33.503 [info] > git ls-files --stage -- /home/flugel/Repos/Nixos/modules/home-manager/default.nix [1ms]
2024-09-10 20:04:33.506 [info] > git cat-file -s be77f9c2b12feeff06bebac4f281963a263c7b0f [0ms]
2024-09-10 20:07:18.651 [info] > git config --get commit.template [3ms]
2024-09-10 20:07:18.651 [info] > git for-each-ref --format=%(refname)%00%(upstream:short)%00%(objectname)%00%(upstream:track)%00%(upstream:remotename)%00%(upstream:remoteref) refs/heads/main refs/remotes/main [1ms]
2024-09-10 20:07:18.655 [info] > git status -z -uall [1ms]
2024-09-10 20:07:18.660 [info] > git for-each-ref --format=%(refname)%00%(upstream:short)%00%(objectname)%00%(upstream:track)%00%(upstream:remotename)%00%(upstream:remoteref) refs/heads/main refs/remotes/main [1ms]
2024-09-10 20:07:18.664 [info] > git config --local branch.main.vscode-merge-base [1ms]
2024-09-10 20:07:18.667 [info] > git for-each-ref --format=%(refname)%00%(upstream:short)%00%(objectname)%00%(upstream:track)%00%(upstream:remotename)%00%(upstream:remoteref) refs/heads/origin/main refs/remotes/origin/main [1ms]
2024-09-10 20:09:38.258 [info] > git config --get commit.template [3ms]
2024-09-10 20:09:38.259 [info] > git for-each-ref --format=%(refname)%00%(upstream:short)%00%(objectname)%00%(upstream:track)%00%(upstream:remotename)%00%(upstream:remoteref) refs/heads/main refs/remotes/main [1ms]
2024-09-10 20:09:38.263 [info] > git status -z -uall [2ms]
2024-09-10 20:09:38.267 [info] > git for-each-ref --format=%(refname)%00%(upstream:short)%00%(objectname)%00%(upstream:track)%00%(upstream:remotename)%00%(upstream:remoteref) refs/heads/main refs/remotes/main [1ms]
2024-09-10 20:09:38.270 [info] > git config --local branch.main.vscode-merge-base [1ms]
2024-09-10 20:09:38.273 [info] > git for-each-ref --format=%(refname)%00%(upstream:short)%00%(objectname)%00%(upstream:track)%00%(upstream:remotename)%00%(upstream:remoteref) refs/heads/origin/main refs/remotes/origin/main [1ms]
2024-09-10 20:10:46.414 [info] > git config --get commit.template [3ms]
2024-09-10 20:10:46.415 [info] > git for-each-ref --format=%(refname)%00%(upstream:short)%00%(objectname)%00%(upstream:track)%00%(upstream:remotename)%00%(upstream:remoteref) refs/heads/main refs/remotes/main [1ms]
2024-09-10 20:10:46.419 [info] > git status -z -uall [1ms]
2024-09-10 20:10:46.423 [info] > git for-each-ref --format=%(refname)%00%(upstream:short)%00%(objectname)%00%(upstream:track)%00%(upstream:remotename)%00%(upstream:remoteref) refs/heads/main refs/remotes/main [1ms]
2024-09-10 20:10:46.426 [info] > git config --local branch.main.vscode-merge-base [0ms]
2024-09-10 20:10:46.430 [info] > git for-each-ref --format=%(refname)%00%(upstream:short)%00%(objectname)%00%(upstream:track)%00%(upstream:remotename)%00%(upstream:remoteref) refs/heads/origin/main refs/remotes/origin/main [1ms]
2024-09-10 20:11:44.519 [info] > git config --get commit.template [5ms]
2024-09-10 20:11:44.519 [info] > git for-each-ref --format=%(refname)%00%(upstream:short)%00%(objectname)%00%(upstream:track)%00%(upstream:remotename)%00%(upstream:remoteref) refs/heads/main refs/remotes/main [1ms]
2024-09-10 20:11:44.524 [info] > git status -z -uall [1ms]
2024-09-10 20:11:44.529 [info] > git for-each-ref --format=%(refname)%00%(upstream:short)%00%(objectname)%00%(upstream:track)%00%(upstream:remotename)%00%(upstream:remoteref) refs/heads/main refs/remotes/main [1ms]
2024-09-10 20:11:44.536 [info] > git config --local branch.main.vscode-merge-base [5ms]
2024-09-10 20:11:44.539 [info] > git ls-files --stage -- /home/flugel/Repos/Nixos/modules/home-manager/default.nix [4ms]
2024-09-10 20:11:44.541 [info] > git for-each-ref --format=%(refname)%00%(upstream:short)%00%(objectname)%00%(upstream:track)%00%(upstream:remotename)%00%(upstream:remoteref) refs/heads/origin/main refs/remotes/origin/main [2ms]
2024-09-10 20:11:44.545 [info] > git cat-file -s 087b0cf9ce5356f53601a58548852389c1e7846f [4ms]
2024-09-10 20:11:44.546 [info] > git merge-base refs/heads/main refs/remotes/origin/main [0ms]
2024-09-10 20:11:44.551 [info] > git rev-list --count --left-right refs/heads/main...refs/remotes/origin/main [3ms]
2024-09-10 20:11:44.554 [info] > git show --textconv :Nixos/modules/home-manager/default.nix [3ms]
2024-09-10 20:11:44.555 [info] > git diff --name-status -z --diff-filter=ADMR f98dd3fbe4cf0e51b042115d88de87bff71d90f7...refs/remotes/origin/main [1ms]
2024-09-10 20:11:49.535 [info] > git config --get commit.template [3ms]
2024-09-10 20:11:49.536 [info] > git for-each-ref --format=%(refname)%00%(upstream:short)%00%(objectname)%00%(upstream:track)%00%(upstream:remotename)%00%(upstream:remoteref) refs/heads/main refs/remotes/main [1ms]
2024-09-10 20:11:49.540 [info] > git status -z -uall [1ms]
2024-09-10 20:11:49.544 [info] > git for-each-ref --format=%(refname)%00%(upstream:short)%00%(objectname)%00%(upstream:track)%00%(upstream:remotename)%00%(upstream:remoteref) refs/heads/main refs/remotes/main [1ms]
2024-09-10 20:11:49.547 [info] > git config --local branch.main.vscode-merge-base [0ms]
2024-09-10 20:11:49.550 [info] > git for-each-ref --format=%(refname)%00%(upstream:short)%00%(objectname)%00%(upstream:track)%00%(upstream:remotename)%00%(upstream:remoteref) refs/heads/origin/main refs/remotes/origin/main [0ms]
2024-09-10 20:22:37.723 [info] > git config --get commit.template [3ms]
2024-09-10 20:22:37.726 [info] > git ls-files --stage -- /home/flugel/Repos/Nixos/modules/home-manager/default.nix [3ms]
2024-09-10 20:22:37.729 [info] > git for-each-ref --format=%(refname)%00%(upstream:short)%00%(objectname)%00%(upstream:track)%00%(upstream:remotename)%00%(upstream:remoteref) refs/heads/main refs/remotes/main [4ms]
2024-09-10 20:22:37.732 [info] > git cat-file -s 087b0cf9ce5356f53601a58548852389c1e7846f [4ms]
2024-09-10 20:22:37.736 [info] > git status -z -uall [4ms]
2024-09-10 20:22:37.740 [info] > git show --textconv :Nixos/modules/home-manager/default.nix [4ms]
2024-09-10 20:22:37.740 [info] > git for-each-ref --format=%(refname)%00%(upstream:short)%00%(objectname)%00%(upstream:track)%00%(upstream:remotename)%00%(upstream:remoteref) refs/heads/main refs/remotes/main [1ms]
2024-09-10 20:22:37.744 [info] > git config --local branch.main.vscode-merge-base [1ms]
2024-09-10 20:22:37.748 [info] > git for-each-ref --format=%(refname)%00%(upstream:short)%00%(objectname)%00%(upstream:track)%00%(upstream:remotename)%00%(upstream:remoteref) refs/heads/origin/main refs/remotes/origin/main [1ms]
2024-09-10 20:22:37.752 [info] > git merge-base refs/heads/main refs/remotes/origin/main [1ms]
2024-09-10 20:22:37.755 [info] > git rev-list --count --left-right refs/heads/main...refs/remotes/origin/main [1ms]
2024-09-10 20:22:37.759 [info] > git diff --name-status -z --diff-filter=ADMR adf1eb576d2ca59a4dfa17065505823730ae8d5c...refs/remotes/origin/main [1ms]
2024-09-10 20:25:05.451 [info] > git show --textconv :Nixos/modules/home-manager/Desktops/WM/Hyprland/Hyprland.nix [4ms]
2024-09-10 20:25:05.451 [info] > git ls-files --stage -- /home/flugel/Repos/Nixos/modules/home-manager/Desktops/WM/Hyprland/Hyprland.nix [0ms]
2024-09-10 20:25:05.455 [info] > git cat-file -s d69aa7c9cc15c7ac3930340bbbee3c4a6eefd155 [1ms]
2024-09-10 20:25:07.430 [info] > git show --textconv :Nixos/modules/home-manager/Desktops/WM/Wayland-Utils/Wayland-utils.nix [3ms]
2024-09-10 20:25:07.431 [info] > git ls-files --stage -- /home/flugel/Repos/Nixos/modules/home-manager/Desktops/WM/Wayland-Utils/Wayland-utils.nix [1ms]
2024-09-10 20:25:07.434 [info] > git cat-file -s 9c387c73da886f15bb6f376f5bd8d5d417051a08 [1ms]
2024-09-10 20:25:23.156 [info] > git show --textconv :Nixos/flake.nix [3ms]
2024-09-10 20:25:23.156 [info] > git ls-files --stage -- /home/flugel/Repos/Nixos/flake.nix [1ms]
2024-09-10 20:25:23.159 [info] > git cat-file -s 257a5dbdfe70524b692140a3d989e7a31548db17 [0ms]
2024-09-10 20:56:03.039 [info] > git merge-base refs/heads/main refs/remotes/origin/main [1ms]
2024-09-10 20:56:03.046 [info] > git show -s --decorate=full --shortstat --format=%H%n%aN%n%aE%n%at%n%ct%n%P%n%D%n%B -z adf1eb576d2ca59a4dfa17065505823730ae8d5c [2ms]
2024-09-10 20:56:03.046 [info] > git log --format=%H%n%aN%n%aE%n%at%n%ct%n%P%n%D%n%B -z --shortstat --diff-merges=first-parent adf1eb576d2ca59a4dfa17065505823730ae8d5c.. --topo-order --decorate=full refs/heads/main refs/remotes/origin/main [1ms]
2024-09-10 20:56:03.083 [info] > git merge-base refs/heads/main refs/remotes/origin/main [1ms]
2024-09-10 20:56:03.092 [info] > git show -s --decorate=full --shortstat --format=%H%n%aN%n%aE%n%at%n%ct%n%P%n%D%n%B -z adf1eb576d2ca59a4dfa17065505823730ae8d5c [3ms]
2024-09-10 20:56:03.093 [info] > git log --format=%H%n%aN%n%aE%n%at%n%ct%n%P%n%D%n%B -z --shortstat --diff-merges=first-parent adf1eb576d2ca59a4dfa17065505823730ae8d5c.. --topo-order --decorate=full refs/heads/main refs/remotes/origin/main [1ms]
2024-09-10 20:56:12.298 [info] > git for-each-ref --sort -committerdate --format %(refname) %(objectname) %(*objectname) [1ms]
2024-09-10 20:56:18.792 [info] > git checkout -q -b Rewrite --no-track HEAD [2ms]
2024-09-10 20:56:18.798 [info] > git config --get commit.template [3ms]
2024-09-10 20:56:18.799 [info] > git for-each-ref --format=%(refname)%00%(upstream:short)%00%(objectname)%00%(upstream:track)%00%(upstream:remotename)%00%(upstream:remoteref) refs/heads/Rewrite refs/remotes/Rewrite [1ms]
2024-09-10 20:56:18.803 [info] > git status -z -uall [2ms]
2024-09-10 20:56:18.806 [info] > git for-each-ref --format=%(refname)%00%(upstream:short)%00%(objectname)%00%(upstream:track)%00%(upstream:remotename)%00%(upstream:remoteref) refs/heads/Rewrite refs/remotes/Rewrite [1ms]
2024-09-10 20:56:18.809 [info] > git config --local branch.Rewrite.vscode-merge-base [0ms]
2024-09-10 20:56:18.809 [warning] [Git][config] git config failed: Failed to execute git
2024-09-10 20:56:18.814 [info] > git reflog Rewrite --grep-reflog=branch: Created from *. [2ms]
2024-09-10 20:56:18.818 [info] > git reflog HEAD --grep-reflog=checkout: moving from .* to Rewrite [2ms]
2024-09-10 20:56:18.822 [info] > git for-each-ref --format=%(refname)%00%(upstream:short)%00%(objectname)%00%(upstream:track)%00%(upstream:remotename)%00%(upstream:remoteref) refs/heads/main refs/remotes/main [0ms]
2024-09-10 20:56:18.825 [info] > git for-each-ref --format=%(refname)%00%(upstream:short)%00%(objectname)%00%(upstream:track)%00%(upstream:remotename)%00%(upstream:remoteref) refs/remotes/origin/main [1ms]
2024-09-10 20:56:18.828 [info] > git config --local branch.Rewrite.vscode-merge-base origin/main [1ms]
2024-09-10 20:56:18.834 [info] > git config --get commit.template [3ms]
2024-09-10 20:56:18.834 [info] > git for-each-ref --format=%(refname)%00%(upstream:short)%00%(objectname)%00%(upstream:track)%00%(upstream:remotename)%00%(upstream:remoteref) refs/heads/Rewrite refs/remotes/Rewrite [0ms]
2024-09-10 20:56:18.838 [info] > git status -z -uall [1ms]
2024-09-10 20:56:18.842 [info] > git for-each-ref --format=%(refname)%00%(upstream:short)%00%(objectname)%00%(upstream:track)%00%(upstream:remotename)%00%(upstream:remoteref) refs/heads/Rewrite refs/remotes/Rewrite [0ms]
2024-09-10 20:56:18.847 [info] > git config --local branch.Rewrite.vscode-merge-base [3ms]
2024-09-10 20:56:18.850 [info] > git merge-base refs/heads/Rewrite refs/remotes/origin/main [3ms]
2024-09-10 20:56:18.855 [info] > git show -s --decorate=full --shortstat --format=%H%n%aN%n%aE%n%at%n%ct%n%P%n%D%n%B -z adf1eb576d2ca59a4dfa17065505823730ae8d5c [2ms]
2024-09-10 20:56:18.855 [info] > git for-each-ref --format=%(refname)%00%(upstream:short)%00%(objectname)%00%(upstream:track)%00%(upstream:remotename)%00%(upstream:remoteref) refs/heads/origin/main refs/remotes/origin/main [5ms]
2024-09-10 20:56:18.856 [info] > git log --format=%H%n%aN%n%aE%n%at%n%ct%n%P%n%D%n%B -z --shortstat --diff-merges=first-parent adf1eb576d2ca59a4dfa17065505823730ae8d5c.. --topo-order --decorate=full refs/heads/Rewrite refs/remotes/origin/main [1ms]
2024-09-10 20:56:19.975 [info] > git config --get commit.template [3ms]
2024-09-10 20:56:19.976 [info] > git for-each-ref --format=%(refname)%00%(upstream:short)%00%(objectname)%00%(upstream:track)%00%(upstream:remotename)%00%(upstream:remoteref) refs/heads/Rewrite refs/remotes/Rewrite [1ms]
2024-09-10 20:56:19.980 [info] > git status -z -uall [2ms]
2024-09-10 20:56:19.983 [info] > git for-each-ref --format=%(refname)%00%(upstream:short)%00%(objectname)%00%(upstream:track)%00%(upstream:remotename)%00%(upstream:remoteref) refs/heads/Rewrite refs/remotes/Rewrite [1ms]
2024-09-10 20:56:19.986 [info] > git config --local branch.Rewrite.vscode-merge-base [1ms]
2024-09-10 20:56:19.989 [info] > git for-each-ref --format=%(refname)%00%(upstream:short)%00%(objectname)%00%(upstream:track)%00%(upstream:remotename)%00%(upstream:remoteref) refs/heads/origin/main refs/remotes/origin/main [1ms]
2024-09-10 20:56:20.072 [info] > git ls-files --stage -- /home/flugel/Repos/Nixos/flake.nix [1ms]
2024-09-10 20:56:20.075 [info] > git cat-file -s 257a5dbdfe70524b692140a3d989e7a31548db17 [1ms]
2024-09-10 20:56:20.079 [info] > git show --textconv :Nixos/flake.nix [1ms]
2024-09-10 20:56:22.430 [info] > git merge-base refs/heads/Rewrite refs/remotes/origin/main [1ms]
2024-09-10 20:56:22.441 [info] > git show -s --decorate=full --shortstat --format=%H%n%aN%n%aE%n%at%n%ct%n%P%n%D%n%B -z adf1eb576d2ca59a4dfa17065505823730ae8d5c [3ms]
2024-09-10 20:56:22.442 [info] > git log --format=%H%n%aN%n%aE%n%at%n%ct%n%P%n%D%n%B -z --shortstat --diff-merges=first-parent adf1eb576d2ca59a4dfa17065505823730ae8d5c.. --topo-order --decorate=full refs/heads/Rewrite refs/remotes/origin/main [1ms]
2024-09-10 21:38:24.157 [info] > git show --textconv :Nixos/modules/home-manager/Desktops/WM/Hyprland/Hyprland.nix [3ms]
2024-09-10 21:38:24.158 [info] > git ls-files --stage -- /home/flugel/Repos/Nixos/modules/home-manager/Desktops/WM/Hyprland/Hyprland.nix [1ms]
2024-09-10 21:38:24.161 [info] > git cat-file -s d69aa7c9cc15c7ac3930340bbbee3c4a6eefd155 [1ms]
2024-09-10 21:42:08.716 [info] > git show --textconv :Nixos/flake.nix [3ms]
2024-09-10 21:42:08.717 [info] > git ls-files --stage -- /home/flugel/Repos/Nixos/flake.nix [1ms]
2024-09-10 21:42:08.720 [info] > git cat-file -s 257a5dbdfe70524b692140a3d989e7a31548db17 [1ms]
2024-09-10 21:49:13.066 [info] > git merge-base refs/heads/Rewrite refs/remotes/origin/main [1ms]
2024-09-10 21:49:13.073 [info] > git show -s --decorate=full --shortstat --format=%H%n%aN%n%aE%n%at%n%ct%n%P%n%D%n%B -z adf1eb576d2ca59a4dfa17065505823730ae8d5c [3ms]
2024-09-10 21:49:13.074 [info] > git log --format=%H%n%aN%n%aE%n%at%n%ct%n%P%n%D%n%B -z --shortstat --diff-merges=first-parent adf1eb576d2ca59a4dfa17065505823730ae8d5c.. --topo-order --decorate=full refs/heads/Rewrite refs/remotes/origin/main [1ms]
2024-09-10 21:49:16.033 [info] > git merge-base refs/heads/Rewrite refs/remotes/origin/main [1ms]
2024-09-10 21:49:16.039 [info] > git show -s --decorate=full --shortstat --format=%H%n%aN%n%aE%n%at%n%ct%n%P%n%D%n%B -z adf1eb576d2ca59a4dfa17065505823730ae8d5c [3ms]
2024-09-10 21:49:16.040 [info] > git log --format=%H%n%aN%n%aE%n%at%n%ct%n%P%n%D%n%B -z --shortstat --diff-merges=first-parent adf1eb576d2ca59a4dfa17065505823730ae8d5c.. --topo-order --decorate=full refs/heads/Rewrite refs/remotes/origin/main [1ms]
2024-09-10 21:49:21.410 [info] > git show --textconv :Nixos/flake.nix [3ms]
2024-09-10 21:49:21.411 [info] > git ls-files --stage -- /home/flugel/Repos/Nixos/flake.nix [1ms]
2024-09-10 21:49:21.414 [info] > git cat-file -s 257a5dbdfe70524b692140a3d989e7a31548db17 [1ms]
2024-09-10 22:38:02.271 [info] > git show --textconv :Nixos/nixos/home-manager.nix [3ms]
2024-09-10 22:38:02.272 [info] > git ls-files --stage -- /home/flugel/Repos/Nixos/nixos/home-manager.nix [1ms]
2024-09-10 22:38:02.275 [info] > git cat-file -s 926b561a262dcbbab99c5df9990586f2bf3f55bd [1ms]
2024-09-10 22:48:14.720 [info] > git show --textconv :Nixos/modules/home-manager/default.nix [4ms]
2024-09-10 22:48:14.720 [info] > git ls-files --stage -- /home/flugel/Repos/Nixos/modules/home-manager/default.nix [1ms]
2024-09-10 22:48:14.723 [info] > git cat-file -s 087b0cf9ce5356f53601a58548852389c1e7846f [0ms]
2024-09-10 23:05:30.588 [info] > git show --textconv :Nixos/flake.nix [5ms]
2024-09-10 23:05:30.588 [info] > git ls-files --stage -- /home/flugel/Repos/Nixos/flake.nix [1ms]
2024-09-10 23:05:30.592 [info] > git cat-file -s 257a5dbdfe70524b692140a3d989e7a31548db17 [1ms]
2024-09-10 23:11:17.329 [info] > git config --get commit.template [4ms]
2024-09-10 23:11:17.329 [info] > git for-each-ref --format=%(refname)%00%(upstream:short)%00%(objectname)%00%(upstream:track)%00%(upstream:remotename)%00%(upstream:remoteref) refs/heads/Rewrite refs/remotes/Rewrite [1ms]
2024-09-10 23:11:17.333 [info] > git status -z -uall [1ms]
2024-09-10 23:11:17.338 [info] > git for-each-ref --format=%(refname)%00%(upstream:short)%00%(objectname)%00%(upstream:track)%00%(upstream:remotename)%00%(upstream:remoteref) refs/heads/Rewrite refs/remotes/Rewrite [1ms]
2024-09-10 23:11:17.341 [info] > git config --local branch.Rewrite.vscode-merge-base [0ms]
2024-09-10 23:11:17.345 [info] > git for-each-ref --format=%(refname)%00%(upstream:short)%00%(objectname)%00%(upstream:track)%00%(upstream:remotename)%00%(upstream:remoteref) refs/heads/origin/main refs/remotes/origin/main [1ms]
2024-09-10 23:16:46.558 [info] > git show --textconv :Nixos/nixos/configuration.nix [2ms]
2024-09-10 23:16:46.559 [info] > git ls-files --stage -- /home/flugel/Repos/Nixos/nixos/configuration.nix [1ms]
2024-09-10 23:16:46.562 [info] > git cat-file -s 3078f68f2988b4a1f49b0bb30f23d3f56baa9ca5 [1ms]
2024-09-10 23:33:25.664 [info] > git merge-base refs/heads/Rewrite refs/remotes/origin/main [1ms]
2024-09-10 23:33:25.671 [info] > git show -s --decorate=full --shortstat --format=%H%n%aN%n%aE%n%at%n%ct%n%P%n%D%n%B -z adf1eb576d2ca59a4dfa17065505823730ae8d5c [3ms]
2024-09-10 23:33:25.672 [info] > git log --format=%H%n%aN%n%aE%n%at%n%ct%n%P%n%D%n%B -z --shortstat --diff-merges=first-parent adf1eb576d2ca59a4dfa17065505823730ae8d5c.. --topo-order --decorate=full refs/heads/Rewrite refs/remotes/origin/main [1ms]
2024-09-10 23:33:28.372 [info] > git merge-base refs/heads/Rewrite refs/remotes/origin/main [1ms]
2024-09-10 23:33:28.386 [info] > git show -s --decorate=full --shortstat --format=%H%n%aN%n%aE%n%at%n%ct%n%P%n%D%n%B -z adf1eb576d2ca59a4dfa17065505823730ae8d5c [5ms]
2024-09-10 23:33:28.387 [info] > git log --format=%H%n%aN%n%aE%n%at%n%ct%n%P%n%D%n%B -z --shortstat --diff-merges=first-parent adf1eb576d2ca59a4dfa17065505823730ae8d5c.. --topo-order --decorate=full refs/heads/Rewrite refs/remotes/origin/main [2ms]
2024-09-10 23:33:35.760 [info] > git config --get commit.template [4ms]
2024-09-10 23:33:35.760 [info] > git for-each-ref --format=%(refname)%00%(upstream:short)%00%(objectname)%00%(upstream:track)%00%(upstream:remotename)%00%(upstream:remoteref) refs/heads/Rewrite refs/remotes/Rewrite [1ms]
2024-09-10 23:33:35.765 [info] > git status -z -uall [2ms]
2024-09-10 23:33:35.768 [info] > git for-each-ref --format=%(refname)%00%(upstream:short)%00%(objectname)%00%(upstream:track)%00%(upstream:remotename)%00%(upstream:remoteref) refs/heads/Rewrite refs/remotes/Rewrite [1ms]
2024-09-10 23:33:35.772 [info] > git config --local branch.Rewrite.vscode-merge-base [1ms]
2024-09-10 23:33:35.775 [info] > git for-each-ref --format=%(refname)%00%(upstream:short)%00%(objectname)%00%(upstream:track)%00%(upstream:remotename)%00%(upstream:remoteref) refs/heads/origin/main refs/remotes/origin/main [0ms]
2024-09-10 23:33:35.963 [info] > git merge-base refs/heads/Rewrite refs/remotes/origin/main [2ms]
2024-09-10 23:33:35.970 [info] > git show -s --decorate=full --shortstat --format=%H%n%aN%n%aE%n%at%n%ct%n%P%n%D%n%B -z adf1eb576d2ca59a4dfa17065505823730ae8d5c [4ms]
2024-09-10 23:33:35.971 [info] > git log --format=%H%n%aN%n%aE%n%at%n%ct%n%P%n%D%n%B -z --shortstat --diff-merges=first-parent adf1eb576d2ca59a4dfa17065505823730ae8d5c.. --topo-order --decorate=full refs/heads/Rewrite refs/remotes/origin/main [1ms]
2024-09-11 01:29:22.526 [info] > git merge-base refs/heads/Rewrite refs/remotes/origin/main [0ms]
2024-09-11 01:29:22.541 [info] > git show -s --decorate=full --shortstat --format=%H%n%aN%n%aE%n%at%n%ct%n%P%n%D%n%B -z adf1eb576d2ca59a4dfa17065505823730ae8d5c [3ms]
2024-09-11 01:29:22.542 [info] > git log --format=%H%n%aN%n%aE%n%at%n%ct%n%P%n%D%n%B -z --shortstat --diff-merges=first-parent adf1eb576d2ca59a4dfa17065505823730ae8d5c.. --topo-order --decorate=full refs/heads/Rewrite refs/remotes/origin/main [1ms]
2024-09-11 01:29:58.310 [info] > git config --get commit.template [3ms]
2024-09-11 01:29:58.310 [info] > git for-each-ref --format=%(refname)%00%(upstream:short)%00%(objectname)%00%(upstream:track)%00%(upstream:remotename)%00%(upstream:remoteref) refs/heads/Rewrite refs/remotes/Rewrite [0ms]
2024-09-11 01:29:58.315 [info] > git status -z -uall [2ms]
2024-09-11 01:29:58.318 [info] > git for-each-ref --format=%(refname)%00%(upstream:short)%00%(objectname)%00%(upstream:track)%00%(upstream:remotename)%00%(upstream:remoteref) refs/heads/Rewrite refs/remotes/Rewrite [1ms]
2024-09-11 01:29:58.321 [info] > git config --local branch.Rewrite.vscode-merge-base [1ms]
2024-09-11 01:29:58.324 [info] > git for-each-ref --format=%(refname)%00%(upstream:short)%00%(objectname)%00%(upstream:track)%00%(upstream:remotename)%00%(upstream:remoteref) refs/heads/origin/main refs/remotes/origin/main [1ms]
2024-09-11 01:30:04.945 [info] > git show --textconv :Nixos/flake.nix [3ms]
2024-09-11 01:30:04.945 [info] > git ls-files --stage -- /home/flugel/Repos/Nixos/flake.nix [1ms]
2024-09-11 01:30:04.949 [info] > git cat-file -s 257a5dbdfe70524b692140a3d989e7a31548db17 [1ms]
2024-09-11 01:30:16.740 [info] > git check-ignore -v -z --stdin [0ms]
2024-09-11 01:30:18.274 [info] > git show --textconv :Nixos/nixos/configuration.nix [3ms]
2024-09-11 01:30:18.275 [info] > git ls-files --stage -- /home/flugel/Repos/Nixos/nixos/configuration.nix [1ms]
2024-09-11 01:30:18.279 [info] > git cat-file -s 3078f68f2988b4a1f49b0bb30f23d3f56baa9ca5 [1ms]
