2024-09-07 15:37:41.830 [info] [main] Log level: Info
2024-09-07 15:37:41.830 [info] [main] Validating found git in: "git"
2024-09-07 15:37:41.830 [info] [main] Using git "2.46.0" from "git"
2024-09-07 15:37:41.830 [info] [Model][doInitialScan] Initial repository scan started
2024-09-07 15:37:41.830 [info] [Model][doInitialScan] Initial repository scan completed - repositories (0), closed repositories (0), parent repositories (0), unsafe repositories (0)
2024-09-07 15:39:46.030 [info] [main] Log level: Info
2024-09-07 15:39:46.030 [info] [main] Validating found git in: "git"
2024-09-07 15:39:46.030 [info] [main] Using git "2.46.0" from "git"
2024-09-07 15:39:46.030 [info] [Model][doInitialScan] Initial repository scan started
2024-09-07 15:39:46.030 [info] > git rev-parse --show-toplevel [11ms]
2024-09-07 15:39:46.034 [info] > git rev-parse --show-toplevel [1ms]
2024-09-07 15:39:46.036 [info] > git rev-parse --show-toplevel [0ms]
2024-09-07 15:39:46.040 [info] > git rev-parse --show-toplevel [1ms]
2024-09-07 15:39:46.042 [info] > git rev-parse --show-toplevel [0ms]
2024-09-07 15:39:46.046 [info] > git rev-parse --show-toplevel [1ms]
2024-09-07 15:39:46.049 [info] > git rev-parse --show-toplevel [1ms]
2024-09-07 15:39:46.049 [info] [Model][doInitialScan] Initial repository scan completed - repositories (0), closed repositories (0), parent repositories (1), unsafe repositories (0)
2024-09-07 15:39:54.527 [info] > git rev-parse --show-toplevel [0ms]
2024-09-07 15:39:54.530 [info] > git rev-parse --git-dir --git-common-dir [1ms]
2024-09-07 15:39:54.534 [info] [Model][openRepository] Opened repository: /home/flugel/Repos
2024-09-07 15:39:54.539 [info] > git config --get commit.template [1ms]
2024-09-07 15:39:54.550 [info] > git for-each-ref --format=%(refname)%00%(upstream:short)%00%(objectname)%00%(upstream:track)%00%(upstream:remotename)%00%(upstream:remoteref) refs/heads/main refs/remotes/main [6ms]
2024-09-07 15:39:54.554 [info] > git status -z -uall [1ms]
2024-09-07 15:39:54.562 [info] > git for-each-ref --format=%(refname)%00%(upstream:short)%00%(objectname)%00%(upstream:track)%00%(upstream:remotename)%00%(upstream:remoteref) refs/heads/main refs/remotes/main [5ms]
2024-09-07 15:39:54.565 [info] > git config --local branch.main.vscode-merge-base [1ms]
2024-09-07 15:39:54.565 [warning] [Git][config] git config failed: Failed to execute git
2024-09-07 15:39:54.568 [info] > git config --get commit.template [6ms]
2024-09-07 15:39:54.587 [info] > git reflog main --grep-reflog=branch: Created from *. [19ms]
2024-09-07 15:39:54.591 [info] > git symbolic-ref --short refs/remotes/origin/HEAD [2ms]
2024-09-07 15:39:54.593 [info] > git for-each-ref --format=%(refname)%00%(upstream:short)%00%(objectname)%00%(upstream:track)%00%(upstream:remotename)%00%(upstream:remoteref) refs/heads/main refs/remotes/main [6ms]
2024-09-07 15:39:54.594 [info] > git for-each-ref --format=%(refname)%00%(upstream:short)%00%(objectname)%00%(upstream:track)%00%(upstream:remotename)%00%(upstream:remoteref) refs/heads/origin/main refs/remotes/origin/main [1ms]
2024-09-07 15:39:54.601 [info] > git status -z -uall [2ms]
2024-09-07 15:39:54.604 [info] > git config --local branch.main.vscode-merge-base origin/main [8ms]
2024-09-07 15:39:54.607 [info] > git for-each-ref --format=%(refname)%00%(upstream:short)%00%(objectname)%00%(upstream:track)%00%(upstream:remotename)%00%(upstream:remoteref) refs/heads/main refs/remotes/main [3ms]
2024-09-07 15:39:54.610 [info] > git config --get commit.template [3ms]
2024-09-07 15:39:54.610 [info] > git config --local branch.main.vscode-merge-base [1ms]
2024-09-07 15:39:54.615 [info] > git for-each-ref --format=%(refname)%00%(upstream:short)%00%(objectname)%00%(upstream:track)%00%(upstream:remotename)%00%(upstream:remoteref) refs/heads/origin/main refs/remotes/origin/main [2ms]
2024-09-07 15:39:54.618 [info] > git for-each-ref --format=%(refname)%00%(upstream:short)%00%(objectname)%00%(upstream:track)%00%(upstream:remotename)%00%(upstream:remoteref) refs/heads/main refs/remotes/main [3ms]
2024-09-07 15:39:54.621 [info] > git merge-base refs/heads/main refs/remotes/origin/main [3ms]
2024-09-07 15:39:54.624 [info] > git status -z -uall [3ms]
2024-09-07 15:39:54.627 [info] > git rev-list --count --left-right refs/heads/main...refs/remotes/origin/main [4ms]
2024-09-07 15:39:54.630 [info] > git for-each-ref --format=%(refname)%00%(upstream:short)%00%(objectname)%00%(upstream:track)%00%(upstream:remotename)%00%(upstream:remoteref) refs/heads/main refs/remotes/main [4ms]
2024-09-07 15:39:54.634 [info] > git config --local branch.main.vscode-merge-base [2ms]
2024-09-07 15:39:54.636 [info] > git diff --name-status -z --diff-filter=ADMR 8246b7edc9c34ad12d3c7581efc661584786f8ed...refs/remotes/origin/main [7ms]
2024-09-07 15:39:54.637 [info] > git for-each-ref --format=%(refname)%00%(upstream:short)%00%(objectname)%00%(upstream:track)%00%(upstream:remotename)%00%(upstream:remoteref) refs/heads/origin/main refs/remotes/origin/main [1ms]
2024-09-07 15:39:55.043 [info] > git check-ignore -v -z --stdin [0ms]
2024-09-07 15:39:55.781 [info] > git config --get commit.template [3ms]
2024-09-07 15:39:55.782 [info] > git for-each-ref --format=%(refname)%00%(upstream:short)%00%(objectname)%00%(upstream:track)%00%(upstream:remotename)%00%(upstream:remoteref) refs/heads/main refs/remotes/main [1ms]
2024-09-07 15:39:55.786 [info] > git status -z -uall [2ms]
2024-09-07 15:39:55.790 [info] > git for-each-ref --format=%(refname)%00%(upstream:short)%00%(objectname)%00%(upstream:track)%00%(upstream:remotename)%00%(upstream:remoteref) refs/heads/main refs/remotes/main [1ms]
2024-09-07 15:39:55.793 [info] > git config --local branch.main.vscode-merge-base [1ms]
2024-09-07 15:39:55.796 [info] > git for-each-ref --format=%(refname)%00%(upstream:short)%00%(objectname)%00%(upstream:track)%00%(upstream:remotename)%00%(upstream:remoteref) refs/heads/origin/main refs/remotes/origin/main [1ms]
2024-09-07 15:39:56.815 [info] > git show --textconv :Nixos/flake.nix [3ms]
2024-09-07 15:39:56.816 [info] > git ls-files --stage -- /home/flugel/Repos/Nixos/flake.nix [1ms]
2024-09-07 15:39:56.819 [info] > git cat-file -s d4374b12979faa1737f4796c5b3a3bf677456d0d [1ms]
2024-09-07 15:40:29.007 [info] > git check-ignore -v -z --stdin [0ms]
2024-09-07 15:40:30.180 [info] > git check-ignore -v -z --stdin [1ms]
2024-09-07 15:40:34.372 [info] > git check-ignore -v -z --stdin [1ms]
2024-09-07 15:40:35.486 [info] > git show --textconv :Nixos/modules/home-manager/Desktops/Desktop-Control.nix [3ms]
2024-09-07 15:40:35.486 [info] > git ls-files --stage -- /home/flugel/Repos/Nixos/modules/home-manager/Desktops/Desktop-Control.nix [0ms]
2024-09-07 15:41:08.832 [info] > git show --textconv :Nixos/flake.nix [3ms]
2024-09-07 15:41:08.832 [info] > git ls-files --stage -- /home/flugel/Repos/Nixos/flake.nix [0ms]
2024-09-07 15:41:08.836 [info] > git cat-file -s d4374b12979faa1737f4796c5b3a3bf677456d0d [1ms]
2024-09-07 15:41:15.560 [info] > git ls-files --stage -- /home/flugel/Repos/Nixos/modules/home-manager/default.nix [1ms]
2024-09-07 15:41:15.565 [info] > git cat-file -s be77f9c2b12feeff06bebac4f281963a263c7b0f [3ms]
2024-09-07 15:41:15.565 [info] > git show --textconv :Nixos/modules/home-manager/default.nix [9ms]
2024-09-07 15:41:17.495 [info] > git show --textconv :Nixos/modules/home-manager/Desktops/Desktop-Control.nix [3ms]
2024-09-07 15:41:17.496 [info] > git ls-files --stage -- /home/flugel/Repos/Nixos/modules/home-manager/Desktops/Desktop-Control.nix [1ms]
2024-09-07 15:41:59.191 [info] > git for-each-ref --sort -committerdate --format %(refname) %(objectname) %(*objectname) [1ms]
2024-09-07 15:51:47.264 [info] > git merge-base refs/heads/main refs/remotes/origin/main [1ms]
2024-09-07 15:51:47.272 [info] > git log --format=%H%n%aN%n%aE%n%at%n%ct%n%P%n%D%n%B -z --shortstat --diff-merges=first-parent 8246b7edc9c34ad12d3c7581efc661584786f8ed.. --topo-order --decorate=full refs/heads/main refs/remotes/origin/main [1ms]
2024-09-07 15:51:47.278 [info] > git show -s --decorate=full --shortstat --format=%H%n%aN%n%aE%n%at%n%ct%n%P%n%D%n%B -z 8246b7edc9c34ad12d3c7581efc661584786f8ed [10ms]
2024-09-07 15:51:47.314 [info] > git merge-base refs/heads/main refs/remotes/origin/main [1ms]
2024-09-07 15:51:47.325 [info] > git show -s --decorate=full --shortstat --format=%H%n%aN%n%aE%n%at%n%ct%n%P%n%D%n%B -z 8246b7edc9c34ad12d3c7581efc661584786f8ed [3ms]
2024-09-07 15:51:47.326 [info] > git log --format=%H%n%aN%n%aE%n%at%n%ct%n%P%n%D%n%B -z --shortstat --diff-merges=first-parent 8246b7edc9c34ad12d3c7581efc661584786f8ed.. --topo-order --decorate=full refs/heads/main refs/remotes/origin/main [1ms]
2024-09-07 15:51:47.818 [info] > git check-ignore -v -z --stdin [1ms]
2024-09-07 15:51:54.698 [info] > git merge-base refs/heads/main refs/remotes/origin/main [1ms]
2024-09-07 15:51:54.704 [info] > git show -s --decorate=full --shortstat --format=%H%n%aN%n%aE%n%at%n%ct%n%P%n%D%n%B -z 8246b7edc9c34ad12d3c7581efc661584786f8ed [3ms]
2024-09-07 15:51:54.704 [info] > git log --format=%H%n%aN%n%aE%n%at%n%ct%n%P%n%D%n%B -z --shortstat --diff-merges=first-parent 8246b7edc9c34ad12d3c7581efc661584786f8ed.. --topo-order --decorate=full refs/heads/main refs/remotes/origin/main [0ms]
2024-09-07 15:51:56.106 [info] > git merge-base refs/heads/main refs/remotes/origin/main [1ms]
2024-09-07 15:51:56.114 [info] > git show -s --decorate=full --shortstat --format=%H%n%aN%n%aE%n%at%n%ct%n%P%n%D%n%B -z 8246b7edc9c34ad12d3c7581efc661584786f8ed [4ms]
2024-09-07 15:51:56.115 [info] > git log --format=%H%n%aN%n%aE%n%at%n%ct%n%P%n%D%n%B -z --shortstat --diff-merges=first-parent 8246b7edc9c34ad12d3c7581efc661584786f8ed.. --topo-order --decorate=full refs/heads/main refs/remotes/origin/main [1ms]
2024-09-07 15:51:57.130 [info] > git merge-base refs/heads/main refs/remotes/origin/main [1ms]
2024-09-07 15:51:57.137 [info] > git show -s --decorate=full --shortstat --format=%H%n%aN%n%aE%n%at%n%ct%n%P%n%D%n%B -z 8246b7edc9c34ad12d3c7581efc661584786f8ed [3ms]
2024-09-07 15:51:57.138 [info] > git log --format=%H%n%aN%n%aE%n%at%n%ct%n%P%n%D%n%B -z --shortstat --diff-merges=first-parent 8246b7edc9c34ad12d3c7581efc661584786f8ed.. --topo-order --decorate=full refs/heads/main refs/remotes/origin/main [1ms]
2024-09-07 15:56:45.616 [info] > git check-ignore -v -z --stdin [1ms]
2024-09-07 15:56:46.824 [info] > git check-ignore -v -z --stdin [1ms]
2024-09-07 15:56:49.262 [info] > git show --textconv :Nixos/modules/home-manager/Desktops/WM/Hyprland/Hyprland.nix [3ms]
2024-09-07 15:56:49.263 [info] > git ls-files --stage -- /home/flugel/Repos/Nixos/modules/home-manager/Desktops/WM/Hyprland/Hyprland.nix [1ms]
2024-09-07 15:56:51.888 [info] > git show --textconv :Nixos/modules/home-manager/Desktops/Desktop-Control.nix [4ms]
2024-09-07 15:56:51.888 [info] > git ls-files --stage -- /home/flugel/Repos/Nixos/modules/home-manager/Desktops/Desktop-Control.nix [1ms]
2024-09-07 16:11:55.480 [info] > git check-ignore -v -z --stdin [1ms]
2024-09-07 16:12:09.443 [info] > git check-ignore -v -z --stdin [1ms]
2024-09-07 16:12:11.670 [info] > git show --textconv :Nixos/modules/home-manager/Utils/Utils.nix [4ms]
2024-09-07 16:12:11.670 [info] > git ls-files --stage -- /home/flugel/Repos/Nixos/modules/home-manager/Utils/Utils.nix [1ms]
2024-09-07 16:12:11.674 [info] > git cat-file -s a0c14148a02fdd7ad9f1785d3b20ce9b3d07970c [1ms]
2024-09-07 16:12:33.004 [info] > git show --textconv :Nixos/modules/home-manager/Desktops/WM/Hyprland/Hyprland.nix [3ms]
2024-09-07 16:12:33.005 [info] > git ls-files --stage -- /home/flugel/Repos/Nixos/modules/home-manager/Desktops/WM/Hyprland/Hyprland.nix [1ms]
2024-09-07 16:28:31.200 [info] > git show --textconv :Nixos/flake.nix [3ms]
2024-09-07 16:28:31.200 [info] > git ls-files --stage -- /home/flugel/Repos/Nixos/flake.nix [1ms]
2024-09-07 16:28:31.203 [info] > git cat-file -s d4374b12979faa1737f4796c5b3a3bf677456d0d [1ms]
2024-09-07 16:28:34.502 [info] > git show --textconv :Nixos/modules/home-manager/Desktops/WM/Hyprland/Hyprland.nix [3ms]
2024-09-07 16:28:34.503 [info] > git ls-files --stage -- /home/flugel/Repos/Nixos/modules/home-manager/Desktops/WM/Hyprland/Hyprland.nix [1ms]
2024-09-07 16:29:14.711 [info] > git show --textconv :Nixos/modules/home-manager/Desktops/Desktop-Control.nix [3ms]
2024-09-07 16:29:14.711 [info] > git ls-files --stage -- /home/flugel/Repos/Nixos/modules/home-manager/Desktops/Desktop-Control.nix [0ms]
2024-09-07 16:29:16.171 [info] > git show --textconv :Nixos/flake.nix [3ms]
2024-09-07 16:29:16.171 [info] > git ls-files --stage -- /home/flugel/Repos/Nixos/flake.nix [1ms]
2024-09-07 16:29:16.175 [info] > git cat-file -s d4374b12979faa1737f4796c5b3a3bf677456d0d [1ms]
2024-09-07 16:29:32.647 [info] > git show --textconv :Nixos/modules/home-manager/Desktops/Desktop-Control.nix [3ms]
2024-09-07 16:29:32.647 [info] > git ls-files --stage -- /home/flugel/Repos/Nixos/modules/home-manager/Desktops/Desktop-Control.nix [0ms]
2024-09-07 16:29:34.678 [info] > git show --textconv :Nixos/modules/home-manager/Desktops/WM/Hyprland/Hyprland.nix [4ms]
2024-09-07 16:29:34.678 [info] > git ls-files --stage -- /home/flugel/Repos/Nixos/modules/home-manager/Desktops/WM/Hyprland/Hyprland.nix [1ms]
2024-09-07 17:17:29.447 [info] > git config --get commit.template [3ms]
2024-09-07 17:17:29.447 [info] > git for-each-ref --format=%(refname)%00%(upstream:short)%00%(objectname)%00%(upstream:track)%00%(upstream:remotename)%00%(upstream:remoteref) refs/heads/main refs/remotes/main [1ms]
2024-09-07 17:17:29.451 [info] > git status -z -uall [1ms]
2024-09-07 17:17:29.455 [info] > git for-each-ref --format=%(refname)%00%(upstream:short)%00%(objectname)%00%(upstream:track)%00%(upstream:remotename)%00%(upstream:remoteref) refs/heads/main refs/remotes/main [1ms]
2024-09-07 17:17:29.458 [info] > git config --local branch.main.vscode-merge-base [1ms]
2024-09-07 17:17:29.461 [info] > git for-each-ref --format=%(refname)%00%(upstream:short)%00%(objectname)%00%(upstream:track)%00%(upstream:remotename)%00%(upstream:remoteref) refs/heads/origin/main refs/remotes/origin/main [1ms]
2024-09-07 17:58:07.806 [info] > git check-ignore -v -z --stdin [1ms]
2024-09-07 17:58:08.940 [info] > git show --textconv :Nixos/pkgs/default.nix [3ms]
2024-09-07 17:58:08.941 [info] > git ls-files --stage -- /home/flugel/Repos/Nixos/pkgs/default.nix [1ms]
2024-09-07 17:58:08.944 [info] > git cat-file -s 439ea95fd260131e6b1c38dc7d0a274187258795 [1ms]
2024-09-07 17:58:23.634 [info] > git check-ignore -v -z --stdin [1ms]
2024-09-07 17:58:27.150 [info] > git show --textconv :Nixos/modules/home-manager/Desktops/WM/Hyprland/Hyprland.nix [3ms]
2024-09-07 17:58:27.150 [info] > git ls-files --stage -- /home/flugel/Repos/Nixos/modules/home-manager/Desktops/WM/Hyprland/Hyprland.nix [1ms]
2024-09-07 17:58:59.518 [info] > git check-ignore -v -z --stdin [1ms]
2024-09-07 17:59:00.096 [info] > git config --get commit.template [4ms]
2024-09-07 17:59:00.097 [info] > git for-each-ref --format=%(refname)%00%(upstream:short)%00%(objectname)%00%(upstream:track)%00%(upstream:remotename)%00%(upstream:remoteref) refs/heads/main refs/remotes/main [1ms]
2024-09-07 17:59:00.102 [info] > git status -z -uall [2ms]
2024-09-07 17:59:00.108 [info] > git for-each-ref --format=%(refname)%00%(upstream:short)%00%(objectname)%00%(upstream:track)%00%(upstream:remotename)%00%(upstream:remoteref) refs/heads/main refs/remotes/main [2ms]
2024-09-07 17:59:00.113 [info] > git config --local branch.main.vscode-merge-base [1ms]
2024-09-07 17:59:00.117 [info] > git for-each-ref --format=%(refname)%00%(upstream:short)%00%(objectname)%00%(upstream:track)%00%(upstream:remotename)%00%(upstream:remoteref) refs/heads/origin/main refs/remotes/origin/main [1ms]
2024-09-07 18:00:11.257 [info] > git check-ignore -v -z --stdin [1ms]
2024-09-07 18:00:24.864 [info] > git check-ignore -v -z --stdin [1ms]
2024-09-07 18:00:46.198 [info] > git config --get commit.template [3ms]
2024-09-07 18:00:46.199 [info] > git for-each-ref --format=%(refname)%00%(upstream:short)%00%(objectname)%00%(upstream:track)%00%(upstream:remotename)%00%(upstream:remoteref) refs/heads/main refs/remotes/main [1ms]
2024-09-07 18:00:46.204 [info] > git status -z -uall [2ms]
2024-09-07 18:00:46.208 [info] > git for-each-ref --format=%(refname)%00%(upstream:short)%00%(objectname)%00%(upstream:track)%00%(upstream:remotename)%00%(upstream:remoteref) refs/heads/main refs/remotes/main [1ms]
2024-09-07 18:00:46.212 [info] > git config --local branch.main.vscode-merge-base [1ms]
2024-09-07 18:00:46.215 [info] > git for-each-ref --format=%(refname)%00%(upstream:short)%00%(objectname)%00%(upstream:track)%00%(upstream:remotename)%00%(upstream:remoteref) refs/heads/origin/main refs/remotes/origin/main [0ms]
2024-09-07 18:00:51.218 [info] > git config --get commit.template [4ms]
2024-09-07 18:00:51.218 [info] > git for-each-ref --format=%(refname)%00%(upstream:short)%00%(objectname)%00%(upstream:track)%00%(upstream:remotename)%00%(upstream:remoteref) refs/heads/main refs/remotes/main [1ms]
2024-09-07 18:00:51.222 [info] > git status -z -uall [1ms]
2024-09-07 18:00:51.226 [info] > git for-each-ref --format=%(refname)%00%(upstream:short)%00%(objectname)%00%(upstream:track)%00%(upstream:remotename)%00%(upstream:remoteref) refs/heads/main refs/remotes/main [1ms]
2024-09-07 18:00:51.229 [info] > git config --local branch.main.vscode-merge-base [0ms]
2024-09-07 18:00:51.232 [info] > git for-each-ref --format=%(refname)%00%(upstream:short)%00%(objectname)%00%(upstream:track)%00%(upstream:remotename)%00%(upstream:remoteref) refs/heads/origin/main refs/remotes/origin/main [0ms]
2024-09-07 18:00:57.415 [info] > git show --textconv :Nixos/flake.nix [4ms]
2024-09-07 18:00:57.416 [info] > git ls-files --stage -- /home/flugel/Repos/Nixos/flake.nix [1ms]
2024-09-07 18:00:57.419 [info] > git cat-file -s d4374b12979faa1737f4796c5b3a3bf677456d0d [0ms]
2024-09-07 18:02:26.974 [info] > git show --textconv :Nixos/pkgs/Flake stuff/Hyprsplit.nix [3ms]
2024-09-07 18:02:26.975 [info] > git ls-files --stage -- /home/flugel/Repos/Nixos/pkgs/Flake stuff/Hyprsplit.nix [1ms]
2024-09-07 18:02:56.035 [info] > git show --textconv :Nixos/pkgs/default.nix [4ms]
2024-09-07 18:02:56.035 [info] > git ls-files --stage -- /home/flugel/Repos/Nixos/pkgs/default.nix [1ms]
2024-09-07 18:02:56.039 [info] > git cat-file -s 439ea95fd260131e6b1c38dc7d0a274187258795 [1ms]
2024-09-07 18:02:58.612 [info] > git show --textconv :Nixos/flake.nix [3ms]
2024-09-07 18:02:58.612 [info] > git ls-files --stage -- /home/flugel/Repos/Nixos/flake.nix [0ms]
2024-09-07 18:02:58.616 [info] > git cat-file -s d4374b12979faa1737f4796c5b3a3bf677456d0d [0ms]
2024-09-07 18:04:15.609 [info] > git check-ignore -v -z --stdin [1ms]
2024-09-07 18:04:16.176 [info] > git config --get commit.template [4ms]
2024-09-07 18:04:16.176 [info] > git for-each-ref --format=%(refname)%00%(upstream:short)%00%(objectname)%00%(upstream:track)%00%(upstream:remotename)%00%(upstream:remoteref) refs/heads/main refs/remotes/main [1ms]
2024-09-07 18:04:16.181 [info] > git status -z -uall [2ms]
2024-09-07 18:04:16.185 [info] > git for-each-ref --format=%(refname)%00%(upstream:short)%00%(objectname)%00%(upstream:track)%00%(upstream:remotename)%00%(upstream:remoteref) refs/heads/main refs/remotes/main [0ms]
2024-09-07 18:04:16.189 [info] > git config --local branch.main.vscode-merge-base [1ms]
2024-09-07 18:04:16.192 [info] > git for-each-ref --format=%(refname)%00%(upstream:short)%00%(objectname)%00%(upstream:track)%00%(upstream:remotename)%00%(upstream:remoteref) refs/heads/origin/main refs/remotes/origin/main [1ms]
2024-09-07 18:04:23.229 [info] > git check-ignore -v -z --stdin [1ms]
2024-09-07 18:06:58.036 [info] > git show --textconv :Nixos/modules/home-manager/default.nix [3ms]
2024-09-07 18:06:58.036 [info] > git ls-files --stage -- /home/flugel/Repos/Nixos/modules/home-manager/default.nix [0ms]
2024-09-07 18:06:58.040 [info] > git cat-file -s be77f9c2b12feeff06bebac4f281963a263c7b0f [1ms]
2024-09-07 18:06:59.448 [info] > git show --textconv :Nixos/modules/home-manager/Utils/Utils.nix [3ms]
2024-09-07 18:06:59.449 [info] > git ls-files --stage -- /home/flugel/Repos/Nixos/modules/home-manager/Utils/Utils.nix [1ms]
2024-09-07 18:06:59.452 [info] > git cat-file -s a0c14148a02fdd7ad9f1785d3b20ce9b3d07970c [1ms]
2024-09-07 18:07:07.761 [info] > git config --get commit.template [3ms]
2024-09-07 18:07:07.761 [info] > git for-each-ref --format=%(refname)%00%(upstream:short)%00%(objectname)%00%(upstream:track)%00%(upstream:remotename)%00%(upstream:remoteref) refs/heads/main refs/remotes/main [1ms]
2024-09-07 18:07:07.766 [info] > git status -z -uall [2ms]
2024-09-07 18:07:07.770 [info] > git for-each-ref --format=%(refname)%00%(upstream:short)%00%(objectname)%00%(upstream:track)%00%(upstream:remotename)%00%(upstream:remoteref) refs/heads/main refs/remotes/main [1ms]
2024-09-07 18:07:07.773 [info] > git config --local branch.main.vscode-merge-base [0ms]
2024-09-07 18:07:07.777 [info] > git for-each-ref --format=%(refname)%00%(upstream:short)%00%(objectname)%00%(upstream:track)%00%(upstream:remotename)%00%(upstream:remoteref) refs/heads/origin/main refs/remotes/origin/main [1ms]
2024-09-07 18:07:08.729 [info] > git show --textconv :Nixos/modules/home-manager/Desktops/Display-Managers/SDDM.nix [3ms]
2024-09-07 18:07:08.729 [info] > git ls-files --stage -- /home/flugel/Repos/Nixos/modules/home-manager/Desktops/Display-Managers/SDDM.nix [0ms]
2024-09-07 18:07:08.733 [info] > git cat-file -s ac15d82a360725747fec803647a8ca85abf47918 [1ms]
2024-09-07 18:07:54.504 [info] > git show --textconv :Nixos/modules/home-manager/Desktops/WM/Hyprland/Hyprland.nix [3ms]
2024-09-07 18:07:54.504 [info] > git ls-files --stage -- /home/flugel/Repos/Nixos/modules/home-manager/Desktops/WM/Hyprland/Hyprland.nix [1ms]
2024-09-08 21:44:44.400 [info] > git check-ignore -v -z --stdin [3ms]
2024-09-08 21:44:48.663 [info] > git ls-files --stage -- /home/flugel/Repos/Nixos/modules/home-manager/Desktops/WM/Wayland Dotfiles/rofi/theme.rasi [1ms]
2024-09-08 21:44:48.665 [info] > git show --textconv :Nixos/modules/home-manager/Desktops/WM/Wayland Dotfiles/rofi/theme.rasi [5ms]
2024-09-08 21:44:48.666 [info] > git cat-file -s b5de3296a8c0b84a4f21baaf91af43eeab8e17e9 [1ms]
2024-09-08 21:44:51.299 [info] > git show --textconv :Nixos/modules/home-manager/Desktops/WM/Wayland Dotfiles/rofi/wallbash.rasi [3ms]
2024-09-08 21:44:51.299 [info] > git ls-files --stage -- /home/flugel/Repos/Nixos/modules/home-manager/Desktops/WM/Wayland Dotfiles/rofi/wallbash.rasi [0ms]
2024-09-08 21:44:51.303 [info] > git cat-file -s ca2ffc7cd501010bc2389ae26e6f729104a269df [1ms]
2024-09-08 21:45:26.949 [info] > git show --textconv :Nixos/modules/home-manager/Desktops/WM/Wayland Dotfiles/rofi/quickapps.rasi [3ms]
2024-09-08 21:45:26.950 [info] > git ls-files --stage -- /home/flugel/Repos/Nixos/modules/home-manager/Desktops/WM/Wayland Dotfiles/rofi/quickapps.rasi [1ms]
2024-09-08 21:45:26.953 [info] > git cat-file -s 75941bebb0872596bad9d8fa22dd56d4846b5294 [1ms]
2024-09-08 21:45:38.108 [info] > git check-ignore -v -z --stdin [1ms]
2024-09-08 21:45:38.855 [info] > git ls-files --stage -- /home/flugel/Repos/Nixos/modules/home-manager/Desktops/WM/Wayland Dotfiles/rofi/styles/style_1.rasi [1ms]
2024-09-08 21:45:38.861 [info] > git cat-file -s 81e22f0141e41cdfc5c88fe97e9036a36348f99a [4ms]
2024-09-08 21:45:38.861 [info] > git show --textconv :Nixos/modules/home-manager/Desktops/WM/Wayland Dotfiles/rofi/styles/style_1.rasi [9ms]
2024-09-08 21:45:40.343 [info] > git show --textconv :Nixos/modules/home-manager/Desktops/WM/Wayland Dotfiles/rofi/styles/style_2.rasi [3ms]
2024-09-08 21:45:40.343 [info] > git ls-files --stage -- /home/flugel/Repos/Nixos/modules/home-manager/Desktops/WM/Wayland Dotfiles/rofi/styles/style_2.rasi [1ms]
2024-09-08 21:45:40.346 [info] > git cat-file -s 552148265dd1c90d3408815c5834ba610ef5f1da [1ms]
2024-09-08 21:45:41.174 [info] > git show --textconv :Nixos/modules/home-manager/Desktops/WM/Wayland Dotfiles/rofi/styles/style_4.rasi [3ms]
2024-09-08 21:45:41.174 [info] > git ls-files --stage -- /home/flugel/Repos/Nixos/modules/home-manager/Desktops/WM/Wayland Dotfiles/rofi/styles/style_4.rasi [1ms]
2024-09-08 21:45:41.177 [info] > git cat-file -s 15a021efb3cd87d1618755d14e55f77a3c75cf40 [1ms]
2024-09-08 21:45:42.326 [info] > git ls-files --stage -- /home/flugel/Repos/Nixos/modules/home-manager/Desktops/WM/Wayland Dotfiles/rofi/styles/style_5.rasi [1ms]
2024-09-08 21:45:42.329 [info] > git show --textconv :Nixos/modules/home-manager/Desktops/WM/Wayland Dotfiles/rofi/styles/style_5.rasi [7ms]
2024-09-08 21:45:42.330 [info] > git cat-file -s edb6f3d31024c0239341c0717bfa2420af00fa84 [1ms]
2024-09-08 21:45:42.889 [info] > git show --textconv :Nixos/modules/home-manager/Desktops/WM/Wayland Dotfiles/rofi/styles/style_8.rasi [3ms]
2024-09-08 21:45:42.890 [info] > git ls-files --stage -- /home/flugel/Repos/Nixos/modules/home-manager/Desktops/WM/Wayland Dotfiles/rofi/styles/style_8.rasi [1ms]
2024-09-08 21:45:42.893 [info] > git cat-file -s 1a7bf36ac74cf8aeac1bf02ef836394ffa449d2f [1ms]
2024-09-08 21:45:44.188 [info] > git ls-files --stage -- /home/flugel/Repos/Nixos/modules/home-manager/Desktops/WM/Wayland Dotfiles/rofi/styles/style_10.rasi [1ms]
2024-09-08 21:45:44.193 [info] > git cat-file -s 13c8d7814ac8ab536726208beba82e1453dfb517 [3ms]
2024-09-08 21:45:44.193 [info] > git show --textconv :Nixos/modules/home-manager/Desktops/WM/Wayland Dotfiles/rofi/styles/style_10.rasi [9ms]
2024-09-08 21:45:44.780 [info] > git show --textconv :Nixos/modules/home-manager/Desktops/WM/Wayland Dotfiles/rofi/styles/style_12.rasi [2ms]
2024-09-08 21:45:44.781 [info] > git ls-files --stage -- /home/flugel/Repos/Nixos/modules/home-manager/Desktops/WM/Wayland Dotfiles/rofi/styles/style_12.rasi [1ms]
2024-09-08 21:45:44.784 [info] > git cat-file -s 0f2f990a1a3ece8a531b7c06e687471dfbc2c0f7 [1ms]
2024-09-08 21:45:59.545 [info] > git show --textconv :Nixos/modules/home-manager/Desktops/WM/Wayland Dotfiles/rofi/notification.rasi [3ms]
2024-09-08 21:45:59.545 [info] > git ls-files --stage -- /home/flugel/Repos/Nixos/modules/home-manager/Desktops/WM/Wayland Dotfiles/rofi/notification.rasi [0ms]
2024-09-08 21:45:59.548 [info] > git cat-file -s f7da2a12fe0e57ad10b5c94ecce78a19b1e908ea [0ms]
2024-09-08 21:46:00.298 [info] > git show --textconv :Nixos/modules/home-manager/Desktops/WM/Wayland Dotfiles/rofi/selector.rasi [3ms]
2024-09-08 21:46:00.299 [info] > git ls-files --stage -- /home/flugel/Repos/Nixos/modules/home-manager/Desktops/WM/Wayland Dotfiles/rofi/selector.rasi [1ms]
2024-09-08 21:46:00.302 [info] > git cat-file -s edfda45ff986ea614bdfdd67edd7ead7f4920c70 [1ms]
2024-09-08 21:46:01.235 [info] > git show --textconv :Nixos/modules/home-manager/Desktops/WM/Wayland Dotfiles/rofi/quickapps.rasi [3ms]
2024-09-08 21:46:01.236 [info] > git ls-files --stage -- /home/flugel/Repos/Nixos/modules/home-manager/Desktops/WM/Wayland Dotfiles/rofi/quickapps.rasi [1ms]
2024-09-08 21:46:01.239 [info] > git cat-file -s 75941bebb0872596bad9d8fa22dd56d4846b5294 [1ms]
2024-09-08 21:46:07.665 [info] > git show --textconv :Nixos/modules/home-manager/Desktops/WM/Wayland Dotfiles/rofi/notification.rasi [3ms]
2024-09-08 21:46:07.666 [info] > git ls-files --stage -- /home/flugel/Repos/Nixos/modules/home-manager/Desktops/WM/Wayland Dotfiles/rofi/notification.rasi [1ms]
2024-09-08 21:46:07.669 [info] > git cat-file -s f7da2a12fe0e57ad10b5c94ecce78a19b1e908ea [1ms]
2024-09-08 21:46:08.969 [info] > git show --textconv :Nixos/modules/home-manager/Desktops/WM/Wayland Dotfiles/rofi/clipboard.rasi [3ms]
2024-09-08 21:46:08.970 [info] > git ls-files --stage -- /home/flugel/Repos/Nixos/modules/home-manager/Desktops/WM/Wayland Dotfiles/rofi/clipboard.rasi [1ms]
2024-09-08 21:46:08.973 [info] > git cat-file -s 09a11eaadcfe090fd48166e88a56390798b1decb [1ms]
2024-09-08 21:48:43.685 [info] > git check-ignore -v -z --stdin [1ms]
2024-09-08 21:49:00.665 [info] > git check-ignore -v -z --stdin [0ms]
2024-09-08 21:49:02.628 [info] > git show --textconv :Nixos/modules/home-manager/Desktops/WM/Wayland Dotfiles/rofi/wallbash.rasi [2ms]
2024-09-08 21:49:02.629 [info] > git ls-files --stage -- /home/flugel/Repos/Nixos/modules/home-manager/Desktops/WM/Wayland Dotfiles/rofi/wallbash.rasi [1ms]
2024-09-08 21:49:02.632 [info] > git cat-file -s ca2ffc7cd501010bc2389ae26e6f729104a269df [1ms]
