2024-09-13 18:19:06.677 [info] Reading sessions from keychain...
2024-09-13 18:19:06.677 [info] Getting sessions for all scopes...
2024-09-13 18:19:06.677 [info] Got 0 sessions for ...
2024-09-13 18:19:06.677 [info] Getting sessions for read:user,repo,user:email,workflow...
2024-09-13 18:19:06.677 [info] Got 0 sessions for read:user,repo,user:email,workflow...
2024-09-13 18:19:31.575 [info] Getting sessions for read:user,repo,user:email,workflow...
2024-09-13 18:19:31.575 [info] Got 0 sessions for read:user,repo,user:email,workflow...
2024-09-13 18:19:36.398 [info] Logging in with 'any' account...
2024-09-13 18:19:36.398 [info] Logging in for the following scopes: read:user repo user:email workflow
2024-09-13 18:19:36.403 [info] Trying device code flow... (read:user repo user:email workflow)
2024-09-13 18:20:14.382 [info] Getting user info...
2024-09-13 18:20:14.556 [info] Got account info!
2024-09-13 18:20:14.556 [info] Storing 1 sessions...
2024-09-13 18:20:18.366 [info] Reading sessions from keychain...
2024-09-13 18:20:18.366 [info] Stored 1 sessions!
2024-09-13 18:20:18.366 [info] Login success!
2024-09-13 18:20:18.395 [info] Got stored sessions!
2024-09-13 18:20:18.395 [info] Got 1 verified sessions.
2024-09-13 18:20:18.544 [info] Getting sessions for read:user,repo,user:email,workflow...
2024-09-13 18:20:18.544 [info] Got 1 sessions for read:user,repo,user:email,workflow...
2024-09-13 18:27:55.623 [info] Getting sessions for read:user,repo,user:email,workflow...
2024-09-13 18:27:55.623 [info] Got 1 sessions for read:user,repo,user:email,workflow...
