[2024-09-15 17:54:20.117][verbose] Chromium sandbox is enabled
[2024-09-15 17:54:20.118][info] Running version 2024.5
[2024-09-15 17:54:20.183][info] Detected locale: en-US
[2024-09-15 17:54:20.235][info] Connected to the daemon
[2024-09-15 17:54:20.273][info] Skip autoconnect because account token is not set
[2024-09-15 17:54:20.341][error] Child process of type GPU exited with exit code 8704 due to abnormal-exit
[2024-09-15 17:54:20.521][error] Child process of type GPU exited with exit code 8704 due to abnormal-exit
[2024-09-15 17:54:20.694][error] Child process of type GPU exited with exit code 8704 due to abnormal-exit
[2024-09-15 17:54:20.824][error] Failed to check autostart file: ENOENT: no such file or directory, access '/home/flugel/.config/autostart/mullvad-vpn.desktop'
[2024-09-15 18:54:20.242][verbose] GRPC Channel connectivity state changed to 2
[2024-09-15 19:54:20.242][verbose] GRPC Channel connectivity state changed to 2
[2024-09-15 20:54:20.251][verbose] GRPC Channel connectivity state changed to 2
[2024-09-15 21:54:20.258][verbose] GRPC Channel connectivity state changed to 2
[2024-09-15 22:54:20.261][verbose] GRPC Channel connectivity state changed to 2
[2024-09-15 23:54:20.269][verbose] GRPC Channel connectivity state changed to 2
[2024-09-16 00:54:20.275][verbose] GRPC Channel connectivity state changed to 2
[2024-09-16 01:54:20.277][verbose] GRPC Channel connectivity state changed to 2
[2024-09-16 02:54:20.287][verbose] GRPC Channel connectivity state changed to 2
[2024-09-16 03:54:20.292][verbose] GRPC Channel connectivity state changed to 2
[2024-09-16 04:54:20.295][verbose] GRPC Channel connectivity state changed to 2
[2024-09-16 05:54:20.298][verbose] GRPC Channel connectivity state changed to 2
[2024-09-16 06:54:20.304][verbose] GRPC Channel connectivity state changed to 2
[2024-09-16 07:54:20.307][verbose] GRPC Channel connectivity state changed to 2
[2024-09-16 08:54:20.317][verbose] GRPC Channel connectivity state changed to 2
[2024-09-16 09:24:54.002][info] Showing notification icon: "Account credit expires in 2 days. Buy more credit."
[2024-09-16 09:54:20.323][verbose] GRPC Channel connectivity state changed to 2
[2024-09-16 10:54:20.323][verbose] GRPC Channel connectivity state changed to 2
[2024-09-16 11:54:20.329][verbose] GRPC Channel connectivity state changed to 2
[2024-09-16 12:54:20.336][verbose] GRPC Channel connectivity state changed to 2
[2024-09-16 13:54:20.337][verbose] GRPC Channel connectivity state changed to 2
[2024-09-16 14:54:20.345][verbose] GRPC Channel connectivity state changed to 2
[2024-09-16 15:54:20.348][verbose] GRPC Channel connectivity state changed to 2
[2024-09-16 16:54:20.349][verbose] GRPC Channel connectivity state changed to 2
[2024-09-16 17:54:20.354][verbose] GRPC Channel connectivity state changed to 2
[2024-09-16 18:54:20.355][verbose] GRPC Channel connectivity state changed to 2
[2024-09-16 19:54:20.356][verbose] GRPC Channel connectivity state changed to 2
[2024-09-16 20:54:20.364][verbose] GRPC Channel connectivity state changed to 2
[2024-09-16 21:24:54.009][info] Hiding notification icon
[2024-09-16 21:24:54.010][info] Showing notification icon: "Account credit expires in 2 days. Buy more credit."
[2024-09-16 21:54:20.366][verbose] GRPC Channel connectivity state changed to 2
[2024-09-16 22:54:20.367][verbose] GRPC Channel connectivity state changed to 2
[2024-09-16 23:54:20.372][verbose] GRPC Channel connectivity state changed to 2
[2024-09-17 00:54:20.375][verbose] GRPC Channel connectivity state changed to 2
