2024-09-12 12:07:06.095 [info] [main] Log level: Info
2024-09-12 12:07:06.095 [info] [main] Validating found git in: "git"
2024-09-12 12:07:06.095 [info] [main] Using git "2.46.0" from "git"
2024-09-12 12:07:06.095 [info] [Model][doInitialScan] Initial repository scan started
2024-09-12 12:07:06.095 [info] > git rev-parse --show-toplevel [1ms]
2024-09-12 12:07:06.095 [info] > git rev-parse --git-dir --git-common-dir [1ms]
2024-09-12 12:07:06.095 [info] [Model][openRepository] Opened repository: /home/flugel/Repos
2024-09-12 12:07:06.106 [info] > git rev-parse --show-toplevel [6ms]
2024-09-12 12:07:06.107 [info] > git config --get commit.template [9ms]
2024-09-12 12:07:06.114 [info] > git rev-parse --show-toplevel [4ms]
2024-09-12 12:07:06.117 [info] > git for-each-ref --format=%(refname)%00%(upstream:short)%00%(objectname)%00%(upstream:track)%00%(upstream:remotename)%00%(upstream:remoteref) refs/heads/Rewrite refs/remotes/Rewrite [4ms]
2024-09-12 12:07:06.120 [info] > git rev-parse --show-toplevel [3ms]
2024-09-12 12:07:06.124 [info] > git status -z -uall [4ms]
2024-09-12 12:07:06.131 [info] > git for-each-ref --format=%(refname)%00%(upstream:short)%00%(objectname)%00%(upstream:track)%00%(upstream:remotename)%00%(upstream:remoteref) refs/heads/Rewrite refs/remotes/Rewrite [5ms]
2024-09-12 12:07:06.134 [info] > git rev-parse --show-toplevel [11ms]
2024-09-12 12:07:06.137 [info] > git config --local branch.Rewrite.vscode-merge-base [3ms]
2024-09-12 12:07:06.140 [info] > git config --get commit.template [8ms]
2024-09-12 12:07:06.140 [info] > git rev-parse --show-toplevel [3ms]
2024-09-12 12:07:06.149 [info] > git for-each-ref --format=%(refname)%00%(upstream:short)%00%(objectname)%00%(upstream:track)%00%(upstream:remotename)%00%(upstream:remoteref) refs/heads/origin/main refs/remotes/origin/main [10ms]
2024-09-12 12:07:06.150 [info] > git rev-parse --show-toplevel [1ms]
2024-09-12 12:07:06.150 [info] > git for-each-ref --format=%(refname)%00%(upstream:short)%00%(objectname)%00%(upstream:track)%00%(upstream:remotename)%00%(upstream:remoteref) refs/heads/Rewrite refs/remotes/Rewrite [3ms]
2024-09-12 12:07:06.155 [info] > git status -z -uall [3ms]
2024-09-12 12:07:06.155 [info] > git rev-parse --show-toplevel [0ms]
2024-09-12 12:07:06.155 [info] [Model][doInitialScan] Initial repository scan completed - repositories (1), closed repositories (0), parent repositories (0), unsafe repositories (0)
2024-09-12 12:07:06.159 [info] > git for-each-ref --format=%(refname)%00%(upstream:short)%00%(objectname)%00%(upstream:track)%00%(upstream:remotename)%00%(upstream:remoteref) refs/heads/Rewrite refs/remotes/Rewrite [1ms]
2024-09-12 12:07:06.162 [info] > git config --local branch.Rewrite.vscode-merge-base [1ms]
2024-09-12 12:07:06.165 [info] > git for-each-ref --format=%(refname)%00%(upstream:short)%00%(objectname)%00%(upstream:track)%00%(upstream:remotename)%00%(upstream:remoteref) refs/heads/origin/main refs/remotes/origin/main [1ms]
2024-09-12 12:07:06.401 [info] > git show --textconv :Nixos/modules/home-manager/Themes/Stylix.nix [3ms]
2024-09-12 12:07:06.401 [info] > git ls-files --stage -- /home/flugel/Repos/Nixos/modules/home-manager/Themes/Stylix.nix [0ms]
2024-09-12 12:07:06.611 [info] > git check-ignore -v -z --stdin [0ms]
2024-09-12 12:22:40.328 [info] > git show --textconv :Nixos/flake.nix [3ms]
2024-09-12 12:22:40.328 [info] > git ls-files --stage -- /home/flugel/Repos/Nixos/flake.nix [0ms]
2024-09-12 12:22:40.332 [info] > git cat-file -s 00c68c1d236e1b40152c87f60239451c62268c0a [0ms]
2024-09-12 13:20:00.579 [info] > git show --textconv :Nixos/nixos/configuration.nix [2ms]
2024-09-12 13:20:00.580 [info] > git ls-files --stage -- /home/flugel/Repos/Nixos/nixos/configuration.nix [1ms]
2024-09-12 13:20:00.583 [info] > git cat-file -s 3078f68f2988b4a1f49b0bb30f23d3f56baa9ca5 [1ms]
2024-09-12 13:20:02.156 [info] > git show --textconv :Nixos/flake.nix [3ms]
2024-09-12 13:20:02.157 [info] > git ls-files --stage -- /home/flugel/Repos/Nixos/flake.nix [1ms]
2024-09-12 13:20:02.160 [info] > git cat-file -s 00c68c1d236e1b40152c87f60239451c62268c0a [1ms]
2024-09-12 13:29:04.948 [info] > git show --textconv :Nixos/modules/home-manager/Themes/Stylix.nix [2ms]
2024-09-12 13:29:04.949 [info] > git ls-files --stage -- /home/flugel/Repos/Nixos/modules/home-manager/Themes/Stylix.nix [1ms]
2024-09-12 13:29:25.266 [info] > git show --textconv :Nixos/modules/home-manager/Themes/Icon theme/Icon-Theme.ni [3ms]
2024-09-12 13:29:25.266 [info] > git ls-files --stage -- /home/flugel/Repos/Nixos/modules/home-manager/Themes/Icon theme/Icon-Theme.ni [1ms]
2024-09-12 13:29:25.554 [info] > git check-ignore -v -z --stdin [1ms]
2024-09-12 13:29:26.110 [info] > git config --get commit.template [3ms]
2024-09-12 13:29:26.111 [info] > git for-each-ref --format=%(refname)%00%(upstream:short)%00%(objectname)%00%(upstream:track)%00%(upstream:remotename)%00%(upstream:remoteref) refs/heads/Rewrite refs/remotes/Rewrite [1ms]
2024-09-12 13:29:26.115 [info] > git status -z -uall [2ms]
2024-09-12 13:29:26.118 [info] > git for-each-ref --format=%(refname)%00%(upstream:short)%00%(objectname)%00%(upstream:track)%00%(upstream:remotename)%00%(upstream:remoteref) refs/heads/Rewrite refs/remotes/Rewrite [1ms]
2024-09-12 13:29:26.122 [info] > git config --local branch.Rewrite.vscode-merge-base [1ms]
2024-09-12 13:29:26.125 [info] > git for-each-ref --format=%(refname)%00%(upstream:short)%00%(objectname)%00%(upstream:track)%00%(upstream:remotename)%00%(upstream:remoteref) refs/heads/origin/main refs/remotes/origin/main [0ms]
2024-09-12 13:29:31.763 [info] > git show --textconv :Nixos/modules/home-manager/Themes/Icon theme/Icon-Theme.nix [3ms]
2024-09-12 13:29:31.764 [info] > git ls-files --stage -- /home/flugel/Repos/Nixos/modules/home-manager/Themes/Icon theme/Icon-Theme.nix [1ms]
2024-09-12 13:29:32.054 [info] > git check-ignore -v -z --stdin [1ms]
2024-09-12 13:29:32.603 [info] > git config --get commit.template [3ms]
2024-09-12 13:29:32.603 [info] > git for-each-ref --format=%(refname)%00%(upstream:short)%00%(objectname)%00%(upstream:track)%00%(upstream:remotename)%00%(upstream:remoteref) refs/heads/Rewrite refs/remotes/Rewrite [1ms]
2024-09-12 13:29:32.607 [info] > git status -z -uall [2ms]
2024-09-12 13:29:32.611 [info] > git for-each-ref --format=%(refname)%00%(upstream:short)%00%(objectname)%00%(upstream:track)%00%(upstream:remotename)%00%(upstream:remoteref) refs/heads/Rewrite refs/remotes/Rewrite [2ms]
2024-09-12 13:29:32.614 [info] > git config --local branch.Rewrite.vscode-merge-base [1ms]
2024-09-12 13:29:32.617 [info] > git for-each-ref --format=%(refname)%00%(upstream:short)%00%(objectname)%00%(upstream:track)%00%(upstream:remotename)%00%(upstream:remoteref) refs/heads/origin/main refs/remotes/origin/main [1ms]
2024-09-12 13:29:42.102 [info] > git show --textconv :Nixos/modules/home-manager/Themes/Stylix.nix [3ms]
2024-09-12 13:29:42.103 [info] > git ls-files --stage -- /home/flugel/Repos/Nixos/modules/home-manager/Themes/Stylix.nix [1ms]
2024-09-12 13:29:46.529 [info] > git show --textconv :Nixos/modules/home-manager/Themes/Icon theme/Icon-Theme.nix [3ms]
2024-09-12 13:29:46.529 [info] > git ls-files --stage -- /home/flugel/Repos/Nixos/modules/home-manager/Themes/Icon theme/Icon-Theme.nix [1ms]
2024-09-12 13:31:10.052 [info] > git show --textconv :Nixos/modules/home-manager/Themes/Stylix.nix [3ms]
2024-09-12 13:31:10.052 [info] > git ls-files --stage -- /home/flugel/Repos/Nixos/modules/home-manager/Themes/Stylix.nix [1ms]
2024-09-12 13:31:14.606 [info] > git show --textconv :Nixos/nixos/configuration.nix [3ms]
2024-09-12 13:31:14.607 [info] > git ls-files --stage -- /home/flugel/Repos/Nixos/nixos/configuration.nix [1ms]
2024-09-12 13:31:14.610 [info] > git cat-file -s 3078f68f2988b4a1f49b0bb30f23d3f56baa9ca5 [1ms]
2024-09-12 13:31:15.980 [info] > git show --textconv :Nixos/modules/home-manager/Themes/Icon theme/Icon-Theme.nix [3ms]
2024-09-12 13:31:15.981 [info] > git ls-files --stage -- /home/flugel/Repos/Nixos/modules/home-manager/Themes/Icon theme/Icon-Theme.nix [1ms]
2024-09-12 13:41:09.876 [info] > git show --textconv :Nixos/modules/home-manager/Home/Gaming.nix [3ms]
2024-09-12 13:41:09.876 [info] > git ls-files --stage -- /home/flugel/Repos/Nixos/modules/home-manager/Home/Gaming.nix [1ms]
2024-09-12 13:41:09.879 [info] > git cat-file -s 294a9521363f76a1e9933484a1bb70d7fab3ba2d [1ms]
2024-09-12 13:41:24.401 [info] > git show --textconv :Nixos/modules/home-manager/Themes/Icon theme/Icon-Theme.nix [2ms]
2024-09-12 13:41:24.402 [info] > git ls-files --stage -- /home/flugel/Repos/Nixos/modules/home-manager/Themes/Icon theme/Icon-Theme.nix [1ms]
2024-09-12 13:59:11.341 [info] > git check-ignore -v -z --stdin [1ms]
2024-09-12 13:59:12.074 [info] > git show --textconv :Nixos/modules/home-manager/Desktops/Desktop-Control.nix [3ms]
2024-09-12 13:59:12.075 [info] > git ls-files --stage -- /home/flugel/Repos/Nixos/modules/home-manager/Desktops/Desktop-Control.nix [1ms]
2024-09-12 13:59:12.078 [info] > git cat-file -s 50890fac004f9863d1c391f5e30f5f4632694729 [1ms]
2024-09-13 14:50:05.781 [info] > git merge-base refs/heads/Rewrite refs/remotes/origin/main [1ms]
2024-09-13 14:50:05.788 [info] > git show -s --decorate=full --shortstat --format=%H%n%aN%n%aE%n%at%n%ct%n%P%n%D%n%B -z adf1eb576d2ca59a4dfa17065505823730ae8d5c [3ms]
2024-09-13 14:50:05.789 [info] > git log --format=%H%n%aN%n%aE%n%at%n%ct%n%P%n%D%n%B -z --shortstat --diff-merges=first-parent adf1eb576d2ca59a4dfa17065505823730ae8d5c.. --topo-order --decorate=full refs/heads/Rewrite refs/remotes/origin/main [1ms]
2024-09-13 14:50:05.821 [info] > git merge-base refs/heads/Rewrite refs/remotes/origin/main [1ms]
2024-09-13 14:50:05.829 [info] > git show -s --decorate=full --shortstat --format=%H%n%aN%n%aE%n%at%n%ct%n%P%n%D%n%B -z adf1eb576d2ca59a4dfa17065505823730ae8d5c [2ms]
2024-09-13 14:50:05.830 [info] > git log --format=%H%n%aN%n%aE%n%at%n%ct%n%P%n%D%n%B -z --shortstat --diff-merges=first-parent adf1eb576d2ca59a4dfa17065505823730ae8d5c.. --topo-order --decorate=full refs/heads/Rewrite refs/remotes/origin/main [1ms]
2024-09-13 14:50:11.076 [info] > git merge-base refs/heads/Rewrite refs/remotes/origin/main [0ms]
2024-09-13 14:50:11.087 [info] > git show -s --decorate=full --shortstat --format=%H%n%aN%n%aE%n%at%n%ct%n%P%n%D%n%B -z adf1eb576d2ca59a4dfa17065505823730ae8d5c [3ms]
2024-09-13 14:50:11.088 [info] > git log --format=%H%n%aN%n%aE%n%at%n%ct%n%P%n%D%n%B -z --shortstat --diff-merges=first-parent adf1eb576d2ca59a4dfa17065505823730ae8d5c.. --topo-order --decorate=full refs/heads/Rewrite refs/remotes/origin/main [1ms]
2024-09-13 18:00:01.633 [info] > git merge-base refs/heads/Rewrite refs/remotes/origin/main [1ms]
2024-09-13 18:00:01.639 [info] > git show -s --decorate=full --shortstat --format=%H%n%aN%n%aE%n%at%n%ct%n%P%n%D%n%B -z adf1eb576d2ca59a4dfa17065505823730ae8d5c [3ms]
2024-09-13 18:00:01.640 [info] > git log --format=%H%n%aN%n%aE%n%at%n%ct%n%P%n%D%n%B -z --shortstat --diff-merges=first-parent adf1eb576d2ca59a4dfa17065505823730ae8d5c.. --topo-order --decorate=full refs/heads/Rewrite refs/remotes/origin/main [1ms]
2024-09-13 18:00:18.671 [info] > git add -A -- /home/flugel/Repos/Nixos/flake.nix [2ms]
2024-09-13 18:00:18.677 [info] > git config --get commit.template [3ms]
2024-09-13 18:00:18.677 [info] > git for-each-ref --format=%(refname)%00%(upstream:short)%00%(objectname)%00%(upstream:track)%00%(upstream:remotename)%00%(upstream:remoteref) refs/heads/Rewrite refs/remotes/Rewrite [1ms]
2024-09-13 18:00:18.682 [info] > git status -z -uall [2ms]
2024-09-13 18:00:18.688 [info] > git for-each-ref --format=%(refname)%00%(upstream:short)%00%(objectname)%00%(upstream:track)%00%(upstream:remotename)%00%(upstream:remoteref) refs/heads/Rewrite refs/remotes/Rewrite [4ms]
2024-09-13 18:00:18.691 [info] > git config --local branch.Rewrite.vscode-merge-base [0ms]
2024-09-13 18:00:18.694 [info] > git -c user.useConfigOnly=true commit --quiet --allow-empty-message --file - [6ms]
2024-09-13 18:00:18.696 [info] > git for-each-ref --format=%(refname)%00%(upstream:short)%00%(objectname)%00%(upstream:track)%00%(upstream:remotename)%00%(upstream:remoteref) refs/heads/origin/main refs/remotes/origin/main [2ms]
2024-09-13 18:00:18.697 [info] > git config --get commit.template [1ms]
2024-09-13 18:00:18.700 [info] > git config --get commit.template [0ms]
2024-09-13 18:00:18.704 [info] > git for-each-ref --format=%(refname)%00%(upstream:short)%00%(objectname)%00%(upstream:track)%00%(upstream:remotename)%00%(upstream:remoteref) refs/heads/Rewrite refs/remotes/Rewrite [1ms]
2024-09-13 18:00:18.708 [info] > git status -z -uall [2ms]
2024-09-13 18:00:18.712 [info] > git for-each-ref --format=%(refname)%00%(upstream:short)%00%(objectname)%00%(upstream:track)%00%(upstream:remotename)%00%(upstream:remoteref) refs/heads/Rewrite refs/remotes/Rewrite [2ms]
2024-09-13 18:00:18.716 [info] > git config --local branch.Rewrite.vscode-merge-base [1ms]
2024-09-13 18:00:18.719 [info] > git for-each-ref --format=%(refname)%00%(upstream:short)%00%(objectname)%00%(upstream:track)%00%(upstream:remotename)%00%(upstream:remoteref) refs/heads/origin/main refs/remotes/origin/main [1ms]
2024-09-13 18:00:18.738 [info] > git config --get commit.template [4ms]
2024-09-13 18:00:18.740 [info] > git merge-base refs/heads/Rewrite refs/remotes/origin/main [3ms]
2024-09-13 18:00:18.746 [info] > git show -s --decorate=full --shortstat --format=%H%n%aN%n%aE%n%at%n%ct%n%P%n%D%n%B -z adf1eb576d2ca59a4dfa17065505823730ae8d5c [3ms]
2024-09-13 18:00:18.746 [info] > git for-each-ref --format=%(refname)%00%(upstream:short)%00%(objectname)%00%(upstream:track)%00%(upstream:remotename)%00%(upstream:remoteref) refs/heads/Rewrite refs/remotes/Rewrite [6ms]
2024-09-13 18:00:18.749 [info] > git log --format=%H%n%aN%n%aE%n%at%n%ct%n%P%n%D%n%B -z --shortstat --diff-merges=first-parent adf1eb576d2ca59a4dfa17065505823730ae8d5c.. --topo-order --decorate=full refs/heads/Rewrite refs/remotes/origin/main [3ms]
2024-09-13 18:00:18.750 [info] > git status -z -uall [1ms]
2024-09-13 18:00:18.754 [info] > git for-each-ref --format=%(refname)%00%(upstream:short)%00%(objectname)%00%(upstream:track)%00%(upstream:remotename)%00%(upstream:remoteref) refs/heads/Rewrite refs/remotes/Rewrite [1ms]
2024-09-13 18:00:18.757 [info] > git config --local branch.Rewrite.vscode-merge-base [0ms]
2024-09-13 18:00:18.760 [info] > git for-each-ref --format=%(refname)%00%(upstream:short)%00%(objectname)%00%(upstream:track)%00%(upstream:remotename)%00%(upstream:remoteref) refs/heads/origin/main refs/remotes/origin/main [0ms]
2024-09-13 18:00:19.874 [info] > git config --get commit.template [4ms]
2024-09-13 18:00:19.874 [info] > git for-each-ref --format=%(refname)%00%(upstream:short)%00%(objectname)%00%(upstream:track)%00%(upstream:remotename)%00%(upstream:remoteref) refs/heads/Rewrite refs/remotes/Rewrite [1ms]
2024-09-13 18:00:19.879 [info] > git status -z -uall [2ms]
2024-09-13 18:00:19.882 [info] > git for-each-ref --format=%(refname)%00%(upstream:short)%00%(objectname)%00%(upstream:track)%00%(upstream:remotename)%00%(upstream:remoteref) refs/heads/Rewrite refs/remotes/Rewrite [1ms]
2024-09-13 18:00:19.886 [info] > git config --local branch.Rewrite.vscode-merge-base [1ms]
2024-09-13 18:00:19.889 [info] > git for-each-ref --format=%(refname)%00%(upstream:short)%00%(objectname)%00%(upstream:track)%00%(upstream:remotename)%00%(upstream:remoteref) refs/heads/origin/main refs/remotes/origin/main [1ms]
2024-09-13 18:00:19.971 [info] > git ls-files --stage -- /home/flugel/Repos/Nixos/modules/home-manager/Desktops/Desktop-Control.nix [1ms]
2024-09-13 18:00:19.974 [info] > git cat-file -s 50890fac004f9863d1c391f5e30f5f4632694729 [1ms]
2024-09-13 18:00:19.978 [info] > git show --textconv :Nixos/modules/home-manager/Desktops/Desktop-Control.nix [1ms]
2024-09-13 18:00:28.989 [info] > git diff --name-status -z --diff-filter=ADMR adf1eb576d2ca59a4dfa17065505823730ae8d5c...8a33a7b4dc52883b3c54053674fd0b17e53f378e [1ms]
2024-09-13 18:00:29.012 [info] > git show --textconv adf1eb576d2ca59a4dfa17065505823730ae8d5c:Nixos/flake.nix [9ms]
2024-09-13 18:00:29.012 [info] > git show --textconv 8a33a7b4dc52883b3c54053674fd0b17e53f378e:Nixos/flake.nix [6ms]
2024-09-13 18:00:29.012 [info] > git ls-tree -l adf1eb576d2ca59a4dfa17065505823730ae8d5c -- /home/flugel/Repos/Nixos/flake.nix [3ms]
2024-09-13 18:00:29.013 [info] > git ls-tree -l 8a33a7b4dc52883b3c54053674fd0b17e53f378e -- /home/flugel/Repos/Nixos/flake.nix [2ms]
2024-09-13 18:00:29.516 [info] > git check-ignore -v -z --stdin [1ms]
2024-09-13 18:00:36.738 [info] > git ls-tree -l adf1eb576d2ca59a4dfa17065505823730ae8d5c -- /home/flugel/Repos/Nixos/flake.nix [3ms]
2024-09-13 18:00:36.738 [info] > git ls-tree -l 8a33a7b4dc52883b3c54053674fd0b17e53f378e -- /home/flugel/Repos/Nixos/flake.nix [1ms]
2024-09-13 18:01:35.167 [info] > git ls-tree -l adf1eb576d2ca59a4dfa17065505823730ae8d5c -- /home/flugel/Repos/Nixos/flake.nix [4ms]
2024-09-13 18:01:35.167 [info] > git ls-tree -l 8a33a7b4dc52883b3c54053674fd0b17e53f378e -- /home/flugel/Repos/Nixos/flake.nix [0ms]
2024-09-13 18:01:53.587 [info] > git ls-tree -l adf1eb576d2ca59a4dfa17065505823730ae8d5c -- /home/flugel/Repos/Nixos/flake.nix [3ms]
2024-09-13 18:01:53.588 [info] > git ls-tree -l 8a33a7b4dc52883b3c54053674fd0b17e53f378e -- /home/flugel/Repos/Nixos/flake.nix [1ms]
2024-09-13 18:02:05.863 [info] > git ls-tree -l adf1eb576d2ca59a4dfa17065505823730ae8d5c -- /home/flugel/Repos/Nixos/flake.nix [3ms]
2024-09-13 18:02:05.863 [info] > git ls-tree -l 8a33a7b4dc52883b3c54053674fd0b17e53f378e -- /home/flugel/Repos/Nixos/flake.nix [0ms]
2024-09-13 18:02:19.539 [info] > git ls-tree -l adf1eb576d2ca59a4dfa17065505823730ae8d5c -- /home/flugel/Repos/Nixos/flake.nix [3ms]
2024-09-13 18:02:19.540 [info] > git ls-tree -l 8a33a7b4dc52883b3c54053674fd0b17e53f378e -- /home/flugel/Repos/Nixos/flake.nix [1ms]
2024-09-13 18:04:41.066 [info] > git ls-tree -l adf1eb576d2ca59a4dfa17065505823730ae8d5c -- /home/flugel/Repos/Nixos/flake.nix [6ms]
2024-09-13 18:04:41.072 [info] > git ls-tree -l adf1eb576d2ca59a4dfa17065505823730ae8d5c -- /home/flugel/Repos/Nixos/flake.nix [3ms]
2024-09-13 18:04:41.072 [info] > git config --get commit.template [6ms]
2024-09-13 18:04:41.072 [info] > git ls-tree -l 8a33a7b4dc52883b3c54053674fd0b17e53f378e -- /home/flugel/Repos/Nixos/flake.nix [9ms]
2024-09-13 18:04:41.074 [info] > git ls-tree -l 8a33a7b4dc52883b3c54053674fd0b17e53f378e -- /home/flugel/Repos/Nixos/flake.nix [3ms]
2024-09-13 18:04:41.082 [info] > git show --textconv adf1eb576d2ca59a4dfa17065505823730ae8d5c:Nixos/flake.nix [8ms]
2024-09-13 18:04:41.082 [info] > git show --textconv adf1eb576d2ca59a4dfa17065505823730ae8d5c:Nixos/flake.nix [5ms]
2024-09-13 18:04:41.082 [info] > git show --textconv 8a33a7b4dc52883b3c54053674fd0b17e53f378e:Nixos/flake.nix [3ms]
2024-09-13 18:04:41.085 [info] > git for-each-ref --format=%(refname)%00%(upstream:short)%00%(objectname)%00%(upstream:track)%00%(upstream:remotename)%00%(upstream:remoteref) refs/heads/Rewrite refs/remotes/Rewrite [3ms]
2024-09-13 18:04:41.089 [info] > git show --textconv 8a33a7b4dc52883b3c54053674fd0b17e53f378e:Nixos/flake.nix [3ms]
2024-09-13 18:04:41.090 [info] > git status -z -uall [2ms]
2024-09-13 18:04:41.094 [info] > git for-each-ref --format=%(refname)%00%(upstream:short)%00%(objectname)%00%(upstream:track)%00%(upstream:remotename)%00%(upstream:remoteref) refs/heads/Rewrite refs/remotes/Rewrite [1ms]
2024-09-13 18:04:41.097 [info] > git config --local branch.Rewrite.vscode-merge-base [1ms]
2024-09-13 18:04:41.101 [info] > git for-each-ref --format=%(refname)%00%(upstream:short)%00%(objectname)%00%(upstream:track)%00%(upstream:remotename)%00%(upstream:remoteref) refs/heads/origin/main refs/remotes/origin/main [1ms]
2024-09-13 18:04:41.105 [info] > git merge-base refs/heads/Rewrite refs/remotes/origin/Rewrite [1ms]
2024-09-13 18:04:41.108 [info] > git rev-list --count --left-right refs/heads/Rewrite...refs/remotes/origin/Rewrite [1ms]
2024-09-13 18:04:41.112 [info] > git diff --name-status -z --diff-filter=ADMR 8a33a7b4dc52883b3c54053674fd0b17e53f378e...refs/remotes/origin/Rewrite [1ms]
2024-09-13 18:04:41.128 [info] > git merge-base --octopus refs/remotes/origin/main refs/heads/Rewrite refs/remotes/origin/Rewrite [1ms]
2024-09-13 18:04:41.134 [info] > git show -s --decorate=full --shortstat --format=%H%n%aN%n%aE%n%at%n%ct%n%P%n%D%n%B -z adf1eb576d2ca59a4dfa17065505823730ae8d5c [3ms]
2024-09-13 18:04:41.135 [info] > git log --format=%H%n%aN%n%aE%n%at%n%ct%n%P%n%D%n%B -z --shortstat --diff-merges=first-parent adf1eb576d2ca59a4dfa17065505823730ae8d5c.. --topo-order --decorate=full refs/heads/Rewrite refs/remotes/origin/Rewrite refs/remotes/origin/main [2ms]
2024-09-13 18:04:48.872 [info] > git ls-tree -l adf1eb576d2ca59a4dfa17065505823730ae8d5c -- /home/flugel/Repos/Nixos/flake.nix [3ms]
2024-09-13 18:04:48.873 [info] > git ls-tree -l 8a33a7b4dc52883b3c54053674fd0b17e53f378e -- /home/flugel/Repos/Nixos/flake.nix [1ms]
2024-09-13 18:04:54.760 [info] > git ls-tree -l adf1eb576d2ca59a4dfa17065505823730ae8d5c -- /home/flugel/Repos/Nixos/flake.nix [4ms]
2024-09-13 18:04:54.760 [info] > git ls-tree -l 8a33a7b4dc52883b3c54053674fd0b17e53f378e -- /home/flugel/Repos/Nixos/flake.nix [1ms]
2024-09-13 18:05:03.527 [info] > git ls-tree -l adf1eb576d2ca59a4dfa17065505823730ae8d5c -- /home/flugel/Repos/Nixos/flake.nix [2ms]
2024-09-13 18:05:03.527 [info] > git ls-tree -l 8a33a7b4dc52883b3c54053674fd0b17e53f378e -- /home/flugel/Repos/Nixos/flake.nix [1ms]
2024-09-13 18:05:17.588 [info] > git ls-tree -l adf1eb576d2ca59a4dfa17065505823730ae8d5c -- /home/flugel/Repos/Nixos/flake.nix [3ms]
2024-09-13 18:05:17.589 [info] > git ls-tree -l 8a33a7b4dc52883b3c54053674fd0b17e53f378e -- /home/flugel/Repos/Nixos/flake.nix [1ms]
2024-09-13 18:05:28.724 [info] > git ls-tree -l adf1eb576d2ca59a4dfa17065505823730ae8d5c -- /home/flugel/Repos/Nixos/flake.nix [3ms]
2024-09-13 18:05:28.724 [info] > git ls-tree -l 8a33a7b4dc52883b3c54053674fd0b17e53f378e -- /home/flugel/Repos/Nixos/flake.nix [0ms]
2024-09-13 18:05:40.076 [info] > git ls-tree -l adf1eb576d2ca59a4dfa17065505823730ae8d5c -- /home/flugel/Repos/Nixos/flake.nix [3ms]
2024-09-13 18:05:40.076 [info] > git ls-tree -l 8a33a7b4dc52883b3c54053674fd0b17e53f378e -- /home/flugel/Repos/Nixos/flake.nix [0ms]
2024-09-13 18:05:40.721 [info] > git ls-tree -l adf1eb576d2ca59a4dfa17065505823730ae8d5c -- /home/flugel/Repos/Nixos/flake.nix [3ms]
2024-09-13 18:05:40.722 [info] > git ls-tree -l 8a33a7b4dc52883b3c54053674fd0b17e53f378e -- /home/flugel/Repos/Nixos/flake.nix [1ms]
2024-09-13 18:06:56.940 [info] > git ls-tree -l adf1eb576d2ca59a4dfa17065505823730ae8d5c -- /home/flugel/Repos/Nixos/flake.nix [5ms]
2024-09-13 18:06:56.941 [info] > git ls-tree -l 8a33a7b4dc52883b3c54053674fd0b17e53f378e -- /home/flugel/Repos/Nixos/flake.nix [1ms]
2024-09-13 18:10:28.339 [info] > git ls-tree -l adf1eb576d2ca59a4dfa17065505823730ae8d5c -- /home/flugel/Repos/Nixos/flake.nix [4ms]
2024-09-13 18:10:28.340 [info] > git ls-tree -l 8a33a7b4dc52883b3c54053674fd0b17e53f378e -- /home/flugel/Repos/Nixos/flake.nix [1ms]
2024-09-13 18:10:32.546 [info] > git ls-tree -l adf1eb576d2ca59a4dfa17065505823730ae8d5c -- /home/flugel/Repos/Nixos/flake.nix [3ms]
2024-09-13 18:10:32.547 [info] > git ls-tree -l 8a33a7b4dc52883b3c54053674fd0b17e53f378e -- /home/flugel/Repos/Nixos/flake.nix [1ms]
2024-09-13 18:10:36.033 [info] > git ls-tree -l adf1eb576d2ca59a4dfa17065505823730ae8d5c -- /home/flugel/Repos/Nixos/flake.nix [2ms]
2024-09-13 18:10:36.034 [info] > git ls-tree -l 8a33a7b4dc52883b3c54053674fd0b17e53f378e -- /home/flugel/Repos/Nixos/flake.nix [1ms]
2024-09-13 18:11:56.045 [info] > git ls-tree -l adf1eb576d2ca59a4dfa17065505823730ae8d5c -- /home/flugel/Repos/Nixos/flake.nix [4ms]
2024-09-13 18:11:56.046 [info] > git ls-tree -l 8a33a7b4dc52883b3c54053674fd0b17e53f378e -- /home/flugel/Repos/Nixos/flake.nix [1ms]
2024-09-13 18:11:58.452 [info] > git ls-tree -l adf1eb576d2ca59a4dfa17065505823730ae8d5c -- /home/flugel/Repos/Nixos/flake.nix [4ms]
2024-09-13 18:11:58.452 [info] > git ls-tree -l 8a33a7b4dc52883b3c54053674fd0b17e53f378e -- /home/flugel/Repos/Nixos/flake.nix [1ms]
2024-09-13 18:12:00.800 [info] > git ls-tree -l adf1eb576d2ca59a4dfa17065505823730ae8d5c -- /home/flugel/Repos/Nixos/flake.nix [3ms]
2024-09-13 18:12:00.800 [info] > git ls-tree -l 8a33a7b4dc52883b3c54053674fd0b17e53f378e -- /home/flugel/Repos/Nixos/flake.nix [1ms]
2024-09-13 18:13:03.872 [info] > git ls-tree -l adf1eb576d2ca59a4dfa17065505823730ae8d5c -- /home/flugel/Repos/Nixos/flake.nix [3ms]
2024-09-13 18:13:03.873 [info] > git ls-tree -l 8a33a7b4dc52883b3c54053674fd0b17e53f378e -- /home/flugel/Repos/Nixos/flake.nix [1ms]
2024-09-13 18:14:42.675 [info] > git ls-tree -l adf1eb576d2ca59a4dfa17065505823730ae8d5c -- /home/flugel/Repos/Nixos/flake.nix [4ms]
2024-09-13 18:14:42.676 [info] > git ls-tree -l 8a33a7b4dc52883b3c54053674fd0b17e53f378e -- /home/flugel/Repos/Nixos/flake.nix [1ms]
2024-09-13 18:14:46.493 [info] > git ls-tree -l adf1eb576d2ca59a4dfa17065505823730ae8d5c -- /home/flugel/Repos/Nixos/flake.nix [5ms]
2024-09-13 18:14:46.494 [info] > git ls-tree -l 8a33a7b4dc52883b3c54053674fd0b17e53f378e -- /home/flugel/Repos/Nixos/flake.nix [1ms]
2024-09-13 18:14:48.369 [info] > git ls-tree -l adf1eb576d2ca59a4dfa17065505823730ae8d5c -- /home/flugel/Repos/Nixos/flake.nix [4ms]
2024-09-13 18:14:48.369 [info] > git ls-tree -l 8a33a7b4dc52883b3c54053674fd0b17e53f378e -- /home/flugel/Repos/Nixos/flake.nix [0ms]
2024-09-13 18:15:03.889 [info] > git ls-tree -l adf1eb576d2ca59a4dfa17065505823730ae8d5c -- /home/flugel/Repos/Nixos/flake.nix [4ms]
2024-09-13 18:15:03.890 [info] > git ls-tree -l 8a33a7b4dc52883b3c54053674fd0b17e53f378e -- /home/flugel/Repos/Nixos/flake.nix [1ms]
2024-09-13 18:15:06.251 [info] > git ls-tree -l adf1eb576d2ca59a4dfa17065505823730ae8d5c -- /home/flugel/Repos/Nixos/flake.nix [3ms]
2024-09-13 18:15:06.251 [info] > git ls-tree -l 8a33a7b4dc52883b3c54053674fd0b17e53f378e -- /home/flugel/Repos/Nixos/flake.nix [1ms]
2024-09-13 18:15:10.469 [info] > git merge-base --octopus refs/remotes/origin/main refs/heads/Rewrite refs/remotes/origin/Rewrite [2ms]
2024-09-13 18:15:10.478 [info] > git show -s --decorate=full --shortstat --format=%H%n%aN%n%aE%n%at%n%ct%n%P%n%D%n%B -z adf1eb576d2ca59a4dfa17065505823730ae8d5c [4ms]
2024-09-13 18:15:10.480 [info] > git log --format=%H%n%aN%n%aE%n%at%n%ct%n%P%n%D%n%B -z --shortstat --diff-merges=first-parent adf1eb576d2ca59a4dfa17065505823730ae8d5c.. --topo-order --decorate=full refs/heads/Rewrite refs/remotes/origin/Rewrite refs/remotes/origin/main [2ms]
2024-09-13 18:15:16.841 [info] > git show --textconv :Nixos/flake.nix [3ms]
2024-09-13 18:15:16.842 [info] > git ls-files --stage -- /home/flugel/Repos/Nixos/flake.nix [1ms]
2024-09-13 18:15:16.845 [info] > git cat-file -s 920470507374cd896ff2c6f33bac1678abc9de43 [1ms]
2024-09-13 18:16:27.025 [info] > git ls-tree -l adf1eb576d2ca59a4dfa17065505823730ae8d5c -- /home/flugel/Repos/Nixos/flake.nix [6ms]
2024-09-13 18:16:27.026 [info] > git ls-tree -l 8a33a7b4dc52883b3c54053674fd0b17e53f378e -- /home/flugel/Repos/Nixos/flake.nix [2ms]
2024-09-13 18:16:29.783 [info] > git ls-tree -l adf1eb576d2ca59a4dfa17065505823730ae8d5c -- /home/flugel/Repos/Nixos/flake.nix [4ms]
2024-09-13 18:16:29.783 [info] > git ls-tree -l 8a33a7b4dc52883b3c54053674fd0b17e53f378e -- /home/flugel/Repos/Nixos/flake.nix [1ms]
2024-09-13 18:16:46.101 [info] > git ls-tree -l adf1eb576d2ca59a4dfa17065505823730ae8d5c -- /home/flugel/Repos/Nixos/flake.nix [3ms]
2024-09-13 18:16:46.102 [info] > git ls-tree -l 8a33a7b4dc52883b3c54053674fd0b17e53f378e -- /home/flugel/Repos/Nixos/flake.nix [1ms]
2024-09-13 18:17:52.303 [info] > git ls-tree -l adf1eb576d2ca59a4dfa17065505823730ae8d5c -- /home/flugel/Repos/Nixos/flake.nix [3ms]
2024-09-13 18:17:52.303 [info] > git config --get commit.template [6ms]
2024-09-13 18:17:52.306 [info] > git ls-tree -l 8a33a7b4dc52883b3c54053674fd0b17e53f378e -- /home/flugel/Repos/Nixos/flake.nix [3ms]
2024-09-13 18:17:52.307 [info] > git for-each-ref --format=%(refname)%00%(upstream:short)%00%(objectname)%00%(upstream:track)%00%(upstream:remotename)%00%(upstream:remoteref) refs/heads/Rewrite refs/remotes/Rewrite [1ms]
2024-09-13 18:17:52.312 [info] > git status -z -uall [2ms]
2024-09-13 18:17:52.315 [info] > git for-each-ref --format=%(refname)%00%(upstream:short)%00%(objectname)%00%(upstream:track)%00%(upstream:remotename)%00%(upstream:remoteref) refs/heads/Rewrite refs/remotes/Rewrite [0ms]
2024-09-13 18:17:52.318 [info] > git config --local branch.Rewrite.vscode-merge-base [0ms]
2024-09-13 18:17:52.321 [info] > git for-each-ref --format=%(refname)%00%(upstream:short)%00%(objectname)%00%(upstream:track)%00%(upstream:remotename)%00%(upstream:remoteref) refs/heads/origin/main refs/remotes/origin/main [0ms]
2024-09-13 18:18:31.291 [info] > git ls-tree -l adf1eb576d2ca59a4dfa17065505823730ae8d5c -- /home/flugel/Repos/Nixos/flake.nix [4ms]
2024-09-13 18:18:31.292 [info] > git ls-tree -l 8a33a7b4dc52883b3c54053674fd0b17e53f378e -- /home/flugel/Repos/Nixos/flake.nix [1ms]
2024-09-13 18:18:32.070 [info] > git ls-tree -l adf1eb576d2ca59a4dfa17065505823730ae8d5c -- /home/flugel/Repos/Nixos/flake.nix [3ms]
2024-09-13 18:18:32.071 [info] > git ls-tree -l 8a33a7b4dc52883b3c54053674fd0b17e53f378e -- /home/flugel/Repos/Nixos/flake.nix [1ms]
2024-09-13 18:18:35.542 [info] > git ls-tree -l adf1eb576d2ca59a4dfa17065505823730ae8d5c -- /home/flugel/Repos/Nixos/flake.nix [5ms]
2024-09-13 18:18:35.542 [info] > git ls-tree -l 8a33a7b4dc52883b3c54053674fd0b17e53f378e -- /home/flugel/Repos/Nixos/flake.nix [1ms]
2024-09-13 18:18:40.462 [info] > git config --get commit.template [3ms]
2024-09-13 18:18:40.463 [info] > git for-each-ref --format=%(refname)%00%(upstream:short)%00%(objectname)%00%(upstream:track)%00%(upstream:remotename)%00%(upstream:remoteref) refs/heads/Rewrite refs/remotes/Rewrite [1ms]
2024-09-13 18:18:40.467 [info] > git status -z -uall [1ms]
2024-09-13 18:18:40.471 [info] > git for-each-ref --format=%(refname)%00%(upstream:short)%00%(objectname)%00%(upstream:track)%00%(upstream:remotename)%00%(upstream:remoteref) refs/heads/Rewrite refs/remotes/Rewrite [1ms]
2024-09-13 18:18:40.474 [info] > git config --local branch.Rewrite.vscode-merge-base [1ms]
2024-09-13 18:18:40.477 [info] > git for-each-ref --format=%(refname)%00%(upstream:short)%00%(objectname)%00%(upstream:track)%00%(upstream:remotename)%00%(upstream:remoteref) refs/heads/origin/main refs/remotes/origin/main [1ms]
2024-09-13 18:18:40.936 [info] > git merge-base --octopus refs/remotes/origin/main refs/heads/Rewrite refs/remotes/origin/Rewrite [1ms]
2024-09-13 18:18:40.941 [info] > git show -s --decorate=full --shortstat --format=%H%n%aN%n%aE%n%at%n%ct%n%P%n%D%n%B -z adf1eb576d2ca59a4dfa17065505823730ae8d5c [2ms]
2024-09-13 18:18:40.942 [info] > git log --format=%H%n%aN%n%aE%n%at%n%ct%n%P%n%D%n%B -z --shortstat --diff-merges=first-parent adf1eb576d2ca59a4dfa17065505823730ae8d5c.. --topo-order --decorate=full refs/heads/Rewrite refs/remotes/origin/Rewrite refs/remotes/origin/main [1ms]
2024-09-13 18:18:42.250 [info] > git ls-tree -l adf1eb576d2ca59a4dfa17065505823730ae8d5c -- /home/flugel/Repos/Nixos/flake.nix [3ms]
2024-09-13 18:18:42.250 [info] > git ls-tree -l 8a33a7b4dc52883b3c54053674fd0b17e53f378e -- /home/flugel/Repos/Nixos/flake.nix [1ms]
2024-09-13 18:18:44.727 [info] > git add -A -- . [3ms]
2024-09-13 18:18:44.733 [info] > git config --get commit.template [2ms]
2024-09-13 18:18:44.734 [info] > git for-each-ref --format=%(refname)%00%(upstream:short)%00%(objectname)%00%(upstream:track)%00%(upstream:remotename)%00%(upstream:remoteref) refs/heads/Rewrite refs/remotes/Rewrite [1ms]
2024-09-13 18:18:44.739 [info] > git status -z -uall [2ms]
2024-09-13 18:18:44.745 [info] > git for-each-ref --format=%(refname)%00%(upstream:short)%00%(objectname)%00%(upstream:track)%00%(upstream:remotename)%00%(upstream:remoteref) refs/heads/Rewrite refs/remotes/Rewrite [3ms]
2024-09-13 18:18:44.749 [info] > git config --local branch.Rewrite.vscode-merge-base [1ms]
2024-09-13 18:18:44.752 [info] > git for-each-ref --format=%(refname)%00%(upstream:short)%00%(objectname)%00%(upstream:track)%00%(upstream:remotename)%00%(upstream:remoteref) refs/heads/origin/main refs/remotes/origin/main [1ms]
2024-09-13 18:18:44.964 [info] > git ls-tree -l adf1eb576d2ca59a4dfa17065505823730ae8d5c -- /home/flugel/Repos/Nixos/flake.nix [4ms]
2024-09-13 18:18:44.965 [info] > git ls-tree -l 8a33a7b4dc52883b3c54053674fd0b17e53f378e -- /home/flugel/Repos/Nixos/flake.nix [1ms]
2024-09-13 18:18:45.065 [info] > git show --textconv :.git/COMMIT_EDITMSG [4ms]
2024-09-13 18:18:45.065 [info] > git ls-files --stage -- /home/flugel/Repos/.git/COMMIT_EDITMSG [0ms]
2024-09-13 18:18:45.353 [info] > git check-ignore -v -z --stdin [1ms]
2024-09-13 18:18:46.035 [info] > git ls-tree -l 8a33a7b4dc52883b3c54053674fd0b17e53f378e -- /home/flugel/Repos/Nixos/flake.nix [3ms]
2024-09-13 18:18:46.035 [info] > git ls-tree -l adf1eb576d2ca59a4dfa17065505823730ae8d5c -- /home/flugel/Repos/Nixos/flake.nix [6ms]
2024-09-13 18:18:46.035 [info] > git ls-files --stage -- /home/flugel/Repos/.git/COMMIT_EDITMSG [1ms]
2024-09-13 18:18:46.043 [info] > git show --textconv 8a33a7b4dc52883b3c54053674fd0b17e53f378e:Nixos/flake.nix [5ms]
2024-09-13 18:18:46.043 [info] > git show --textconv adf1eb576d2ca59a4dfa17065505823730ae8d5c:Nixos/flake.nix [3ms]
2024-09-13 18:18:46.043 [info] > git show --textconv :.git/COMMIT_EDITMSG [0ms]
