2024-09-13 19:17:59.278 [info] Started local extension host with pid 1781.
2024-09-13 19:17:59.419 [error] TreeError [SettingsTree] Tree element not found: [object Object]: Error: TreeError [SettingsTree] Tree element not found: [object Object]
    at ai.getElementLocation (vscode-file://vscode-app/usr/share/vscodium/resources/app/out/vs/workbench/workbench.desktop.main.js:99:22172)
    at ai.rerender (vscode-file://vscode-app/usr/share/vscodium/resources/app/out/vs/workbench/workbench.desktop.main.js:99:20140)
    at gi.rerender (vscode-file://vscode-app/usr/share/vscodium/resources/app/out/vs/workbench/workbench.desktop.main.js:630:7962)
    at ve.refreshSingleElement (vscode-file://vscode-app/usr/share/vscodium/resources/app/out/vs/workbench/workbench.desktop.main.js:2330:96539)
    at ve.renderTree (vscode-file://vscode-app/usr/share/vscodium/resources/app/out/vs/workbench/workbench.desktop.main.js:2330:96302)
    at vscode-file://vscode-app/usr/share/vscodium/resources/app/out/vs/workbench/workbench.desktop.main.js:2330:95288
    at Set.forEach (<anonymous>)
    at ve.updateElementsByKey (vscode-file://vscode-app/usr/share/vscodium/resources/app/out/vs/workbench/workbench.desktop.main.js:2330:95271)
    at u.value (vscode-file://vscode-app/usr/share/vscodium/resources/app/out/vs/workbench/workbench.desktop.main.js:2330:69699)
    at o._deliver (vscode-file://vscode-app/usr/share/vscodium/resources/app/out/vs/workbench/workbench.desktop.main.js:93:910)
    at o.fire (vscode-file://vscode-app/usr/share/vscodium/resources/app/out/vs/workbench/workbench.desktop.main.js:93:1229)
    at z.updateRestrictedSettings (vscode-file://vscode-app/usr/share/vscodium/resources/app/out/vs/workbench/workbench.desktop.main.js:2314:41447)
    at z.onDefaultConfigurationChanged (vscode-file://vscode-app/usr/share/vscodium/resources/app/out/vs/workbench/workbench.desktop.main.js:2314:37470)
    at u.value (vscode-file://vscode-app/usr/share/vscodium/resources/app/out/vs/workbench/workbench.desktop.main.js:2314:22758)
    at o._deliver (vscode-file://vscode-app/usr/share/vscodium/resources/app/out/vs/workbench/workbench.desktop.main.js:93:910)
    at o.fire (vscode-file://vscode-app/usr/share/vscodium/resources/app/out/vs/workbench/workbench.desktop.main.js:93:1229)
    at h.onDidUpdateConfiguration (vscode-file://vscode-app/usr/share/vscodium/resources/app/out/vs/workbench/workbench.desktop.main.js:689:3165)
    at h.onDidUpdateConfiguration (vscode-file://vscode-app/usr/share/vscodium/resources/app/out/vs/workbench/workbench.desktop.main.js:1468:10002)
    at u.value (vscode-file://vscode-app/usr/share/vscodium/resources/app/out/vs/workbench/workbench.desktop.main.js:689:2861)
    at o._deliver (vscode-file://vscode-app/usr/share/vscodium/resources/app/out/vs/workbench/workbench.desktop.main.js:93:910)
    at o._deliverQueue (vscode-file://vscode-app/usr/share/vscodium/resources/app/out/vs/workbench/workbench.desktop.main.js:93:1001)
    at o.fire (vscode-file://vscode-app/usr/share/vscodium/resources/app/out/vs/workbench/workbench.desktop.main.js:93:1336)
    at f.deltaConfiguration (vscode-file://vscode-app/usr/share/vscodium/resources/app/out/vs/workbench/workbench.desktop.main.js:665:14721)
    at c._handler (vscode-file://vscode-app/usr/share/vscodium/resources/app/out/vs/workbench/workbench.desktop.main.js:1890:14921)
    at c._handle (vscode-file://vscode-app/usr/share/vscodium/resources/app/out/vs/workbench/workbench.desktop.main.js:1890:1938)
    at c.acceptUsers (vscode-file://vscode-app/usr/share/vscodium/resources/app/out/vs/workbench/workbench.desktop.main.js:1890:1842)
    at H._handleExtensionPoint (vscode-file://vscode-app/usr/share/vscodium/resources/app/out/vs/workbench/workbench.desktop.main.js:3240:8034)
    at Z._doHandleExtensionPoints (vscode-file://vscode-app/usr/share/vscodium/resources/app/out/vs/workbench/workbench.desktop.main.js:3240:6703)
    at Z._processExtensions (vscode-file://vscode-app/usr/share/vscodium/resources/app/out/vs/workbench/workbench.desktop.main.js:3239:34181)
    at Z._initialize (vscode-file://vscode-app/usr/share/vscodium/resources/app/out/vs/workbench/workbench.desktop.main.js:3239:32665)
2024-09-13 19:17:59.599 [error] [Extension Host] TypeError: Cannot read properties of undefined (reading 'replace')
	at n (/home/flugel/.vscode-oss/extensions/jnoortheen.nix-ide-0.3.5-universal/dist/extension.js:1:1152)
	at Bi (/home/flugel/.vscode-oss/extensions/jnoortheen.nix-ide-0.3.5-universal/dist/extension.js:44:41680)
	at Ho.get (/home/flugel/.vscode-oss/extensions/jnoortheen.nix-ide-0.3.5-universal/dist/extension.js:44:41969)
	at get formatterPath (/home/flugel/.vscode-oss/extensions/jnoortheen.nix-ide-0.3.5-universal/dist/extension.js:44:42024)
	at Object.<anonymous> (/home/flugel/.vscode-oss/extensions/jnoortheen.nix-ide-0.3.5-universal/dist/extension.js:44:42449)
	at u._compile (/usr/share/vscodium/resources/app/out/bootstrap-fork.js:2:1257)
	at Module._extensions..js (node:internal/modules/cjs/loader:1432:10)
	at Module.load (node:internal/modules/cjs/loader:1215:32)
	at Module._load (node:internal/modules/cjs/loader:1031:12)
	at c._load (node:electron/js2c/node_init:2:13801)
	at w._load (/usr/share/vscodium/resources/app/out/vs/workbench/api/node/extensionHostProcess.js:177:7371)
	at i._load (/usr/share/vscodium/resources/app/out/vs/workbench/api/node/extensionHostProcess.js:174:38745)
	at o._load (/usr/share/vscodium/resources/app/out/vs/workbench/api/node/extensionHostProcess.js:139:44377)
	at Module.require (node:internal/modules/cjs/loader:1240:19)
	at require (node:internal/modules/helpers:179:18)
	at Function.i [as __$__nodeRequire] (/usr/share/vscodium/resources/app/out/bootstrap-fork.js:3:98)
	at m._loadCommonJSModule (/usr/share/vscodium/resources/app/out/vs/workbench/api/node/extensionHostProcess.js:174:40372)
	at async Promise.all (index 0)
2024-09-13 19:17:59.599 [error] [Extension Host] TypeError: Cannot read properties of undefined (reading 'replace')
	at n (/home/flugel/.vscode-oss/extensions/jnoortheen.nix-ide-0.3.5-universal/dist/extension.js:1:1152)
	at Bi (/home/flugel/.vscode-oss/extensions/jnoortheen.nix-ide-0.3.5-universal/dist/extension.js:44:41680)
	at Ho.get (/home/flugel/.vscode-oss/extensions/jnoortheen.nix-ide-0.3.5-universal/dist/extension.js:44:41969)
	at get formatterPath (/home/flugel/.vscode-oss/extensions/jnoortheen.nix-ide-0.3.5-universal/dist/extension.js:44:42024)
	at Object.<anonymous> (/home/flugel/.vscode-oss/extensions/jnoortheen.nix-ide-0.3.5-universal/dist/extension.js:44:42501)
	at u._compile (/usr/share/vscodium/resources/app/out/bootstrap-fork.js:2:1257)
	at Module._extensions..js (node:internal/modules/cjs/loader:1432:10)
	at Module.load (node:internal/modules/cjs/loader:1215:32)
	at Module._load (node:internal/modules/cjs/loader:1031:12)
	at c._load (node:electron/js2c/node_init:2:13801)
	at w._load (/usr/share/vscodium/resources/app/out/vs/workbench/api/node/extensionHostProcess.js:177:7371)
	at i._load (/usr/share/vscodium/resources/app/out/vs/workbench/api/node/extensionHostProcess.js:174:38745)
	at o._load (/usr/share/vscodium/resources/app/out/vs/workbench/api/node/extensionHostProcess.js:139:44377)
	at Module.require (node:internal/modules/cjs/loader:1240:19)
	at require (node:internal/modules/helpers:179:18)
	at Function.i [as __$__nodeRequire] (/usr/share/vscodium/resources/app/out/bootstrap-fork.js:3:98)
	at m._loadCommonJSModule (/usr/share/vscodium/resources/app/out/vs/workbench/api/node/extensionHostProcess.js:174:40372)
	at async Promise.all (index 0)
2024-09-13 19:17:59.609 [error] [Extension Host] TypeError: Cannot read properties of undefined (reading 'replace')
	at n (/home/flugel/.vscode-oss/extensions/jnoortheen.nix-ide-0.3.5-universal/dist/extension.js:1:1152)
	at Bi (/home/flugel/.vscode-oss/extensions/jnoortheen.nix-ide-0.3.5-universal/dist/extension.js:44:41680)
	at Ho.get (/home/flugel/.vscode-oss/extensions/jnoortheen.nix-ide-0.3.5-universal/dist/extension.js:44:41969)
	at get serverPath (/home/flugel/.vscode-oss/extensions/jnoortheen.nix-ide-0.3.5-universal/dist/extension.js:44:42088)
	at Cd (/home/flugel/.vscode-oss/extensions/jnoortheen.nix-ide-0.3.5-universal/dist/extension.js:44:44756)
	at Ow (/home/flugel/.vscode-oss/extensions/jnoortheen.nix-ide-0.3.5-universal/dist/extension.js:44:45971)
	at B._callActivateOptional (/usr/share/vscodium/resources/app/out/vs/workbench/api/node/extensionHostProcess.js:160:17427)
	at B._callActivate (/usr/share/vscodium/resources/app/out/vs/workbench/api/node/extensionHostProcess.js:160:17034)
	at /usr/share/vscodium/resources/app/out/vs/workbench/api/node/extensionHostProcess.js:160:14700
	at async m._activate (/usr/share/vscodium/resources/app/out/vs/workbench/api/node/extensionHostProcess.js:144:8039)
	at async m._waitForDepsThenActivate (/usr/share/vscodium/resources/app/out/vs/workbench/api/node/extensionHostProcess.js:144:7981)
	at async m._initialize (/usr/share/vscodium/resources/app/out/vs/workbench/api/node/extensionHostProcess.js:144:7345)
2024-09-13 19:17:59.613 [error] [Extension Host] TypeError: Cannot read properties of undefined (reading 'replace')
	at n (/home/flugel/.vscode-oss/extensions/jnoortheen.nix-ide-0.3.5-universal/dist/extension.js:1:1152)
	at Bi (/home/flugel/.vscode-oss/extensions/jnoortheen.nix-ide-0.3.5-universal/dist/extension.js:44:41680)
	at Ho.get (/home/flugel/.vscode-oss/extensions/jnoortheen.nix-ide-0.3.5-universal/dist/extension.js:44:41969)
	at get serverPath (/home/flugel/.vscode-oss/extensions/jnoortheen.nix-ide-0.3.5-universal/dist/extension.js:44:42088)
	at Cd (/home/flugel/.vscode-oss/extensions/jnoortheen.nix-ide-0.3.5-universal/dist/extension.js:44:44822)
	at Ow (/home/flugel/.vscode-oss/extensions/jnoortheen.nix-ide-0.3.5-universal/dist/extension.js:44:45971)
	at B._callActivateOptional (/usr/share/vscodium/resources/app/out/vs/workbench/api/node/extensionHostProcess.js:160:17427)
	at B._callActivate (/usr/share/vscodium/resources/app/out/vs/workbench/api/node/extensionHostProcess.js:160:17034)
	at /usr/share/vscodium/resources/app/out/vs/workbench/api/node/extensionHostProcess.js:160:14700
	at async m._activate (/usr/share/vscodium/resources/app/out/vs/workbench/api/node/extensionHostProcess.js:144:8039)
	at async m._waitForDepsThenActivate (/usr/share/vscodium/resources/app/out/vs/workbench/api/node/extensionHostProcess.js:144:7981)
	at async m._initialize (/usr/share/vscodium/resources/app/out/vs/workbench/api/node/extensionHostProcess.js:144:7345)
2024-09-13 19:18:01.849 [warning] SettingsEditor2: Settings not included in settingsLayout.ts: issueReporter.experimental.auxWindow
2024-09-13 19:18:04.200 [info] [perf] Render performance baseline is 15ms
2024-09-13 19:20:04.638 [error] [Extension Host] TypeError: Cannot read properties of undefined (reading 'replace')
	at n (/home/flugel/.vscode-oss/extensions/jnoortheen.nix-ide-0.3.5-universal/dist/extension.js:1:1152)
	at Bi (/home/flugel/.vscode-oss/extensions/jnoortheen.nix-ide-0.3.5-universal/dist/extension.js:44:41680)
	at Ho.get (/home/flugel/.vscode-oss/extensions/jnoortheen.nix-ide-0.3.5-universal/dist/extension.js:44:41969)
	at get serverPath (/home/flugel/.vscode-oss/extensions/jnoortheen.nix-ide-0.3.5-universal/dist/extension.js:44:42088)
	at Cd (/home/flugel/.vscode-oss/extensions/jnoortheen.nix-ide-0.3.5-universal/dist/extension.js:44:45073)
	at async Ow (/home/flugel/.vscode-oss/extensions/jnoortheen.nix-ide-0.3.5-universal/dist/extension.js:44:45965)
	at async m._activate (/usr/share/vscodium/resources/app/out/vs/workbench/api/node/extensionHostProcess.js:144:8039)
	at async m._waitForDepsThenActivate (/usr/share/vscodium/resources/app/out/vs/workbench/api/node/extensionHostProcess.js:144:7981)
	at async m._initialize (/usr/share/vscodium/resources/app/out/vs/workbench/api/node/extensionHostProcess.js:144:7345)
2024-09-13 19:20:04.655 [error] [Extension Host] Error: Unsupported server configuration {
    "command": ""
}
	at /home/flugel/.vscode-oss/extensions/jnoortheen.nix-ide-0.3.5-universal/dist/extension.js:44:37425
	at async vd.createConnection (/home/flugel/.vscode-oss/extensions/jnoortheen.nix-ide-0.3.5-universal/dist/extension.js:41:12504)
	at async vd.start (/home/flugel/.vscode-oss/extensions/jnoortheen.nix-ide-0.3.5-universal/dist/extension.js:41:2730)
	at async Cd (/home/flugel/.vscode-oss/extensions/jnoortheen.nix-ide-0.3.5-universal/dist/extension.js:44:45581)
	at async Ow (/home/flugel/.vscode-oss/extensions/jnoortheen.nix-ide-0.3.5-universal/dist/extension.js:44:45965)
	at async m._activate (/usr/share/vscodium/resources/app/out/vs/workbench/api/node/extensionHostProcess.js:144:8039)
	at async m._waitForDepsThenActivate (/usr/share/vscodium/resources/app/out/vs/workbench/api/node/extensionHostProcess.js:144:7981)
	at async m._initialize (/usr/share/vscodium/resources/app/out/vs/workbench/api/node/extensionHostProcess.js:144:7345)
2024-09-13 19:20:31.305 [error] [Extension Host] TypeError: Cannot read properties of undefined (reading 'replace')
	at n (/home/flugel/.vscode-oss/extensions/jnoortheen.nix-ide-0.3.5-universal/dist/extension.js:1:1152)
	at Bi (/home/flugel/.vscode-oss/extensions/jnoortheen.nix-ide-0.3.5-universal/dist/extension.js:44:41680)
	at Ho.get (/home/flugel/.vscode-oss/extensions/jnoortheen.nix-ide-0.3.5-universal/dist/extension.js:44:41969)
	at get serverPath (/home/flugel/.vscode-oss/extensions/jnoortheen.nix-ide-0.3.5-universal/dist/extension.js:44:42088)
	at Cd (/home/flugel/.vscode-oss/extensions/jnoortheen.nix-ide-0.3.5-universal/dist/extension.js:44:44756)
	at Dd (/home/flugel/.vscode-oss/extensions/jnoortheen.nix-ide-0.3.5-universal/dist/extension.js:44:45826)
	at async /home/flugel/.vscode-oss/extensions/jnoortheen.nix-ide-0.3.5-universal/dist/extension.js:44:46503
2024-09-13 19:20:31.311 [error] [Extension Host] TypeError: Cannot read properties of undefined (reading 'replace')
	at n (/home/flugel/.vscode-oss/extensions/jnoortheen.nix-ide-0.3.5-universal/dist/extension.js:1:1152)
	at Bi (/home/flugel/.vscode-oss/extensions/jnoortheen.nix-ide-0.3.5-universal/dist/extension.js:44:41680)
	at Ho.get (/home/flugel/.vscode-oss/extensions/jnoortheen.nix-ide-0.3.5-universal/dist/extension.js:44:41969)
	at get serverPath (/home/flugel/.vscode-oss/extensions/jnoortheen.nix-ide-0.3.5-universal/dist/extension.js:44:42088)
	at Cd (/home/flugel/.vscode-oss/extensions/jnoortheen.nix-ide-0.3.5-universal/dist/extension.js:44:44822)
	at Dd (/home/flugel/.vscode-oss/extensions/jnoortheen.nix-ide-0.3.5-universal/dist/extension.js:44:45826)
	at async /home/flugel/.vscode-oss/extensions/jnoortheen.nix-ide-0.3.5-universal/dist/extension.js:44:46503
2024-09-13 19:21:17.148 [error] [Extension Host] TypeError: Cannot read properties of undefined (reading 'replace')
	at n (/home/flugel/.vscode-oss/extensions/jnoortheen.nix-ide-0.3.5-universal/dist/extension.js:1:1152)
	at Bi (/home/flugel/.vscode-oss/extensions/jnoortheen.nix-ide-0.3.5-universal/dist/extension.js:44:41680)
	at Ho.get (/home/flugel/.vscode-oss/extensions/jnoortheen.nix-ide-0.3.5-universal/dist/extension.js:44:41969)
	at get serverPath (/home/flugel/.vscode-oss/extensions/jnoortheen.nix-ide-0.3.5-universal/dist/extension.js:44:42088)
	at Cd (/home/flugel/.vscode-oss/extensions/jnoortheen.nix-ide-0.3.5-universal/dist/extension.js:44:44756)
	at Dd (/home/flugel/.vscode-oss/extensions/jnoortheen.nix-ide-0.3.5-universal/dist/extension.js:44:45826)
	at async /home/flugel/.vscode-oss/extensions/jnoortheen.nix-ide-0.3.5-universal/dist/extension.js:44:46503
2024-09-13 19:21:17.154 [error] [Extension Host] TypeError: Cannot read properties of undefined (reading 'replace')
	at n (/home/flugel/.vscode-oss/extensions/jnoortheen.nix-ide-0.3.5-universal/dist/extension.js:1:1152)
	at Bi (/home/flugel/.vscode-oss/extensions/jnoortheen.nix-ide-0.3.5-universal/dist/extension.js:44:41680)
	at Ho.get (/home/flugel/.vscode-oss/extensions/jnoortheen.nix-ide-0.3.5-universal/dist/extension.js:44:41969)
	at get serverPath (/home/flugel/.vscode-oss/extensions/jnoortheen.nix-ide-0.3.5-universal/dist/extension.js:44:42088)
	at Cd (/home/flugel/.vscode-oss/extensions/jnoortheen.nix-ide-0.3.5-universal/dist/extension.js:44:44822)
	at Dd (/home/flugel/.vscode-oss/extensions/jnoortheen.nix-ide-0.3.5-universal/dist/extension.js:44:45826)
	at async /home/flugel/.vscode-oss/extensions/jnoortheen.nix-ide-0.3.5-universal/dist/extension.js:44:46503
2024-09-13 19:21:22.981 [error] [Extension Host] TypeError: Cannot read properties of undefined (reading 'replace')
	at n (/home/flugel/.vscode-oss/extensions/jnoortheen.nix-ide-0.3.5-universal/dist/extension.js:1:1152)
	at Bi (/home/flugel/.vscode-oss/extensions/jnoortheen.nix-ide-0.3.5-universal/dist/extension.js:44:41680)
	at Ho.get (/home/flugel/.vscode-oss/extensions/jnoortheen.nix-ide-0.3.5-universal/dist/extension.js:44:41969)
	at get serverPath (/home/flugel/.vscode-oss/extensions/jnoortheen.nix-ide-0.3.5-universal/dist/extension.js:44:42088)
	at Cd (/home/flugel/.vscode-oss/extensions/jnoortheen.nix-ide-0.3.5-universal/dist/extension.js:44:45073)
	at async Dd (/home/flugel/.vscode-oss/extensions/jnoortheen.nix-ide-0.3.5-universal/dist/extension.js:44:45820)
	at async /home/flugel/.vscode-oss/extensions/jnoortheen.nix-ide-0.3.5-universal/dist/extension.js:44:46503
2024-09-13 19:22:27.391 [error] [Extension Host] TypeError: Cannot read properties of undefined (reading 'replace')
	at n (/home/flugel/.vscode-oss/extensions/jnoortheen.nix-ide-0.3.5-universal/dist/extension.js:1:1152)
	at Bi (/home/flugel/.vscode-oss/extensions/jnoortheen.nix-ide-0.3.5-universal/dist/extension.js:44:41680)
	at Ho.get (/home/flugel/.vscode-oss/extensions/jnoortheen.nix-ide-0.3.5-universal/dist/extension.js:44:41969)
	at get serverPath (/home/flugel/.vscode-oss/extensions/jnoortheen.nix-ide-0.3.5-universal/dist/extension.js:44:42088)
	at Cd (/home/flugel/.vscode-oss/extensions/jnoortheen.nix-ide-0.3.5-universal/dist/extension.js:44:44756)
	at Dd (/home/flugel/.vscode-oss/extensions/jnoortheen.nix-ide-0.3.5-universal/dist/extension.js:44:45826)
	at async /home/flugel/.vscode-oss/extensions/jnoortheen.nix-ide-0.3.5-universal/dist/extension.js:44:46503
2024-09-13 19:22:27.411 [error] [Extension Host] TypeError: Cannot read properties of undefined (reading 'replace')
	at n (/home/flugel/.vscode-oss/extensions/jnoortheen.nix-ide-0.3.5-universal/dist/extension.js:1:1152)
	at Bi (/home/flugel/.vscode-oss/extensions/jnoortheen.nix-ide-0.3.5-universal/dist/extension.js:44:41680)
	at Ho.get (/home/flugel/.vscode-oss/extensions/jnoortheen.nix-ide-0.3.5-universal/dist/extension.js:44:41969)
	at get serverPath (/home/flugel/.vscode-oss/extensions/jnoortheen.nix-ide-0.3.5-universal/dist/extension.js:44:42088)
	at Cd (/home/flugel/.vscode-oss/extensions/jnoortheen.nix-ide-0.3.5-universal/dist/extension.js:44:44822)
	at Dd (/home/flugel/.vscode-oss/extensions/jnoortheen.nix-ide-0.3.5-universal/dist/extension.js:44:45826)
	at async /home/flugel/.vscode-oss/extensions/jnoortheen.nix-ide-0.3.5-universal/dist/extension.js:44:46503
2024-09-13 19:22:27.413 [error] [Extension Host] TypeError: Cannot read properties of undefined (reading 'replace')
	at n (/home/flugel/.vscode-oss/extensions/jnoortheen.nix-ide-0.3.5-universal/dist/extension.js:1:1152)
	at Bi (/home/flugel/.vscode-oss/extensions/jnoortheen.nix-ide-0.3.5-universal/dist/extension.js:44:41680)
	at Ho.get (/home/flugel/.vscode-oss/extensions/jnoortheen.nix-ide-0.3.5-universal/dist/extension.js:44:41969)
	at get serverPath (/home/flugel/.vscode-oss/extensions/jnoortheen.nix-ide-0.3.5-universal/dist/extension.js:44:42088)
	at Cd (/home/flugel/.vscode-oss/extensions/jnoortheen.nix-ide-0.3.5-universal/dist/extension.js:44:45073)
	at async Dd (/home/flugel/.vscode-oss/extensions/jnoortheen.nix-ide-0.3.5-universal/dist/extension.js:44:45820)
	at async /home/flugel/.vscode-oss/extensions/jnoortheen.nix-ide-0.3.5-universal/dist/extension.js:44:46503
2024-09-13 19:22:42.951 [error] [Extension Host] TypeError: Cannot read properties of undefined (reading 'replace')
	at n (/home/flugel/.vscode-oss/extensions/jnoortheen.nix-ide-0.3.5-universal/dist/extension.js:1:1152)
	at Bi (/home/flugel/.vscode-oss/extensions/jnoortheen.nix-ide-0.3.5-universal/dist/extension.js:44:41680)
	at Ho.get (/home/flugel/.vscode-oss/extensions/jnoortheen.nix-ide-0.3.5-universal/dist/extension.js:44:41969)
	at get serverPath (/home/flugel/.vscode-oss/extensions/jnoortheen.nix-ide-0.3.5-universal/dist/extension.js:44:42088)
	at Cd (/home/flugel/.vscode-oss/extensions/jnoortheen.nix-ide-0.3.5-universal/dist/extension.js:44:45073)
	at async Dd (/home/flugel/.vscode-oss/extensions/jnoortheen.nix-ide-0.3.5-universal/dist/extension.js:44:45820)
	at async /home/flugel/.vscode-oss/extensions/jnoortheen.nix-ide-0.3.5-universal/dist/extension.js:44:46503
