2024-09-12 02:23:58.412 [info] [main] Log level: Info
2024-09-12 02:23:58.412 [info] [main] Validating found git in: "git"
2024-09-12 02:23:58.412 [info] [main] Using git "2.46.0" from "git"
2024-09-12 02:23:58.412 [info] [Model][doInitialScan] Initial repository scan started
2024-09-12 02:23:58.412 [info] > git rev-parse --show-toplevel [1ms]
2024-09-12 02:23:58.412 [info] > git rev-parse --git-dir --git-common-dir [8ms]
2024-09-12 02:23:58.412 [info] [Model][openRepository] Opened repository: /home/flugel/Repos
2024-09-12 02:23:58.418 [info] > git rev-parse --show-toplevel [1ms]
2024-09-12 02:23:58.418 [info] > git config --get commit.template [3ms]
2024-09-12 02:23:58.424 [info] > git rev-parse --show-toplevel [3ms]
2024-09-12 02:23:58.427 [info] > git for-each-ref --format=%(refname)%00%(upstream:short)%00%(objectname)%00%(upstream:track)%00%(upstream:remotename)%00%(upstream:remoteref) refs/heads/Rewrite refs/remotes/Rewrite [3ms]
2024-09-12 02:23:58.430 [info] > git rev-parse --show-toplevel [3ms]
2024-09-12 02:23:58.433 [info] > git status -z -uall [3ms]
2024-09-12 02:23:58.439 [info] > git for-each-ref --format=%(refname)%00%(upstream:short)%00%(objectname)%00%(upstream:track)%00%(upstream:remotename)%00%(upstream:remoteref) refs/heads/Rewrite refs/remotes/Rewrite [4ms]
2024-09-12 02:23:58.442 [info] > git rev-parse --show-toplevel [10ms]
2024-09-12 02:23:58.445 [info] > git config --get commit.template [6ms]
2024-09-12 02:23:58.446 [info] > git rev-parse --show-toplevel [1ms]
2024-09-12 02:23:58.446 [info] > git config --local branch.Rewrite.vscode-merge-base [4ms]
2024-09-12 02:23:58.458 [info] > git for-each-ref --format=%(refname)%00%(upstream:short)%00%(objectname)%00%(upstream:track)%00%(upstream:remotename)%00%(upstream:remoteref) refs/heads/origin/main refs/remotes/origin/main [10ms]
2024-09-12 02:23:58.459 [info] > git rev-parse --show-toplevel [1ms]
2024-09-12 02:23:58.459 [info] > git for-each-ref --format=%(refname)%00%(upstream:short)%00%(objectname)%00%(upstream:track)%00%(upstream:remotename)%00%(upstream:remoteref) refs/heads/Rewrite refs/remotes/Rewrite [3ms]
2024-09-12 02:23:58.464 [info] > git status -z -uall [3ms]
2024-09-12 02:23:58.464 [info] > git rev-parse --show-toplevel [0ms]
2024-09-12 02:23:58.464 [info] [Model][doInitialScan] Initial repository scan completed - repositories (1), closed repositories (0), parent repositories (0), unsafe repositories (0)
2024-09-12 02:23:58.468 [info] > git for-each-ref --format=%(refname)%00%(upstream:short)%00%(objectname)%00%(upstream:track)%00%(upstream:remotename)%00%(upstream:remoteref) refs/heads/Rewrite refs/remotes/Rewrite [1ms]
2024-09-12 02:23:58.471 [info] > git config --local branch.Rewrite.vscode-merge-base [1ms]
2024-09-12 02:23:58.474 [info] > git for-each-ref --format=%(refname)%00%(upstream:short)%00%(objectname)%00%(upstream:track)%00%(upstream:remotename)%00%(upstream:remoteref) refs/heads/origin/main refs/remotes/origin/main [1ms]
2024-09-12 02:23:58.721 [info] > git show --textconv :Nixos/nixos/configuration.nix [3ms]
2024-09-12 02:23:58.721 [info] > git ls-files --stage -- /home/flugel/Repos/Nixos/nixos/configuration.nix [1ms]
2024-09-12 02:23:58.724 [info] > git cat-file -s 3078f68f2988b4a1f49b0bb30f23d3f56baa9ca5 [0ms]
2024-09-12 02:23:58.922 [info] > git check-ignore -v -z --stdin [1ms]
2024-09-12 02:25:43.258 [info] > git show --textconv :Nixos/modules/home-manager/Desktops/WM/Hyprland/Hyprland.nix [3ms]
2024-09-12 02:25:43.259 [info] > git ls-files --stage -- /home/flugel/Repos/Nixos/modules/home-manager/Desktops/WM/Hyprland/Hyprland.nix [1ms]
2024-09-12 02:25:43.261 [info] > git cat-file -s d69aa7c9cc15c7ac3930340bbbee3c4a6eefd155 [0ms]
2024-09-12 02:25:56.769 [info] > git show --textconv :Nixos/nixos/configuration.nix [3ms]
2024-09-12 02:25:56.770 [info] > git ls-files --stage -- /home/flugel/Repos/Nixos/nixos/configuration.nix [1ms]
2024-09-12 02:25:56.772 [info] > git cat-file -s 3078f68f2988b4a1f49b0bb30f23d3f56baa9ca5 [0ms]
2024-09-12 02:26:03.720 [info] > git ls-files --stage -- /home/flugel/Repos/Nixos/modules/home-manager/Desktops/Desktop-Control.nix [0ms]
2024-09-12 02:26:03.726 [info] > git cat-file -s 50890fac004f9863d1c391f5e30f5f4632694729 [3ms]
2024-09-12 02:26:03.726 [info] > git show --textconv :Nixos/modules/home-manager/Desktops/Desktop-Control.nix [9ms]
2024-09-12 02:26:05.053 [info] > git ls-files --stage -- /home/flugel/Repos/Nixos/modules/home-manager/Desktops/WM/Wayland-Utils/Wayland-utils.nix [1ms]
2024-09-12 02:26:05.058 [info] > git cat-file -s 9c387c73da886f15bb6f376f5bd8d5d417051a08 [3ms]
2024-09-12 02:26:05.059 [info] > git show --textconv :Nixos/modules/home-manager/Desktops/WM/Wayland-Utils/Wayland-utils.nix [10ms]
2024-09-12 02:26:07.857 [info] > git show --textconv :Nixos/flake.nix [3ms]
2024-09-12 02:26:07.858 [info] > git ls-files --stage -- /home/flugel/Repos/Nixos/flake.nix [1ms]
2024-09-12 02:26:07.861 [info] > git cat-file -s 257a5dbdfe70524b692140a3d989e7a31548db17 [1ms]
2024-09-12 02:27:07.363 [info] > git check-ignore -v -z --stdin [1ms]
2024-09-12 02:27:08.067 [info] > git show --textconv :Nixos/modules/home-manager/Home/Gaming.nix [3ms]
2024-09-12 02:27:08.068 [info] > git ls-files --stage -- /home/flugel/Repos/Nixos/modules/home-manager/Home/Gaming.nix [1ms]
2024-09-12 02:27:08.071 [info] > git cat-file -s 294a9521363f76a1e9933484a1bb70d7fab3ba2d [1ms]
2024-09-12 02:27:15.375 [info] > git show --textconv :Nixos/modules/home-manager/Utils/Utils.nix [2ms]
2024-09-12 02:27:15.375 [info] > git ls-files --stage -- /home/flugel/Repos/Nixos/modules/home-manager/Utils/Utils.nix [0ms]
2024-09-12 02:27:15.378 [info] > git cat-file -s a0c14148a02fdd7ad9f1785d3b20ce9b3d07970c [1ms]
2024-09-12 02:27:16.927 [info] > git ls-files --stage -- /home/flugel/Repos/Nixos/modules/home-manager/default.nix [0ms]
2024-09-12 02:27:16.933 [info] > git cat-file -s 087b0cf9ce5356f53601a58548852389c1e7846f [3ms]
2024-09-12 02:27:16.933 [info] > git show --textconv :Nixos/modules/home-manager/default.nix [9ms]
2024-09-12 02:27:20.437 [info] > git show --textconv :Nixos/modules/home-manager/Desktops/WM/Hyprland/Hyprland.nix [4ms]
2024-09-12 02:27:20.437 [info] > git ls-files --stage -- /home/flugel/Repos/Nixos/modules/home-manager/Desktops/WM/Hyprland/Hyprland.nix [1ms]
2024-09-12 02:27:20.441 [info] > git cat-file -s d69aa7c9cc15c7ac3930340bbbee3c4a6eefd155 [1ms]
2024-09-12 02:27:29.015 [info] > git show --textconv :Nixos/flake.nix [3ms]
2024-09-12 02:27:29.015 [info] > git ls-files --stage -- /home/flugel/Repos/Nixos/flake.nix [1ms]
2024-09-12 02:27:29.018 [info] > git cat-file -s 257a5dbdfe70524b692140a3d989e7a31548db17 [1ms]
2024-09-12 02:34:55.010 [info] > git show --textconv :Nixos/nixos/configuration.nix [3ms]
2024-09-12 02:34:55.010 [info] > git ls-files --stage -- /home/flugel/Repos/Nixos/nixos/configuration.nix [0ms]
2024-09-12 02:34:55.013 [info] > git cat-file -s 3078f68f2988b4a1f49b0bb30f23d3f56baa9ca5 [0ms]
2024-09-12 02:40:22.389 [info] > git show --textconv :Nixos/modules/home-manager/Home/Gaming.nix [3ms]
2024-09-12 02:40:22.389 [info] > git ls-files --stage -- /home/flugel/Repos/Nixos/modules/home-manager/Home/Gaming.nix [1ms]
2024-09-12 02:40:22.392 [info] > git cat-file -s 294a9521363f76a1e9933484a1bb70d7fab3ba2d [1ms]
2024-09-12 02:41:27.995 [info] > git show --textconv :Nixos/modules/home-manager/Desktops/WM/Hyprland/Hyprland.nix [2ms]
2024-09-12 02:41:27.996 [info] > git ls-files --stage -- /home/flugel/Repos/Nixos/modules/home-manager/Desktops/WM/Hyprland/Hyprland.nix [1ms]
2024-09-12 02:41:27.999 [info] > git cat-file -s d69aa7c9cc15c7ac3930340bbbee3c4a6eefd155 [1ms]
2024-09-12 02:41:33.300 [info] > git check-ignore -v -z --stdin [1ms]
2024-09-12 02:41:34.063 [info] > git show --textconv :Nixos/home-manager/home.nix [3ms]
2024-09-12 02:41:34.064 [info] > git ls-files --stage -- /home/flugel/Repos/Nixos/home-manager/home.nix [1ms]
2024-09-12 02:41:34.067 [info] > git cat-file -s bd315a595e99e971bf9a6d138f077cd524457242 [1ms]
2024-09-12 03:15:04.120 [info] > git merge-base refs/heads/Rewrite refs/remotes/origin/main [1ms]
2024-09-12 03:15:04.126 [info] > git show -s --decorate=full --shortstat --format=%H%n%aN%n%aE%n%at%n%ct%n%P%n%D%n%B -z adf1eb576d2ca59a4dfa17065505823730ae8d5c [3ms]
2024-09-12 03:15:04.127 [info] > git log --format=%H%n%aN%n%aE%n%at%n%ct%n%P%n%D%n%B -z --shortstat --diff-merges=first-parent adf1eb576d2ca59a4dfa17065505823730ae8d5c.. --topo-order --decorate=full refs/heads/Rewrite refs/remotes/origin/main [2ms]
2024-09-12 03:15:04.166 [info] > git merge-base refs/heads/Rewrite refs/remotes/origin/main [1ms]
2024-09-12 03:15:04.175 [info] > git show -s --decorate=full --shortstat --format=%H%n%aN%n%aE%n%at%n%ct%n%P%n%D%n%B -z adf1eb576d2ca59a4dfa17065505823730ae8d5c [3ms]
2024-09-12 03:15:04.175 [info] > git log --format=%H%n%aN%n%aE%n%at%n%ct%n%P%n%D%n%B -z --shortstat --diff-merges=first-parent adf1eb576d2ca59a4dfa17065505823730ae8d5c.. --topo-order --decorate=full refs/heads/Rewrite refs/remotes/origin/main [1ms]
2024-09-12 03:15:15.267 [info] > git merge-base refs/heads/Rewrite refs/remotes/origin/main [1ms]
2024-09-12 03:15:15.272 [info] > git show -s --decorate=full --shortstat --format=%H%n%aN%n%aE%n%at%n%ct%n%P%n%D%n%B -z adf1eb576d2ca59a4dfa17065505823730ae8d5c [2ms]
2024-09-12 03:15:15.273 [info] > git log --format=%H%n%aN%n%aE%n%at%n%ct%n%P%n%D%n%B -z --shortstat --diff-merges=first-parent adf1eb576d2ca59a4dfa17065505823730ae8d5c.. --topo-order --decorate=full refs/heads/Rewrite refs/remotes/origin/main [1ms]
2024-09-12 03:15:27.727 [info] > git merge-base refs/heads/Rewrite refs/remotes/origin/main [1ms]
2024-09-12 03:15:27.733 [info] > git show -s --decorate=full --shortstat --format=%H%n%aN%n%aE%n%at%n%ct%n%P%n%D%n%B -z adf1eb576d2ca59a4dfa17065505823730ae8d5c [3ms]
2024-09-12 03:15:27.734 [info] > git log --format=%H%n%aN%n%aE%n%at%n%ct%n%P%n%D%n%B -z --shortstat --diff-merges=first-parent adf1eb576d2ca59a4dfa17065505823730ae8d5c.. --topo-order --decorate=full refs/heads/Rewrite refs/remotes/origin/main [1ms]
2024-09-12 03:15:32.320 [info] > git add -A -- /home/flugel/Repos/Nixos/flake.nix [2ms]
2024-09-12 03:15:32.326 [info] > git config --get commit.template [2ms]
2024-09-12 03:15:32.326 [info] > git for-each-ref --format=%(refname)%00%(upstream:short)%00%(objectname)%00%(upstream:track)%00%(upstream:remotename)%00%(upstream:remoteref) refs/heads/Rewrite refs/remotes/Rewrite [1ms]
2024-09-12 03:15:32.330 [info] > git status -z -uall [2ms]
2024-09-12 03:15:32.333 [info] > git for-each-ref --format=%(refname)%00%(upstream:short)%00%(objectname)%00%(upstream:track)%00%(upstream:remotename)%00%(upstream:remoteref) refs/heads/Rewrite refs/remotes/Rewrite [1ms]
2024-09-12 03:15:32.336 [info] > git config --local branch.Rewrite.vscode-merge-base [1ms]
2024-09-12 03:15:32.339 [info] > git for-each-ref --format=%(refname)%00%(upstream:short)%00%(objectname)%00%(upstream:track)%00%(upstream:remotename)%00%(upstream:remoteref) refs/heads/origin/main refs/remotes/origin/main [1ms]
2024-09-12 03:15:33.504 [info] > git config --get commit.template [2ms]
2024-09-12 03:15:33.504 [info] > git for-each-ref --format=%(refname)%00%(upstream:short)%00%(objectname)%00%(upstream:track)%00%(upstream:remotename)%00%(upstream:remoteref) refs/heads/Rewrite refs/remotes/Rewrite [1ms]
2024-09-12 03:15:33.508 [info] > git status -z -uall [2ms]
2024-09-12 03:15:33.511 [info] > git for-each-ref --format=%(refname)%00%(upstream:short)%00%(objectname)%00%(upstream:track)%00%(upstream:remotename)%00%(upstream:remoteref) refs/heads/Rewrite refs/remotes/Rewrite [1ms]
2024-09-12 03:15:33.514 [info] > git config --local branch.Rewrite.vscode-merge-base [1ms]
2024-09-12 03:15:33.517 [info] > git for-each-ref --format=%(refname)%00%(upstream:short)%00%(objectname)%00%(upstream:track)%00%(upstream:remotename)%00%(upstream:remoteref) refs/heads/origin/main refs/remotes/origin/main [1ms]
2024-09-12 03:15:33.601 [info] > git ls-files --stage -- /home/flugel/Repos/Nixos/home-manager/home.nix [1ms]
2024-09-12 03:15:33.604 [info] > git cat-file -s bd315a595e99e971bf9a6d138f077cd524457242 [1ms]
2024-09-12 03:15:33.608 [info] > git show --textconv :Nixos/home-manager/home.nix [1ms]
2024-09-12 03:15:49.542 [info] > git merge-base refs/heads/Rewrite refs/remotes/origin/main [1ms]
2024-09-12 03:15:49.552 [info] > git show -s --decorate=full --shortstat --format=%H%n%aN%n%aE%n%at%n%ct%n%P%n%D%n%B -z adf1eb576d2ca59a4dfa17065505823730ae8d5c [2ms]
2024-09-12 03:15:49.553 [info] > git log --format=%H%n%aN%n%aE%n%at%n%ct%n%P%n%D%n%B -z --shortstat --diff-merges=first-parent adf1eb576d2ca59a4dfa17065505823730ae8d5c.. --topo-order --decorate=full refs/heads/Rewrite refs/remotes/origin/main [1ms]
2024-09-12 05:21:57.517 [info] > git config --get commit.template [3ms]
2024-09-12 05:21:57.518 [info] > git for-each-ref --format=%(refname)%00%(upstream:short)%00%(objectname)%00%(upstream:track)%00%(upstream:remotename)%00%(upstream:remoteref) refs/heads/Rewrite refs/remotes/Rewrite [1ms]
2024-09-12 05:21:57.522 [info] > git status -z -uall [2ms]
2024-09-12 05:21:57.525 [info] > git for-each-ref --format=%(refname)%00%(upstream:short)%00%(objectname)%00%(upstream:track)%00%(upstream:remotename)%00%(upstream:remoteref) refs/heads/Rewrite refs/remotes/Rewrite [1ms]
2024-09-12 05:21:57.529 [info] > git config --local branch.Rewrite.vscode-merge-base [1ms]
2024-09-12 05:21:57.532 [info] > git for-each-ref --format=%(refname)%00%(upstream:short)%00%(objectname)%00%(upstream:track)%00%(upstream:remotename)%00%(upstream:remoteref) refs/heads/origin/main refs/remotes/origin/main [1ms]
2024-09-12 05:22:00.665 [info] > git show --textconv :Nixos/modules/home-manager/Home/Gaming.nix [3ms]
2024-09-12 05:22:00.665 [info] > git ls-files --stage -- /home/flugel/Repos/Nixos/modules/home-manager/Home/Gaming.nix [0ms]
2024-09-12 05:22:00.669 [info] > git cat-file -s 294a9521363f76a1e9933484a1bb70d7fab3ba2d [1ms]
2024-09-12 05:22:03.586 [info] > git show --textconv :Nixos/home-manager/home.nix [3ms]
2024-09-12 05:22:03.587 [info] > git ls-files --stage -- /home/flugel/Repos/Nixos/home-manager/home.nix [1ms]
2024-09-12 05:22:03.590 [info] > git cat-file -s bd315a595e99e971bf9a6d138f077cd524457242 [1ms]
2024-09-12 05:22:04.435 [info] > git config --get commit.template [3ms]
2024-09-12 05:22:04.435 [info] > git for-each-ref --format=%(refname)%00%(upstream:short)%00%(objectname)%00%(upstream:track)%00%(upstream:remotename)%00%(upstream:remoteref) refs/heads/Rewrite refs/remotes/Rewrite [1ms]
2024-09-12 05:22:04.439 [info] > git status -z -uall [2ms]
2024-09-12 05:22:04.442 [info] > git for-each-ref --format=%(refname)%00%(upstream:short)%00%(objectname)%00%(upstream:track)%00%(upstream:remotename)%00%(upstream:remoteref) refs/heads/Rewrite refs/remotes/Rewrite [1ms]
2024-09-12 05:22:04.445 [info] > git config --local branch.Rewrite.vscode-merge-base [0ms]
2024-09-12 05:22:04.448 [info] > git for-each-ref --format=%(refname)%00%(upstream:short)%00%(objectname)%00%(upstream:track)%00%(upstream:remotename)%00%(upstream:remoteref) refs/heads/origin/main refs/remotes/origin/main [0ms]
2024-09-12 05:22:06.082 [info] > git show --textconv :Nixos/modules/home-manager/default.nix [3ms]
2024-09-12 05:22:06.082 [info] > git ls-files --stage -- /home/flugel/Repos/Nixos/modules/home-manager/default.nix [0ms]
2024-09-12 05:22:06.086 [info] > git cat-file -s 087b0cf9ce5356f53601a58548852389c1e7846f [0ms]
2024-09-12 05:22:14.576 [info] > git show --textconv :Nixos/home-manager/home.nix [3ms]
2024-09-12 05:22:14.576 [info] > git ls-files --stage -- /home/flugel/Repos/Nixos/home-manager/home.nix [0ms]
2024-09-12 05:22:14.580 [info] > git cat-file -s bd315a595e99e971bf9a6d138f077cd524457242 [0ms]
2024-09-12 05:22:15.406 [info] > git config --get commit.template [2ms]
2024-09-12 05:22:15.407 [info] > git for-each-ref --format=%(refname)%00%(upstream:short)%00%(objectname)%00%(upstream:track)%00%(upstream:remotename)%00%(upstream:remoteref) refs/heads/Rewrite refs/remotes/Rewrite [1ms]
2024-09-12 05:22:15.411 [info] > git status -z -uall [2ms]
2024-09-12 05:22:15.414 [info] > git for-each-ref --format=%(refname)%00%(upstream:short)%00%(objectname)%00%(upstream:track)%00%(upstream:remotename)%00%(upstream:remoteref) refs/heads/Rewrite refs/remotes/Rewrite [1ms]
2024-09-12 05:22:15.417 [info] > git config --local branch.Rewrite.vscode-merge-base [0ms]
2024-09-12 05:22:15.420 [info] > git for-each-ref --format=%(refname)%00%(upstream:short)%00%(objectname)%00%(upstream:track)%00%(upstream:remotename)%00%(upstream:remoteref) refs/heads/origin/main refs/remotes/origin/main [1ms]
2024-09-12 05:22:21.385 [info] > git show --textconv :Nixos/modules/home-manager/Desktops/WM/Hyprland/Hyprland.nix [2ms]
2024-09-12 05:22:21.386 [info] > git ls-files --stage -- /home/flugel/Repos/Nixos/modules/home-manager/Desktops/WM/Hyprland/Hyprland.nix [1ms]
2024-09-12 05:22:21.389 [info] > git cat-file -s d69aa7c9cc15c7ac3930340bbbee3c4a6eefd155 [1ms]
2024-09-12 05:22:23.193 [info] > git show --textconv :Nixos/home-manager/home.nix [2ms]
2024-09-12 05:22:23.194 [info] > git ls-files --stage -- /home/flugel/Repos/Nixos/home-manager/home.nix [1ms]
2024-09-12 05:22:23.197 [info] > git cat-file -s bd315a595e99e971bf9a6d138f077cd524457242 [1ms]
2024-09-12 05:22:24.043 [info] > git config --get commit.template [3ms]
2024-09-12 05:22:24.044 [info] > git for-each-ref --format=%(refname)%00%(upstream:short)%00%(objectname)%00%(upstream:track)%00%(upstream:remotename)%00%(upstream:remoteref) refs/heads/Rewrite refs/remotes/Rewrite [1ms]
2024-09-12 05:22:24.047 [info] > git status -z -uall [1ms]
2024-09-12 05:22:24.051 [info] > git for-each-ref --format=%(refname)%00%(upstream:short)%00%(objectname)%00%(upstream:track)%00%(upstream:remotename)%00%(upstream:remoteref) refs/heads/Rewrite refs/remotes/Rewrite [1ms]
2024-09-12 05:22:24.054 [info] > git config --local branch.Rewrite.vscode-merge-base [1ms]
2024-09-12 05:22:24.057 [info] > git for-each-ref --format=%(refname)%00%(upstream:short)%00%(objectname)%00%(upstream:track)%00%(upstream:remotename)%00%(upstream:remoteref) refs/heads/origin/main refs/remotes/origin/main [1ms]
2024-09-12 05:22:26.184 [info] > git merge-base refs/heads/Rewrite refs/remotes/origin/main [1ms]
2024-09-12 05:22:26.189 [info] > git show -s --decorate=full --shortstat --format=%H%n%aN%n%aE%n%at%n%ct%n%P%n%D%n%B -z adf1eb576d2ca59a4dfa17065505823730ae8d5c [2ms]
2024-09-12 05:22:26.190 [info] > git log --format=%H%n%aN%n%aE%n%at%n%ct%n%P%n%D%n%B -z --shortstat --diff-merges=first-parent adf1eb576d2ca59a4dfa17065505823730ae8d5c.. --topo-order --decorate=full refs/heads/Rewrite refs/remotes/origin/main [1ms]
2024-09-12 05:22:32.170 [info] > git show --textconv :Nixos/nixos/configuration.nix [3ms]
2024-09-12 05:22:32.171 [info] > git ls-files --stage -- /home/flugel/Repos/Nixos/nixos/configuration.nix [1ms]
2024-09-12 05:22:32.174 [info] > git cat-file -s 3078f68f2988b4a1f49b0bb30f23d3f56baa9ca5 [1ms]
2024-09-12 05:22:35.023 [info] > git merge-base refs/heads/Rewrite refs/remotes/origin/main [1ms]
2024-09-12 05:22:35.033 [info] > git show -s --decorate=full --shortstat --format=%H%n%aN%n%aE%n%at%n%ct%n%P%n%D%n%B -z adf1eb576d2ca59a4dfa17065505823730ae8d5c [3ms]
2024-09-12 05:22:35.034 [info] > git log --format=%H%n%aN%n%aE%n%at%n%ct%n%P%n%D%n%B -z --shortstat --diff-merges=first-parent adf1eb576d2ca59a4dfa17065505823730ae8d5c.. --topo-order --decorate=full refs/heads/Rewrite refs/remotes/origin/main [1ms]
2024-09-12 05:23:23.106 [info] > git show --textconv :Nixos/flake.nix [3ms]
2024-09-12 05:23:23.107 [info] > git ls-files --stage -- /home/flugel/Repos/Nixos/flake.nix [1ms]
2024-09-12 05:23:23.110 [info] > git cat-file -s 00c68c1d236e1b40152c87f60239451c62268c0a [1ms]
2024-09-12 05:23:24.361 [info] > git show --textconv :Nixos/nixos/configuration.nix [3ms]
2024-09-12 05:23:24.361 [info] > git ls-files --stage -- /home/flugel/Repos/Nixos/nixos/configuration.nix [1ms]
2024-09-12 05:23:24.364 [info] > git cat-file -s 3078f68f2988b4a1f49b0bb30f23d3f56baa9ca5 [0ms]
2024-09-12 05:23:25.215 [info] > git config --get commit.template [3ms]
2024-09-12 05:23:25.216 [info] > git for-each-ref --format=%(refname)%00%(upstream:short)%00%(objectname)%00%(upstream:track)%00%(upstream:remotename)%00%(upstream:remoteref) refs/heads/Rewrite refs/remotes/Rewrite [1ms]
2024-09-12 05:23:25.220 [info] > git status -z -uall [2ms]
2024-09-12 05:23:25.224 [info] > git for-each-ref --format=%(refname)%00%(upstream:short)%00%(objectname)%00%(upstream:track)%00%(upstream:remotename)%00%(upstream:remoteref) refs/heads/Rewrite refs/remotes/Rewrite [0ms]
2024-09-12 05:23:25.226 [info] > git config --local branch.Rewrite.vscode-merge-base [0ms]
2024-09-12 05:23:25.230 [info] > git for-each-ref --format=%(refname)%00%(upstream:short)%00%(objectname)%00%(upstream:track)%00%(upstream:remotename)%00%(upstream:remoteref) refs/heads/origin/main refs/remotes/origin/main [1ms]
2024-09-12 05:24:43.123 [info] > git show --textconv :Nixos/modules/home-manager/Home/Gaming.nix [3ms]
2024-09-12 05:24:43.124 [info] > git ls-files --stage -- /home/flugel/Repos/Nixos/modules/home-manager/Home/Gaming.nix [1ms]
2024-09-12 05:24:43.127 [info] > git cat-file -s 294a9521363f76a1e9933484a1bb70d7fab3ba2d [1ms]
2024-09-12 05:25:12.246 [info] > git show --textconv :Nixos/modules/home-manager/Desktops/WM/Hyprland/Hyprland.nix [3ms]
2024-09-12 05:25:12.246 [info] > git ls-files --stage -- /home/flugel/Repos/Nixos/modules/home-manager/Desktops/WM/Hyprland/Hyprland.nix [1ms]
2024-09-12 05:25:12.249 [info] > git cat-file -s d69aa7c9cc15c7ac3930340bbbee3c4a6eefd155 [1ms]
2024-09-12 05:29:30.773 [info] > git config --get commit.template [3ms]
2024-09-12 05:29:30.774 [info] > git for-each-ref --format=%(refname)%00%(upstream:short)%00%(objectname)%00%(upstream:track)%00%(upstream:remotename)%00%(upstream:remoteref) refs/heads/Rewrite refs/remotes/Rewrite [1ms]
2024-09-12 05:29:30.777 [info] > git status -z -uall [1ms]
2024-09-12 05:29:30.781 [info] > git for-each-ref --format=%(refname)%00%(upstream:short)%00%(objectname)%00%(upstream:track)%00%(upstream:remotename)%00%(upstream:remoteref) refs/heads/Rewrite refs/remotes/Rewrite [1ms]
2024-09-12 05:29:30.784 [info] > git config --local branch.Rewrite.vscode-merge-base [1ms]
2024-09-12 05:29:30.793 [info] > git for-each-ref --format=%(refname)%00%(upstream:short)%00%(objectname)%00%(upstream:track)%00%(upstream:remotename)%00%(upstream:remoteref) refs/heads/origin/main refs/remotes/origin/main [1ms]
2024-09-12 05:44:28.101 [info] > git check-ignore -v -z --stdin [0ms]
2024-09-12 05:44:40.375 [info] > git show --textconv :Nixos/modules/home-manager/Themes/Stylix [3ms]
2024-09-12 05:44:40.376 [info] > git ls-files --stage -- /home/flugel/Repos/Nixos/modules/home-manager/Themes/Stylix [1ms]
2024-09-12 05:44:40.663 [info] > git check-ignore -v -z --stdin [0ms]
2024-09-12 05:44:41.225 [info] > git config --get commit.template [3ms]
2024-09-12 05:44:41.225 [info] > git for-each-ref --format=%(refname)%00%(upstream:short)%00%(objectname)%00%(upstream:track)%00%(upstream:remotename)%00%(upstream:remoteref) refs/heads/Rewrite refs/remotes/Rewrite [0ms]
2024-09-12 05:44:41.230 [info] > git status -z -uall [2ms]
2024-09-12 05:44:41.233 [info] > git for-each-ref --format=%(refname)%00%(upstream:short)%00%(objectname)%00%(upstream:track)%00%(upstream:remotename)%00%(upstream:remoteref) refs/heads/Rewrite refs/remotes/Rewrite [1ms]
2024-09-12 05:44:41.236 [info] > git config --local branch.Rewrite.vscode-merge-base [1ms]
2024-09-12 05:44:41.240 [info] > git for-each-ref --format=%(refname)%00%(upstream:short)%00%(objectname)%00%(upstream:track)%00%(upstream:remotename)%00%(upstream:remoteref) refs/heads/origin/main refs/remotes/origin/main [1ms]
2024-09-12 05:45:22.454 [info] > git show --textconv :Nixos/modules/home-manager/Themes/Stylix.nix [3ms]
2024-09-12 05:45:22.455 [info] > git ls-files --stage -- /home/flugel/Repos/Nixos/modules/home-manager/Themes/Stylix.nix [1ms]
2024-09-12 05:45:22.746 [info] > git check-ignore -v -z --stdin [1ms]
2024-09-12 05:45:23.297 [info] > git config --get commit.template [3ms]
2024-09-12 05:45:23.297 [info] > git for-each-ref --format=%(refname)%00%(upstream:short)%00%(objectname)%00%(upstream:track)%00%(upstream:remotename)%00%(upstream:remoteref) refs/heads/Rewrite refs/remotes/Rewrite [1ms]
2024-09-12 05:45:23.301 [info] > git status -z -uall [1ms]
2024-09-12 05:45:23.305 [info] > git for-each-ref --format=%(refname)%00%(upstream:short)%00%(objectname)%00%(upstream:track)%00%(upstream:remotename)%00%(upstream:remoteref) refs/heads/Rewrite refs/remotes/Rewrite [1ms]
2024-09-12 05:45:23.308 [info] > git config --local branch.Rewrite.vscode-merge-base [1ms]
2024-09-12 05:45:23.311 [info] > git for-each-ref --format=%(refname)%00%(upstream:short)%00%(objectname)%00%(upstream:track)%00%(upstream:remotename)%00%(upstream:remoteref) refs/heads/origin/main refs/remotes/origin/main [1ms]
2024-09-12 05:45:27.491 [info] > git show --textconv :Nixos/modules/home-manager/Utils/Utils.nix [3ms]
2024-09-12 05:45:27.491 [info] > git ls-files --stage -- /home/flugel/Repos/Nixos/modules/home-manager/Utils/Utils.nix [0ms]
2024-09-12 05:45:27.494 [info] > git cat-file -s a0c14148a02fdd7ad9f1785d3b20ce9b3d07970c [0ms]
2024-09-12 05:45:33.786 [info] > git show --textconv :Nixos/modules/home-manager/default.nix [3ms]
2024-09-12 05:45:33.787 [info] > git ls-files --stage -- /home/flugel/Repos/Nixos/modules/home-manager/default.nix [1ms]
2024-09-12 05:45:33.790 [info] > git cat-file -s 087b0cf9ce5356f53601a58548852389c1e7846f [1ms]
2024-09-12 05:45:35.962 [info] > git show --textconv :Nixos/modules/home-manager/Themes/Stylix.nix [3ms]
2024-09-12 05:45:35.963 [info] > git ls-files --stage -- /home/flugel/Repos/Nixos/modules/home-manager/Themes/Stylix.nix [1ms]
2024-09-12 06:19:36.320 [info] > git show --textconv :Nixos/nixos/configuration.nix [3ms]
2024-09-12 06:19:36.321 [info] > git ls-files --stage -- /home/flugel/Repos/Nixos/nixos/configuration.nix [1ms]
2024-09-12 06:19:36.323 [info] > git cat-file -s 3078f68f2988b4a1f49b0bb30f23d3f56baa9ca5 [0ms]
2024-09-12 06:24:09.680 [info] > git config --get commit.template [3ms]
2024-09-12 06:24:09.680 [info] > git for-each-ref --format=%(refname)%00%(upstream:short)%00%(objectname)%00%(upstream:track)%00%(upstream:remotename)%00%(upstream:remoteref) refs/heads/Rewrite refs/remotes/Rewrite [1ms]
2024-09-12 06:24:09.684 [info] > git status -z -uall [2ms]
2024-09-12 06:24:09.687 [info] > git for-each-ref --format=%(refname)%00%(upstream:short)%00%(objectname)%00%(upstream:track)%00%(upstream:remotename)%00%(upstream:remoteref) refs/heads/Rewrite refs/remotes/Rewrite [0ms]
2024-09-12 06:24:09.690 [info] > git config --local branch.Rewrite.vscode-merge-base [0ms]
2024-09-12 06:24:09.693 [info] > git for-each-ref --format=%(refname)%00%(upstream:short)%00%(objectname)%00%(upstream:track)%00%(upstream:remotename)%00%(upstream:remoteref) refs/heads/origin/main refs/remotes/origin/main [0ms]
2024-09-12 06:24:10.062 [info] > git show --textconv :Nixos/modules/home-manager/Home/Gaming.nix [3ms]
2024-09-12 06:24:10.062 [info] > git ls-files --stage -- /home/flugel/Repos/Nixos/modules/home-manager/Home/Gaming.nix [0ms]
2024-09-12 06:24:10.065 [info] > git cat-file -s 294a9521363f76a1e9933484a1bb70d7fab3ba2d [0ms]
2024-09-12 06:24:20.634 [info] > git show --textconv :Nixos/nixos/configuration.nix [3ms]
2024-09-12 06:24:20.635 [info] > git ls-files --stage -- /home/flugel/Repos/Nixos/nixos/configuration.nix [1ms]
2024-09-12 06:24:20.638 [info] > git cat-file -s 3078f68f2988b4a1f49b0bb30f23d3f56baa9ca5 [1ms]
2024-09-12 06:24:25.946 [info] > git show --textconv :Nixos/modules/home-manager/Themes/Stylix.nix [3ms]
2024-09-12 06:24:25.946 [info] > git ls-files --stage -- /home/flugel/Repos/Nixos/modules/home-manager/Themes/Stylix.nix [0ms]
2024-09-12 06:37:21.677 [info] > git config --get commit.template [3ms]
2024-09-12 06:37:21.677 [info] > git for-each-ref --format=%(refname)%00%(upstream:short)%00%(objectname)%00%(upstream:track)%00%(upstream:remotename)%00%(upstream:remoteref) refs/heads/Rewrite refs/remotes/Rewrite [1ms]
2024-09-12 06:37:21.681 [info] > git status -z -uall [1ms]
2024-09-12 06:37:21.684 [info] > git for-each-ref --format=%(refname)%00%(upstream:short)%00%(objectname)%00%(upstream:track)%00%(upstream:remotename)%00%(upstream:remoteref) refs/heads/Rewrite refs/remotes/Rewrite [1ms]
2024-09-12 06:37:21.687 [info] > git config --local branch.Rewrite.vscode-merge-base [0ms]
2024-09-12 06:37:21.690 [info] > git for-each-ref --format=%(refname)%00%(upstream:short)%00%(objectname)%00%(upstream:track)%00%(upstream:remotename)%00%(upstream:remoteref) refs/heads/origin/main refs/remotes/origin/main [0ms]
