2024-10-01 00:29:39.322 [info] [main] Log level: Info
2024-10-01 00:29:39.322 [info] [main] Validating found git in: "git"
2024-10-01 00:29:39.322 [info] [main] Using git "2.46.2" from "git"
2024-10-01 00:29:39.322 [info] [Model][doInitialScan] Initial repository scan started
2024-10-01 00:29:39.322 [info] > git rev-parse --show-toplevel [1ms]
2024-10-01 00:29:39.322 [info] > git rev-parse --git-dir --git-common-dir [12ms]
2024-10-01 00:29:39.322 [info] [Model][openRepository] Opened repository: /home/flugel/Repos
2024-10-01 00:29:39.322 [info] > git rev-parse --show-toplevel [1ms]
2024-10-01 00:29:39.322 [info] > git config --get commit.template [3ms]
2024-10-01 00:29:39.327 [info] > git rev-parse --show-toplevel [3ms]
2024-10-01 00:29:39.330 [info] > git for-each-ref --format=%(refname)%00%(upstream:short)%00%(objectname)%00%(upstream:track)%00%(upstream:remotename)%00%(upstream:remoteref) refs/heads/Rewrite refs/remotes/Rewrite [3ms]
2024-10-01 00:29:39.331 [info] > git rev-parse --show-toplevel [1ms]
2024-10-01 00:29:39.337 [info] > git rev-parse --show-toplevel [4ms]
2024-10-01 00:29:39.340 [info] > git rev-parse --show-toplevel [1ms]
2024-10-01 00:29:39.344 [info] > git rev-parse --show-toplevel [2ms]
2024-10-01 00:29:39.347 [info] > git rev-parse --show-toplevel [0ms]
2024-10-01 00:29:39.347 [info] [Model][doInitialScan] Initial repository scan completed - repositories (1), closed repositories (0), parent repositories (0), unsafe repositories (0)
2024-10-01 00:29:39.818 [info] > git check-ignore -v -z --stdin [1ms]
2024-10-01 00:29:40.050 [info] > git status -z -uall [714ms]
2024-10-01 00:29:40.059 [info] > git for-each-ref --format=%(refname)%00%(upstream:short)%00%(objectname)%00%(upstream:track)%00%(upstream:remotename)%00%(upstream:remoteref) refs/heads/Rewrite refs/remotes/Rewrite [5ms]
2024-10-01 00:29:40.063 [info] > git config --local branch.Rewrite.vscode-merge-base [1ms]
2024-10-01 00:29:40.065 [info] > git config --get commit.template [6ms]
2024-10-01 00:29:40.083 [info] > git for-each-ref --format=%(refname)%00%(upstream:short)%00%(objectname)%00%(upstream:track)%00%(upstream:remotename)%00%(upstream:remoteref) refs/heads/origin/main refs/remotes/origin/main [18ms]
2024-10-01 00:29:40.087 [info] > git merge-base refs/heads/Rewrite refs/remotes/origin/Rewrite [1ms]
2024-10-01 00:29:40.090 [info] > git for-each-ref --format=%(refname)%00%(upstream:short)%00%(objectname)%00%(upstream:track)%00%(upstream:remotename)%00%(upstream:remoteref) refs/heads/Rewrite refs/remotes/Rewrite [7ms]
2024-10-01 00:29:40.094 [info] > git rev-list --count --left-right refs/heads/Rewrite...refs/remotes/origin/Rewrite [4ms]
2024-10-01 00:29:40.097 [info] > git diff --name-status -z --diff-filter=ADMR 3a7c751178382351f3a178095de2d05b56a22d3e...refs/remotes/origin/Rewrite [1ms]
2024-10-01 00:29:40.707 [info] > git status -z -uall [614ms]
2024-10-01 00:29:40.712 [info] > git for-each-ref --format=%(refname)%00%(upstream:short)%00%(objectname)%00%(upstream:track)%00%(upstream:remotename)%00%(upstream:remoteref) refs/heads/Rewrite refs/remotes/Rewrite [1ms]
2024-10-01 00:29:40.715 [info] > git config --local branch.Rewrite.vscode-merge-base [0ms]
2024-10-01 00:29:40.718 [info] > git for-each-ref --format=%(refname)%00%(upstream:short)%00%(objectname)%00%(upstream:track)%00%(upstream:remotename)%00%(upstream:remoteref) refs/heads/origin/main refs/remotes/origin/main [0ms]
2024-10-01 00:29:58.450 [info] [main] Log level: Info
2024-10-01 00:29:58.450 [info] [main] Validating found git in: "git"
2024-10-01 00:29:58.450 [info] [main] Using git "2.46.2" from "git"
2024-10-01 00:29:58.450 [info] [Model][doInitialScan] Initial repository scan started
2024-10-01 00:29:58.450 [info] [Model][doInitialScan] Initial repository scan completed - repositories (0), closed repositories (0), parent repositories (0), unsafe repositories (0)
2024-10-01 00:30:38.009 [info] [main] Log level: Info
2024-10-01 00:30:38.009 [info] [main] Validating found git in: "git"
2024-10-01 00:30:38.009 [info] [main] Using git "2.46.2" from "git"
2024-10-01 00:30:38.009 [info] [Model][doInitialScan] Initial repository scan started
2024-10-01 00:30:38.009 [info] > git rev-parse --show-toplevel [1ms]
2024-10-01 00:30:38.014 [info] > git rev-parse --git-dir --git-common-dir [1ms]
2024-10-01 00:30:38.016 [info] [Model][openRepository] Opened repository: /home/flugel/nvf
2024-10-01 00:30:38.023 [info] > git config --get commit.template [4ms]
2024-10-01 00:30:38.026 [info] > git rev-parse --show-toplevel [4ms]
2024-10-01 00:30:38.028 [info] > git for-each-ref --format=%(refname)%00%(upstream:short)%00%(objectname)%00%(upstream:track)%00%(upstream:remotename)%00%(upstream:remoteref) refs/heads/main refs/remotes/main [3ms]
2024-10-01 00:30:38.034 [warning] [Git][revParse] Unable to read file: ENOENT: no such file or directory, open '/home/flugel/nvf/.git/refs/remotes/origin/main'
2024-10-01 00:30:38.034 [info] > git rev-parse --show-toplevel [6ms]
2024-10-01 00:30:38.038 [info] > git rev-parse refs/remotes/origin/main [4ms]
2024-10-01 00:30:38.041 [info] > git rev-parse --show-toplevel [3ms]
2024-10-01 00:30:38.044 [info] > git rev-parse --show-toplevel [1ms]
2024-10-01 00:30:38.046 [info] > git status -z -uall [6ms]
2024-10-01 00:30:38.053 [info] > git for-each-ref --format=%(refname)%00%(upstream:short)%00%(objectname)%00%(upstream:track)%00%(upstream:remotename)%00%(upstream:remoteref) refs/heads/main refs/remotes/main [4ms]
2024-10-01 00:30:38.056 [info] > git rev-parse --show-toplevel [10ms]
2024-10-01 00:30:38.059 [info] > git config --local branch.main.vscode-merge-base [3ms]
2024-10-01 00:30:38.059 [warning] [Git][config] git config failed: Failed to execute git
2024-10-01 00:30:38.061 [info] > git config --get commit.template [8ms]
2024-10-01 00:30:38.061 [info] > git rev-parse --show-toplevel [3ms]
2024-10-01 00:30:38.061 [info] [Model][doInitialScan] Initial repository scan completed - repositories (1), closed repositories (0), parent repositories (0), unsafe repositories (0)
2024-10-01 00:30:38.069 [info] > git reflog main --grep-reflog=branch: Created from *. [8ms]
2024-10-01 00:30:38.072 [info] > git symbolic-ref --short refs/remotes/origin/HEAD [1ms]
2024-10-01 00:30:38.074 [info] > git for-each-ref --format=%(refname)%00%(upstream:short)%00%(objectname)%00%(upstream:track)%00%(upstream:remotename)%00%(upstream:remoteref) refs/heads/main refs/remotes/main [6ms]
2024-10-01 00:30:38.076 [warning] [Git][revParse] Unable to read file: ENOENT: no such file or directory, open '/home/flugel/nvf/.git/refs/remotes/origin/main'
2024-10-01 00:30:38.077 [info] > git for-each-ref --format=%(refname)%00%(upstream:short)%00%(objectname)%00%(upstream:track)%00%(upstream:remotename)%00%(upstream:remoteref) refs/heads/origin/main refs/remotes/origin/main [3ms]
2024-10-01 00:30:38.079 [info] > git rev-parse refs/remotes/origin/main [3ms]
2024-10-01 00:30:38.082 [info] > git config --local branch.main.vscode-merge-base origin/main [3ms]
2024-10-01 00:30:38.085 [info] > git status -z -uall [4ms] (cancelled)
2024-10-01 00:30:38.087 [info] > git config --get commit.template [2ms]
2024-10-01 00:30:38.088 [info] > git for-each-ref --format=%(refname)%00%(upstream:short)%00%(objectname)%00%(upstream:track)%00%(upstream:remotename)%00%(upstream:remoteref) refs/heads/main refs/remotes/main [1ms]
2024-10-01 00:30:38.090 [warning] [Git][revParse] Unable to read file: ENOENT: no such file or directory, open '/home/flugel/nvf/.git/refs/remotes/origin/main'
2024-10-01 00:30:38.090 [info] > git rev-parse refs/remotes/origin/main [0ms]
2024-10-01 00:30:38.098 [info] > git status -z -uall [5ms]
2024-10-01 00:30:38.103 [info] > git for-each-ref --format=%(refname)%00%(upstream:short)%00%(objectname)%00%(upstream:track)%00%(upstream:remotename)%00%(upstream:remoteref) refs/heads/main refs/remotes/main [3ms]
2024-10-01 00:30:38.106 [info] > git merge-base refs/heads/main refs/remotes/origin/main [3ms]
2024-10-01 00:30:38.108 [info] > git config --local branch.main.vscode-merge-base [3ms]
2024-10-01 00:30:38.111 [info] > git rev-list --count --left-right refs/heads/main...refs/remotes/origin/main [3ms]
2024-10-01 00:30:38.113 [info] > git for-each-ref --format=%(refname)%00%(upstream:short)%00%(objectname)%00%(upstream:track)%00%(upstream:remotename)%00%(upstream:remoteref) refs/heads/origin/main refs/remotes/origin/main [3ms]
2024-10-01 00:30:38.114 [info] > git diff --name-status -z --diff-filter=ADMR 3cba3ca30c167d484dbf85f25685ed6cf4f87014...refs/remotes/origin/main [1ms]
2024-10-01 00:30:38.534 [info] > git check-ignore -v -z --stdin [2ms]
2024-10-01 00:30:39.163 [info] > git config --get commit.template [3ms]
2024-10-01 00:30:39.164 [info] > git for-each-ref --format=%(refname)%00%(upstream:short)%00%(objectname)%00%(upstream:track)%00%(upstream:remotename)%00%(upstream:remoteref) refs/heads/main refs/remotes/main [1ms]
2024-10-01 00:30:39.166 [warning] [Git][revParse] Unable to read file: ENOENT: no such file or directory, open '/home/flugel/nvf/.git/refs/remotes/origin/main'
2024-10-01 00:30:39.167 [info] > git rev-parse refs/remotes/origin/main [1ms]
2024-10-01 00:30:39.174 [info] > git status -z -uall [5ms]
2024-10-01 00:30:39.178 [info] > git for-each-ref --format=%(refname)%00%(upstream:short)%00%(objectname)%00%(upstream:track)%00%(upstream:remotename)%00%(upstream:remoteref) refs/heads/main refs/remotes/main [1ms]
2024-10-01 00:30:39.181 [info] > git config --local branch.main.vscode-merge-base [1ms]
2024-10-01 00:30:39.184 [info] > git for-each-ref --format=%(refname)%00%(upstream:short)%00%(objectname)%00%(upstream:track)%00%(upstream:remotename)%00%(upstream:remoteref) refs/heads/origin/main refs/remotes/origin/main [1ms]
2024-10-01 00:30:48.228 [info] > git log --format=%H%n%aN%n%aE%n%at%n%ct%n%P%n%D%n%B -z --shortstat --diff-merges=first-parent -n50 --skip=0 --topo-order --decorate=full 3cba3ca30c167d484dbf85f25685ed6cf4f87014 [21ms]
2024-10-01 00:30:48.276 [info] > git log --format=%H%n%aN%n%aE%n%at%n%ct%n%P%n%D%n%B -z --shortstat --diff-merges=first-parent -n50 --skip=0 --topo-order --decorate=full 3cba3ca30c167d484dbf85f25685ed6cf4f87014 [20ms]
2024-10-01 00:31:28.091 [info] > git log --format=%H%n%aN%n%aE%n%at%n%ct%n%P%n%D%n%B -z --shortstat --diff-merges=first-parent -n50 --skip=0 --topo-order --decorate=full 3cba3ca30c167d484dbf85f25685ed6cf4f87014 [20ms]
2024-10-01 00:31:28.122 [info] > git log --format=%H%n%aN%n%aE%n%at%n%ct%n%P%n%D%n%B -z --shortstat --diff-merges=first-parent -n50 --skip=0 --topo-order --decorate=full 3cba3ca30c167d484dbf85f25685ed6cf4f87014 [20ms]
2024-10-01 00:31:32.432 [info] > git for-each-ref --sort -committerdate --format %(refname) %(objectname) %(*objectname) [2ms]
2024-10-01 00:31:56.480 [info] > git checkout -q -b Readme-fix --no-track HEAD [6ms]
2024-10-01 00:31:56.485 [info] > git config --get commit.template [3ms]
2024-10-01 00:31:56.486 [info] > git for-each-ref --format=%(refname)%00%(upstream:short)%00%(objectname)%00%(upstream:track)%00%(upstream:remotename)%00%(upstream:remoteref) refs/heads/Readme-fix refs/remotes/Readme-fix [1ms]
2024-10-01 00:31:56.490 [info] > git status -z -uall [2ms]
2024-10-01 00:31:56.494 [info] > git for-each-ref --format=%(refname)%00%(upstream:short)%00%(objectname)%00%(upstream:track)%00%(upstream:remotename)%00%(upstream:remoteref) refs/heads/Readme-fix refs/remotes/Readme-fix [1ms]
2024-10-01 00:31:56.497 [info] > git config --local branch.Readme-fix.vscode-merge-base [1ms]
2024-10-01 00:31:56.497 [warning] [Git][config] git config failed: Failed to execute git
2024-10-01 00:31:56.501 [info] > git reflog Readme-fix --grep-reflog=branch: Created from *. [2ms]
2024-10-01 00:31:56.505 [info] > git reflog HEAD --grep-reflog=checkout: moving from .* to Readme-fix [2ms]
2024-10-01 00:31:56.508 [info] > git for-each-ref --format=%(refname)%00%(upstream:short)%00%(objectname)%00%(upstream:track)%00%(upstream:remotename)%00%(upstream:remoteref) refs/heads/main refs/remotes/main [1ms]
2024-10-01 00:31:56.512 [info] > git for-each-ref --format=%(refname)%00%(upstream:short)%00%(objectname)%00%(upstream:track)%00%(upstream:remotename)%00%(upstream:remoteref) refs/remotes/origin/main [1ms]
2024-10-01 00:31:56.515 [info] > git config --local branch.Readme-fix.vscode-merge-base origin/main [1ms]
2024-10-01 00:31:56.520 [info] > git config --get commit.template [2ms]
2024-10-01 00:31:56.521 [info] > git for-each-ref --format=%(refname)%00%(upstream:short)%00%(objectname)%00%(upstream:track)%00%(upstream:remotename)%00%(upstream:remoteref) refs/heads/Readme-fix refs/remotes/Readme-fix [1ms]
2024-10-01 00:31:56.525 [info] > git status -z -uall [2ms]
2024-10-01 00:31:56.529 [info] > git for-each-ref --format=%(refname)%00%(upstream:short)%00%(objectname)%00%(upstream:track)%00%(upstream:remotename)%00%(upstream:remoteref) refs/heads/Readme-fix refs/remotes/Readme-fix [1ms]
2024-10-01 00:31:56.534 [info] > git config --local branch.Readme-fix.vscode-merge-base [3ms]
2024-10-01 00:31:56.537 [info] > git for-each-ref --format=%(refname)%00%(upstream:short)%00%(objectname)%00%(upstream:track)%00%(upstream:remotename)%00%(upstream:remoteref) refs/heads/origin/main refs/remotes/origin/main [0ms]
2024-10-01 00:31:56.554 [info] > git log --format=%H%n%aN%n%aE%n%at%n%ct%n%P%n%D%n%B -z --shortstat --diff-merges=first-parent -n50 --skip=0 --topo-order --decorate=full 3cba3ca30c167d484dbf85f25685ed6cf4f87014 [20ms]
2024-10-01 00:31:57.648 [info] > git config --get commit.template [3ms]
2024-10-01 00:31:57.649 [info] > git for-each-ref --format=%(refname)%00%(upstream:short)%00%(objectname)%00%(upstream:track)%00%(upstream:remotename)%00%(upstream:remoteref) refs/heads/Readme-fix refs/remotes/Readme-fix [1ms]
2024-10-01 00:31:57.653 [info] > git status -z -uall [2ms]
2024-10-01 00:31:57.656 [info] > git for-each-ref --format=%(refname)%00%(upstream:short)%00%(objectname)%00%(upstream:track)%00%(upstream:remotename)%00%(upstream:remoteref) refs/heads/Readme-fix refs/remotes/Readme-fix [0ms]
2024-10-01 00:31:57.659 [info] > git config --local branch.Readme-fix.vscode-merge-base [0ms]
2024-10-01 00:31:57.662 [info] > git for-each-ref --format=%(refname)%00%(upstream:short)%00%(objectname)%00%(upstream:track)%00%(upstream:remotename)%00%(upstream:remoteref) refs/heads/origin/main refs/remotes/origin/main [0ms]
